#
# There is insufficient memory for the Java Runtime Environment to continue.
# Native memory allocation (malloc) failed to allocate 401296 bytes for Chunk::new
# Possible reasons:
#   The system is out of physical RAM or swap space
#   The process is running with CompressedOops enabled, and the Java Heap may be blocking the growth of the native heap
# Possible solutions:
#   Reduce memory load on the system
#   Increase physical memory or swap space
#   Check if swap backing store is full
#   Decrease Java heap size (-Xmx/-Xms)
#   Decrease number of Java threads
#   Decrease Java thread stack sizes (-Xss)
#   Set larger code cache with -XX:ReservedCodeCacheSize=
#   JVM is running with Unscaled Compressed Oops mode in which the Java heap is
#     placed in the first 4GB address space. The Java Heap base address is the
#     maximum limit for the native heap growth. Please use -XX:HeapBaseMinAddress
#     to set the Java Heap base and to place the Java Heap above 4GB virtual address.
# This output file may be truncated or incomplete.
#
#  Out of Memory Error (arena.cpp:168), pid=26612, tid=19328
#
# JRE version: Java(TM) SE Runtime Environment (21.0.6+8) (build 21.0.6+8-LTS-188)
# Java VM: Java HotSpot(TM) 64-Bit Server VM (21.0.6+8-LTS-188, mixed mode, sharing, tiered, compressed oops, compressed class ptrs, g1 gc, windows-amd64)
# No core dump will be written. Minidumps are not enabled by default on client versions of Windows
#

---------------  S U M M A R Y ------------

Command Line: --add-opens=java.base/java.lang=ALL-UNNAMED --add-opens=java.base/java.lang.invoke=ALL-UNNAMED --add-opens=java.base/java.util=ALL-UNNAMED --add-opens=java.prefs/java.util.prefs=ALL-UNNAMED --add-exports=jdk.compiler/com.sun.tools.javac.api=ALL-UNNAMED --add-exports=jdk.compiler/com.sun.tools.javac.util=ALL-UNNAMED --add-opens=java.base/java.util=ALL-UNNAMED --add-opens=java.prefs/java.util.prefs=ALL-UNNAMED --add-opens=java.base/java.nio.charset=ALL-UNNAMED --add-opens=java.base/java.net=ALL-UNNAMED --add-opens=java.base/java.util.concurrent.atomic=ALL-UNNAMED --add-opens=java.xml/javax.xml.namespace=ALL-UNNAMED -XX:MaxMetaspaceSize=384m -XX:+HeapDumpOnOutOfMemoryError -Xms256m -Xmx512m -Dfile.encoding=UTF-8 -Duser.country=KR -Duser.language=ko -Duser.variant -javaagent:C:\Users\alsrb\.gradle\wrapper\dists\gradle-8.13-bin\5xuhj0ry160q40clulazy9h7d\gradle-8.13\lib\agents\gradle-instrumentation-agent-8.13.jar org.gradle.launcher.daemon.bootstrap.GradleDaemon 8.13

Host: Intel(R) Core(TM) i5-8250U CPU @ 1.60GHz, 8 cores, 7G,  Windows 11 , 64 bit Build 22621 (10.0.22621.5124)
Time: Tue May  6 14:26:26 2025  Windows 11 , 64 bit Build 22621 (10.0.22621.5124) elapsed time: 209.807891 seconds (0d 0h 3m 29s)

---------------  T H R E A D  ---------------

Current thread (0x000001747b4c3150):  JavaThread "C2 CompilerThread0" daemon [_thread_in_native, id=19328, stack(0x00000072d7e00000,0x00000072d7f00000) (1024K)]


Current CompileTask:
C2: 209808 14000       4       org.gradle.internal.logging.sink.OutputEventTransformer::onOutput (369 bytes)

Stack: [0x00000072d7e00000,0x00000072d7f00000]
Native frames: (J=compiled Java code, j=interpreted, Vv=VM code, C=native code)
V  [jvm.dll+0x6ca6d9]
V  [jvm.dll+0x854f51]
V  [jvm.dll+0x85747e]
V  [jvm.dll+0x857b53]
V  [jvm.dll+0x27dcc6]
V  [jvm.dll+0xc4c2d]
V  [jvm.dll+0xc5163]
V  [jvm.dll+0x3b5122]
V  [jvm.dll+0x1df829]
V  [jvm.dll+0x246a72]
V  [jvm.dll+0x245eff]
V  [jvm.dll+0x1c6d2e]
V  [jvm.dll+0x2554f9]
V  [jvm.dll+0x253a8a]
V  [jvm.dll+0x3ee576]
V  [jvm.dll+0x7ff2fb]
V  [jvm.dll+0x6c8dbd]
C  [ucrtbase.dll+0x29333]
C  [KERNEL32.DLL+0x1259d]
C  [ntdll.dll+0x5af38]


---------------  P R O C E S S  ---------------

Threads class SMR info:
_java_thread_list=0x00000174375675e0, length=71, elements={
0x0000017477c4d9c0, 0x000001747b4b5230, 0x000001747b4b6090, 0x000001747b4bc510,
0x000001747b4c02e0, 0x000001747b4c0e60, 0x000001747b4c18b0, 0x000001747b4c3150,
0x000001747b4c5460, 0x000001741757e400, 0x0000017417674110, 0x0000017431ca63b0,
0x00000174322b1ba0, 0x00000174322b0e80, 0x00000174322b1510, 0x00000174322b28c0,
0x00000174328986a0, 0x000001743289dbf0, 0x000001743289e280, 0x000001743289ae00,
0x0000017432899a50, 0x000001743289a770, 0x000001743289b490, 0x0000017432898d30,
0x000001743289c840, 0x0000017432898010, 0x000001743289f630, 0x0000017435749cb0,
0x000001743574d130, 0x0000017435a53200, 0x0000017435a53f20, 0x0000017435a545b0,
0x0000017435a51130, 0x0000017435a4f060, 0x0000017435a55960, 0x0000017435a50aa0,
0x0000017435a56680, 0x0000017436203290, 0x00000174362004a0, 0x0000017436dbdbc0,
0x0000017436dc23f0, 0x0000017437fd7020, 0x0000017436dbd530, 0x0000017435b6c790,
0x0000017435b6ad50, 0x0000017435b6e1d0, 0x0000017435b6e860, 0x0000017435b6a6c0,
0x0000017435b6f580, 0x0000017435b6d4b0, 0x0000017435b6eef0, 0x0000017435b6db40,
0x0000017435b6b3e0, 0x0000017435b6fc10, 0x0000017435b702a0, 0x0000017435b70930,
0x0000017435b70fc0, 0x0000017435b71650, 0x0000017435b6ba70, 0x0000017435b6c100,
0x0000017435b6ce20, 0x00000174361ffe10, 0x0000017436200b30, 0x00000174361fdd40,
0x00000174361fbc70, 0x00000174361ff780, 0x00000174361fea60, 0x00000174361fe3d0,
0x00000174361ff0f0, 0x0000017436202c00, 0x0000017433eda980
}
_to_delete_list=0x0000017437567610
Skipping _to_delete_list fields and contents for safety.

Java Threads: ( => current thread )
  0x0000017477c4d9c0 JavaThread "main"                              [_thread_blocked, id=24896, stack(0x00000072d7000000,0x00000072d7100000) (1024K)]
  0x000001747b4b5230 JavaThread "Reference Handler"          daemon [_thread_blocked, id=15904, stack(0x00000072d7800000,0x00000072d7900000) (1024K)]
  0x000001747b4b6090 JavaThread "Finalizer"                  daemon [_thread_blocked, id=27724, stack(0x00000072d7900000,0x00000072d7a00000) (1024K)]
  0x000001747b4bc510 JavaThread "Signal Dispatcher"          daemon [_thread_blocked, id=4900, stack(0x00000072d7a00000,0x00000072d7b00000) (1024K)]
  0x000001747b4c02e0 JavaThread "Attach Listener"            daemon [_thread_blocked, id=20164, stack(0x00000072d7b00000,0x00000072d7c00000) (1024K)]
  0x000001747b4c0e60 JavaThread "Service Thread"             daemon [_thread_blocked, id=1248, stack(0x00000072d7c00000,0x00000072d7d00000) (1024K)]
  0x000001747b4c18b0 JavaThread "Monitor Deflation Thread"   daemon [_thread_blocked, id=25068, stack(0x00000072d7d00000,0x00000072d7e00000) (1024K)]
=>0x000001747b4c3150 JavaThread "C2 CompilerThread0"         daemon [_thread_in_native, id=19328, stack(0x00000072d7e00000,0x00000072d7f00000) (1024K)]
  0x000001747b4c5460 JavaThread "C1 CompilerThread0"         daemon [_thread_blocked, id=3696, stack(0x00000072d7f00000,0x00000072d8000000) (1024K)]
  0x000001741757e400 JavaThread "Common-Cleaner"             daemon [_thread_blocked, id=13364, stack(0x00000072d8000000,0x00000072d8100000) (1024K)]
  0x0000017417674110 JavaThread "Notification Thread"        daemon [_thread_blocked, id=22144, stack(0x00000072d8100000,0x00000072d8200000) (1024K)]
  0x0000017431ca63b0 JavaThread "Daemon health stats"               [_thread_blocked, id=15672, stack(0x00000072d8200000,0x00000072d8300000) (1024K)]
  0x00000174322b1ba0 JavaThread "Incoming local TCP Connector on port 6486"        [_thread_in_native, id=20364, stack(0x00000072d8800000,0x00000072d8900000) (1024K)]
  0x00000174322b0e80 JavaThread "Daemon periodic checks"            [_thread_blocked, id=8652, stack(0x00000072d8900000,0x00000072d8a00000) (1024K)]
  0x00000174322b1510 JavaThread "Daemon"                            [_thread_blocked, id=4688, stack(0x00000072d8a00000,0x00000072d8b00000) (1024K)]
  0x00000174322b28c0 JavaThread "Daemon worker"                     [_thread_blocked, id=6068, stack(0x00000072d8d00000,0x00000072d8e00000) (1024K)]
  0x00000174328986a0 JavaThread "Cache worker for journal cache (C:\Users\alsrb\.gradle\caches\journal-1)"        [_thread_blocked, id=18336, stack(0x00000072d9100000,0x00000072d9200000) (1024K)]
  0x000001743289dbf0 JavaThread "File lock request listener"        [_thread_in_native, id=28096, stack(0x00000072d9200000,0x00000072d9300000) (1024K)]
  0x000001743289e280 JavaThread "Cache worker for file hash cache (C:\Users\alsrb\.gradle\caches\8.13\fileHashes)"        [_thread_blocked, id=25720, stack(0x00000072d9300000,0x00000072d9400000) (1024K)]
  0x000001743289ae00 JavaThread "File watcher server"        daemon [_thread_in_native, id=5332, stack(0x00000072d9400000,0x00000072d9500000) (1024K)]
  0x0000017432899a50 JavaThread "File watcher consumer"      daemon [_thread_blocked, id=14068, stack(0x00000072d9a00000,0x00000072d9b00000) (1024K)]
  0x000001743289a770 JavaThread "jar transforms"                    [_thread_blocked, id=21628, stack(0x00000072d9c00000,0x00000072d9d00000) (1024K)]
  0x000001743289b490 JavaThread "jar transforms Thread 2"           [_thread_blocked, id=12964, stack(0x00000072d9d00000,0x00000072d9e00000) (1024K)]
  0x0000017432898d30 JavaThread "Cache worker for file content cache (C:\Users\alsrb\.gradle\caches\8.13\fileContent)"        [_thread_blocked, id=29592, stack(0x00000072d9f00000,0x00000072da000000) (1024K)]
  0x000001743289c840 JavaThread "jar transforms Thread 3"           [_thread_blocked, id=20992, stack(0x00000072da000000,0x00000072da100000) (1024K)]
  0x0000017432898010 JavaThread "jar transforms Thread 4"           [_thread_blocked, id=21324, stack(0x00000072da400000,0x00000072da500000) (1024K)]
  0x000001743289f630 JavaThread "jar transforms Thread 5"           [_thread_blocked, id=20128, stack(0x00000072da500000,0x00000072da600000) (1024K)]
  0x0000017435749cb0 JavaThread "jar transforms Thread 6"           [_thread_blocked, id=15044, stack(0x00000072da600000,0x00000072da700000) (1024K)]
  0x000001743574d130 JavaThread "jar transforms Thread 7"           [_thread_blocked, id=4392, stack(0x00000072da700000,0x00000072da800000) (1024K)]
  0x0000017435a53200 JavaThread "Memory manager"                    [_thread_blocked, id=20804, stack(0x00000072dbd00000,0x00000072dbe00000) (1024K)]
  0x0000017435a53f20 JavaThread "jar transforms Thread 8"           [_thread_blocked, id=27900, stack(0x00000072dbf00000,0x00000072dc000000) (1024K)]
  0x0000017435a545b0 JavaThread "ForkJoinPool.commonPool-worker-2" daemon [_thread_blocked, id=25712, stack(0x00000072dc200000,0x00000072dc300000) (1024K)]
  0x0000017435a51130 JavaThread "ForkJoinPool.commonPool-worker-3" daemon [_thread_blocked, id=29120, stack(0x00000072dc300000,0x00000072dc400000) (1024K)]
  0x0000017435a4f060 JavaThread "ForkJoinPool.commonPool-worker-4" daemon [_thread_blocked, id=12888, stack(0x00000072dc400000,0x00000072dc500000) (1024K)]
  0x0000017435a55960 JavaThread "ForkJoinPool.commonPool-worker-5" daemon [_thread_blocked, id=15192, stack(0x00000072dc500000,0x00000072dc600000) (1024K)]
  0x0000017435a50aa0 JavaThread "ForkJoinPool.commonPool-worker-6" daemon [_thread_blocked, id=21612, stack(0x00000072dc600000,0x00000072dc700000) (1024K)]
  0x0000017435a56680 JavaThread "ForkJoinPool.commonPool-worker-7" daemon [_thread_blocked, id=11060, stack(0x00000072dc700000,0x00000072dc800000) (1024K)]
  0x0000017436203290 JavaThread "Cache worker for Java compile cache (C:\Users\alsrb\.gradle\caches\8.13\javaCompile)"        [_thread_blocked, id=20672, stack(0x00000072e0d00000,0x00000072e0e00000) (1024K)]
  0x00000174362004a0 JavaThread "Exec process"                      [_thread_blocked, id=26912, stack(0x00000072e1600000,0x00000072e1700000) (1024K)]
  0x0000017436dbdbc0 JavaThread "Exec process Thread 2"             [_thread_blocked, id=15104, stack(0x00000072e1800000,0x00000072e1900000) (1024K)]
  0x0000017436dc23f0 JavaThread "Exec process Thread 4"             [_thread_blocked, id=26572, stack(0x00000072e1a00000,0x00000072e1b00000) (1024K)]
  0x0000017437fd7020 JavaThread "File lock release action executor"        [_thread_blocked, id=9164, stack(0x00000072d6d00000,0x00000072d6e00000) (1024K)]
  0x0000017436dbd530 JavaThread "included builds"                   [_thread_blocked, id=9412, stack(0x00000072dfe00000,0x00000072dff00000) (1024K)]
  0x0000017435b6c790 JavaThread "VFS cleanup Thread 2"              [_thread_blocked, id=22600, stack(0x00000072d8b00000,0x00000072d8c00000) (1024K)]
  0x0000017435b6ad50 JavaThread "Handler for socket connection from /127.0.0.1:6486 to /127.0.0.1:6992"        [_thread_in_native, id=20328, stack(0x00000072d6e00000,0x00000072d6f00000) (1024K)]
  0x0000017435b6e1d0 JavaThread "Cancel handler"                    [_thread_blocked, id=21136, stack(0x00000072d6f00000,0x00000072d7000000) (1024K)]
  0x0000017435b6e860 JavaThread "Asynchronous log dispatcher for DefaultDaemonConnection: socket connection from /127.0.0.1:6486 to /127.0.0.1:6992"        [_thread_blocked, id=6808, stack(0x00000072d8c00000,0x00000072d8d00000) (1024K)]
  0x0000017435b6a6c0 JavaThread "Stdin handler"                     [_thread_blocked, id=29416, stack(0x00000072d8e00000,0x00000072d8f00000) (1024K)]
  0x0000017435b6f580 JavaThread "Daemon client event forwarder"        [_thread_blocked, id=25064, stack(0x00000072d8f00000,0x00000072d9000000) (1024K)]
  0x0000017435b6d4b0 JavaThread "Cache worker for file hash cache (C:\Users\alsrb\OneDrive\바탕 화면\한국외대\다니니\.gradle\8.13\fileHashes)"        [_thread_blocked, id=3220, stack(0x00000072d9000000,0x00000072d9100000) (1024K)]
  0x0000017435b6eef0 JavaThread "Cache worker for Build Output Cleanup Cache (C:\Users\alsrb\OneDrive\바탕 화면\한국외대\다니니\.gradle\buildOutputCleanup)"        [_thread_blocked, id=18984, stack(0x00000072d9800000,0x00000072d9900000) (1024K)]
  0x0000017435b6db40 JavaThread "Cache worker for checksums cache (C:\Users\alsrb\OneDrive\바탕 화면\한국외대\다니니\.gradle\8.13\checksums)"        [_thread_blocked, id=12584, stack(0x00000072d9900000,0x00000072d9a00000) (1024K)]
  0x0000017435b6b3e0 JavaThread "Cache worker for cache directory md-supplier (C:\Users\alsrb\.gradle\caches\8.13\md-supplier)"        [_thread_blocked, id=28940, stack(0x00000072d9b00000,0x00000072d9c00000) (1024K)]
  0x0000017435b6fc10 JavaThread "Cache worker for cache directory md-rule (C:\Users\alsrb\.gradle\caches\8.13\md-rule)"        [_thread_blocked, id=29236, stack(0x00000072d9e00000,0x00000072d9f00000) (1024K)]
  0x0000017435b702a0 JavaThread "Unconstrained build operations"        [_thread_blocked, id=28628, stack(0x00000072da100000,0x00000072da200000) (1024K)]
  0x0000017435b70930 JavaThread "File lock release action executor Thread 2"        [_thread_blocked, id=21736, stack(0x00000072da300000,0x00000072da400000) (1024K)]
  0x0000017435b70fc0 JavaThread "Unconstrained build operations Thread 2"        [_thread_blocked, id=10852, stack(0x00000072da200000,0x00000072da300000) (1024K)]
  0x0000017435b71650 JavaThread "Unconstrained build operations Thread 3"        [_thread_blocked, id=16724, stack(0x00000072da800000,0x00000072da900000) (1024K)]
  0x0000017435b6ba70 JavaThread "Unconstrained build operations Thread 4"        [_thread_blocked, id=29572, stack(0x00000072da900000,0x00000072daa00000) (1024K)]
  0x0000017435b6c100 JavaThread "Unconstrained build operations Thread 5"        [_thread_blocked, id=26832, stack(0x00000072daa00000,0x00000072dab00000) (1024K)]
  0x0000017435b6ce20 JavaThread "Unconstrained build operations Thread 6"        [_thread_blocked, id=17268, stack(0x00000072dab00000,0x00000072dac00000) (1024K)]
  0x00000174361ffe10 JavaThread "Unconstrained build operations Thread 7"        [_thread_blocked, id=23144, stack(0x00000072dac00000,0x00000072dad00000) (1024K)]
  0x0000017436200b30 JavaThread "Unconstrained build operations Thread 8"        [_thread_blocked, id=12880, stack(0x00000072dad00000,0x00000072dae00000) (1024K)]
  0x00000174361fdd40 JavaThread "Unconstrained build operations Thread 9"        [_thread_blocked, id=16004, stack(0x00000072dae00000,0x00000072daf00000) (1024K)]
  0x00000174361fbc70 JavaThread "Unconstrained build operations Thread 10"        [_thread_new, id=21208, stack(0x0000000000000000,0x0000000000000000) (0B)]
  0x00000174361ff780 JavaThread "Unconstrained build operations Thread 11"        [_thread_blocked, id=24364, stack(0x00000072db000000,0x00000072db100000) (1024K)]
  0x00000174361fea60 JavaThread "Unconstrained build operations Thread 12"        [_thread_blocked, id=4808, stack(0x00000072db100000,0x00000072db200000) (1024K)]
  0x00000174361fe3d0 JavaThread "Unconstrained build operations Thread 13"        [_thread_new, id=27904, stack(0x0000000000000000,0x0000000000000000) (0B)]
  0x00000174361ff0f0 JavaThread "Unconstrained build operations Thread 14"        [_thread_new, id=3096, stack(0x0000000000000000,0x0000000000000000) (0B)]
  0x0000017436202c00 JavaThread "Unconstrained build operations Thread 15"        [_thread_blocked, id=27928, stack(0x00000072db400000,0x00000072db500000) (1024K)]
  0x0000017433eda980 JavaThread "C2 CompilerThread1"         daemon [_thread_blocked, id=11536, stack(0x00000072db500000,0x00000072db600000) (1024K)]
Total: 71

Other Threads:
  0x000001747b49dcd0 VMThread "VM Thread"                           [id=29388, stack(0x00000072d7700000,0x00000072d7800000) (1024K)] _threads_hazard_ptr=0x00000174375675e0
  0x000001747b4898f0 WatcherThread "VM Periodic Task Thread"        [id=17312, stack(0x00000072d7600000,0x00000072d7700000) (1024K)]
  0x0000017477c780e0 WorkerThread "GC Thread#0"                     [id=19964, stack(0x00000072d7100000,0x00000072d7200000) (1024K)]
  0x00000174312c3f30 WorkerThread "GC Thread#1"                     [id=9168, stack(0x00000072d8300000,0x00000072d8400000) (1024K)]
  0x00000174310a04a0 WorkerThread "GC Thread#2"                     [id=15868, stack(0x00000072d8400000,0x00000072d8500000) (1024K)]
  0x00000174313c1160 WorkerThread "GC Thread#3"                     [id=19932, stack(0x00000072d8500000,0x00000072d8600000) (1024K)]
  0x00000174313189b0 WorkerThread "GC Thread#4"                     [id=16964, stack(0x00000072d8600000,0x00000072d8700000) (1024K)]
  0x0000017431318d50 WorkerThread "GC Thread#5"                     [id=21292, stack(0x00000072d8700000,0x00000072d8800000) (1024K)]
  0x00000174346bd380 WorkerThread "GC Thread#6"                     [id=26136, stack(0x00000072d9500000,0x00000072d9600000) (1024K)]
  0x00000174346be200 WorkerThread "GC Thread#7"                     [id=19264, stack(0x00000072d9600000,0x00000072d9700000) (1024K)]
  0x0000017477c7d0c0 ConcurrentGCThread "G1 Main Marker"            [id=13036, stack(0x00000072d7200000,0x00000072d7300000) (1024K)]
  0x0000017477c7df20 WorkerThread "G1 Conc#0"                       [id=18160, stack(0x00000072d7300000,0x00000072d7400000) (1024K)]
  0x00000174346bde60 WorkerThread "G1 Conc#1"                       [id=15176, stack(0x00000072d9700000,0x00000072d9800000) (1024K)]
  0x000001747b35c9a0 ConcurrentGCThread "G1 Refine#0"               [id=5472, stack(0x00000072d7400000,0x00000072d7500000) (1024K)]
  0x000001747b35d6c0 ConcurrentGCThread "G1 Service"                [id=19212, stack(0x00000072d7500000,0x00000072d7600000) (1024K)]
Total: 15

Threads with active compile tasks:
C2 CompilerThread0   209894 14000       4       org.gradle.internal.logging.sink.OutputEventTransformer::onOutput (369 bytes)
Total: 1

VM state: synchronizing (normal execution)

VM Mutex/Monitor currently owned by a thread:  ([mutex/lock_event])
[0x00007ffa447fde98] Threads_lock - owner thread: 0x000001747b49dcd0

Heap address: 0x00000000e0000000, size: 512 MB, Compressed Oops mode: 32-bit

CDS archive(s) mapped at: [0x0000017418000000-0x0000017418c90000-0x0000017418c90000), size 13172736, SharedBaseAddress: 0x0000017418000000, ArchiveRelocationMode: 1.
Compressed class space mapped at: 0x0000017419000000-0x000001742d000000, reserved size: 335544320
Narrow klass base: 0x0000017418000000, Narrow klass shift: 0, Narrow klass range: 0x100000000

GC Precious Log:
 CardTable entry size: 512
 Card Set container configuration: InlinePtr #cards 5 size 8 Array Of Cards #cards 12 size 40 Howl #buckets 4 coarsen threshold 1843 Howl Bitmap #cards 512 size 80 coarsen threshold 460 Card regions per heap region 1 cards per card region 2048
 CPUs: 8 total, 8 available
 Memory: 8096M
 Large Page Support: Disabled
 NUMA Support: Disabled
 Compressed Oops: Enabled (32-bit)
 Heap Region Size: 1M
 Heap Min Capacity: 256M
 Heap Initial Capacity: 256M
 Heap Max Capacity: 512M
 Pre-touch: Disabled
 Parallel Workers: 8
 Concurrent Workers: 2
 Concurrent Refinement Workers: 8
 Periodic GC: Disabled

Heap:
 garbage-first heap   total 262144K, used 111141K [0x00000000e0000000, 0x0000000100000000)
  region size 1024K, 43 young (44032K), 6 survivors (6144K)
 Metaspace       used 68844K, committed 71104K, reserved 393216K
  class space    used 9502K, committed 10688K, reserved 327680K

Heap Regions: E=young(eden), S=young(survivor), O=old, HS=humongous(starts), HC=humongous(continues), CS=collection set, F=free, TAMS=top-at-mark-start, PB=parsable bottom
|   0|0x00000000e0000000, 0x00000000e0100000, 0x00000000e0100000|100%|HS|  |TAMS 0x00000000e0000000| PB 0x00000000e0000000| Complete 
|   1|0x00000000e0100000, 0x00000000e0200000, 0x00000000e0200000|100%|HC|  |TAMS 0x00000000e0100000| PB 0x00000000e0100000| Complete 
|   2|0x00000000e0200000, 0x00000000e0300000, 0x00000000e0300000|100%|HC|  |TAMS 0x00000000e0200000| PB 0x00000000e0200000| Complete 
|   3|0x00000000e0300000, 0x00000000e0400000, 0x00000000e0400000|100%| O|  |TAMS 0x00000000e0300000| PB 0x00000000e0300000| Untracked 
|   4|0x00000000e0400000, 0x00000000e0500000, 0x00000000e0500000|100%| O|  |TAMS 0x00000000e0400000| PB 0x00000000e0400000| Untracked 
|   5|0x00000000e0500000, 0x00000000e0600000, 0x00000000e0600000|100%| O|  |TAMS 0x00000000e0500000| PB 0x00000000e0500000| Untracked 
|   6|0x00000000e0600000, 0x00000000e0700000, 0x00000000e0700000|100%|HS|  |TAMS 0x00000000e0600000| PB 0x00000000e0600000| Complete 
|   7|0x00000000e0700000, 0x00000000e0800000, 0x00000000e0800000|100%| O|  |TAMS 0x00000000e0700000| PB 0x00000000e0700000| Untracked 
|   8|0x00000000e0800000, 0x00000000e0900000, 0x00000000e0900000|100%| O|  |TAMS 0x00000000e0800000| PB 0x00000000e0800000| Untracked 
|   9|0x00000000e0900000, 0x00000000e0a00000, 0x00000000e0a00000|100%| O|  |TAMS 0x00000000e0900000| PB 0x00000000e0900000| Untracked 
|  10|0x00000000e0a00000, 0x00000000e0b00000, 0x00000000e0b00000|100%| O|  |TAMS 0x00000000e0a00000| PB 0x00000000e0a00000| Untracked 
|  11|0x00000000e0b00000, 0x00000000e0c00000, 0x00000000e0c00000|100%| O|  |TAMS 0x00000000e0b00000| PB 0x00000000e0b00000| Untracked 
|  12|0x00000000e0c00000, 0x00000000e0d00000, 0x00000000e0d00000|100%| O|  |TAMS 0x00000000e0c00000| PB 0x00000000e0c00000| Untracked 
|  13|0x00000000e0d00000, 0x00000000e0e00000, 0x00000000e0e00000|100%| O|  |TAMS 0x00000000e0d00000| PB 0x00000000e0d00000| Untracked 
|  14|0x00000000e0e00000, 0x00000000e0f00000, 0x00000000e0f00000|100%| O|  |TAMS 0x00000000e0e00000| PB 0x00000000e0e00000| Untracked 
|  15|0x00000000e0f00000, 0x00000000e1000000, 0x00000000e1000000|100%| O|  |TAMS 0x00000000e0f00000| PB 0x00000000e0f00000| Untracked 
|  16|0x00000000e1000000, 0x00000000e1100000, 0x00000000e1100000|100%| O|  |TAMS 0x00000000e1000000| PB 0x00000000e1000000| Untracked 
|  17|0x00000000e1100000, 0x00000000e1200000, 0x00000000e1200000|100%| O|  |TAMS 0x00000000e1100000| PB 0x00000000e1100000| Untracked 
|  18|0x00000000e1200000, 0x00000000e1300000, 0x00000000e1300000|100%| O|  |TAMS 0x00000000e1200000| PB 0x00000000e1200000| Untracked 
|  19|0x00000000e1300000, 0x00000000e1400000, 0x00000000e1400000|100%| O|  |TAMS 0x00000000e1300000| PB 0x00000000e1300000| Untracked 
|  20|0x00000000e1400000, 0x00000000e1500000, 0x00000000e1500000|100%| O|  |TAMS 0x00000000e1400000| PB 0x00000000e1400000| Untracked 
|  21|0x00000000e1500000, 0x00000000e1600000, 0x00000000e1600000|100%| O|  |TAMS 0x00000000e1500000| PB 0x00000000e1500000| Untracked 
|  22|0x00000000e1600000, 0x00000000e1700000, 0x00000000e1700000|100%| O|  |TAMS 0x00000000e1600000| PB 0x00000000e1600000| Untracked 
|  23|0x00000000e1700000, 0x00000000e1800000, 0x00000000e1800000|100%| O|  |TAMS 0x00000000e1700000| PB 0x00000000e1700000| Untracked 
|  24|0x00000000e1800000, 0x00000000e1900000, 0x00000000e1900000|100%| O|  |TAMS 0x00000000e1800000| PB 0x00000000e1800000| Untracked 
|  25|0x00000000e1900000, 0x00000000e1a00000, 0x00000000e1a00000|100%| O|  |TAMS 0x00000000e1900000| PB 0x00000000e1900000| Untracked 
|  26|0x00000000e1a00000, 0x00000000e1b00000, 0x00000000e1b00000|100%| O|  |TAMS 0x00000000e1a00000| PB 0x00000000e1a00000| Untracked 
|  27|0x00000000e1b00000, 0x00000000e1c00000, 0x00000000e1c00000|100%| O|  |TAMS 0x00000000e1b00000| PB 0x00000000e1b00000| Untracked 
|  28|0x00000000e1c00000, 0x00000000e1d00000, 0x00000000e1d00000|100%| O|  |TAMS 0x00000000e1c00000| PB 0x00000000e1c00000| Untracked 
|  29|0x00000000e1d00000, 0x00000000e1e00000, 0x00000000e1e00000|100%| O|  |TAMS 0x00000000e1d00000| PB 0x00000000e1d00000| Untracked 
|  30|0x00000000e1e00000, 0x00000000e1f00000, 0x00000000e1f00000|100%| O|  |TAMS 0x00000000e1e00000| PB 0x00000000e1e00000| Untracked 
|  31|0x00000000e1f00000, 0x00000000e2000000, 0x00000000e2000000|100%| O|  |TAMS 0x00000000e1f00000| PB 0x00000000e1f00000| Untracked 
|  32|0x00000000e2000000, 0x00000000e2100000, 0x00000000e2100000|100%| O|  |TAMS 0x00000000e2000000| PB 0x00000000e2000000| Untracked 
|  33|0x00000000e2100000, 0x00000000e2200000, 0x00000000e2200000|100%| O|  |TAMS 0x00000000e2100000| PB 0x00000000e2100000| Untracked 
|  34|0x00000000e2200000, 0x00000000e2300000, 0x00000000e2300000|100%| O|  |TAMS 0x00000000e2200000| PB 0x00000000e2200000| Untracked 
|  35|0x00000000e2300000, 0x00000000e2400000, 0x00000000e2400000|100%| O|  |TAMS 0x00000000e2300000| PB 0x00000000e2300000| Untracked 
|  36|0x00000000e2400000, 0x00000000e2500000, 0x00000000e2500000|100%| O|  |TAMS 0x00000000e2400000| PB 0x00000000e2400000| Untracked 
|  37|0x00000000e2500000, 0x00000000e2600000, 0x00000000e2600000|100%| O|  |TAMS 0x00000000e2500000| PB 0x00000000e2500000| Untracked 
|  38|0x00000000e2600000, 0x00000000e2700000, 0x00000000e2700000|100%| O|  |TAMS 0x00000000e2600000| PB 0x00000000e2600000| Untracked 
|  39|0x00000000e2700000, 0x00000000e2800000, 0x00000000e2800000|100%| O|  |TAMS 0x00000000e2700000| PB 0x00000000e2700000| Untracked 
|  40|0x00000000e2800000, 0x00000000e2900000, 0x00000000e2900000|100%| O|  |TAMS 0x00000000e2800000| PB 0x00000000e2800000| Untracked 
|  41|0x00000000e2900000, 0x00000000e2a00000, 0x00000000e2a00000|100%| O|  |TAMS 0x00000000e2900000| PB 0x00000000e2900000| Untracked 
|  42|0x00000000e2a00000, 0x00000000e2b00000, 0x00000000e2b00000|100%| O|  |TAMS 0x00000000e2a00000| PB 0x00000000e2a00000| Untracked 
|  43|0x00000000e2b00000, 0x00000000e2c00000, 0x00000000e2c00000|100%| O|  |TAMS 0x00000000e2b00000| PB 0x00000000e2b00000| Untracked 
|  44|0x00000000e2c00000, 0x00000000e2d00000, 0x00000000e2d00000|100%| O|  |TAMS 0x00000000e2c00000| PB 0x00000000e2c00000| Untracked 
|  45|0x00000000e2d00000, 0x00000000e2e00000, 0x00000000e2e00000|100%| O|  |TAMS 0x00000000e2d00000| PB 0x00000000e2d00000| Untracked 
|  46|0x00000000e2e00000, 0x00000000e2f00000, 0x00000000e2f00000|100%| O|  |TAMS 0x00000000e2e00000| PB 0x00000000e2e00000| Untracked 
|  47|0x00000000e2f00000, 0x00000000e3000000, 0x00000000e3000000|100%| O|  |TAMS 0x00000000e2f00000| PB 0x00000000e2f00000| Untracked 
|  48|0x00000000e3000000, 0x00000000e3100000, 0x00000000e3100000|100%| O|  |TAMS 0x00000000e3000000| PB 0x00000000e3000000| Untracked 
|  49|0x00000000e3100000, 0x00000000e3200000, 0x00000000e3200000|100%| O|  |TAMS 0x00000000e3100000| PB 0x00000000e3100000| Untracked 
|  50|0x00000000e3200000, 0x00000000e3300000, 0x00000000e3300000|100%| O|  |TAMS 0x00000000e3200000| PB 0x00000000e3200000| Untracked 
|  51|0x00000000e3300000, 0x00000000e3400000, 0x00000000e3400000|100%| O|  |TAMS 0x00000000e3300000| PB 0x00000000e3300000| Untracked 
|  52|0x00000000e3400000, 0x00000000e3500000, 0x00000000e3500000|100%| O|  |TAMS 0x00000000e3400000| PB 0x00000000e3400000| Untracked 
|  53|0x00000000e3500000, 0x00000000e3600000, 0x00000000e3600000|100%| O|  |TAMS 0x00000000e3500000| PB 0x00000000e3500000| Untracked 
|  54|0x00000000e3600000, 0x00000000e3700000, 0x00000000e3700000|100%| O|  |TAMS 0x00000000e3600000| PB 0x00000000e3600000| Untracked 
|  55|0x00000000e3700000, 0x00000000e3800000, 0x00000000e3800000|100%| O|  |TAMS 0x00000000e3700000| PB 0x00000000e3700000| Untracked 
|  56|0x00000000e3800000, 0x00000000e3900000, 0x00000000e3900000|100%| O|  |TAMS 0x00000000e3800000| PB 0x00000000e3800000| Untracked 
|  57|0x00000000e3900000, 0x00000000e3a00000, 0x00000000e3a00000|100%| O|  |TAMS 0x00000000e3900000| PB 0x00000000e3900000| Untracked 
|  58|0x00000000e3a00000, 0x00000000e3b00000, 0x00000000e3b00000|100%| O|  |TAMS 0x00000000e3a00000| PB 0x00000000e3a00000| Untracked 
|  59|0x00000000e3b00000, 0x00000000e3c00000, 0x00000000e3c00000|100%| O|  |TAMS 0x00000000e3b00000| PB 0x00000000e3b00000| Untracked 
|  60|0x00000000e3c00000, 0x00000000e3d00000, 0x00000000e3d00000|100%| O|  |TAMS 0x00000000e3c00000| PB 0x00000000e3c00000| Untracked 
|  61|0x00000000e3d00000, 0x00000000e3e00000, 0x00000000e3e00000|100%| O|  |TAMS 0x00000000e3d00000| PB 0x00000000e3d00000| Untracked 
|  62|0x00000000e3e00000, 0x00000000e3f00000, 0x00000000e3f00000|100%| O|  |TAMS 0x00000000e3e00000| PB 0x00000000e3e00000| Untracked 
|  63|0x00000000e3f00000, 0x00000000e4000000, 0x00000000e4000000|100%| O|  |TAMS 0x00000000e3f00000| PB 0x00000000e3f00000| Untracked 
|  64|0x00000000e4000000, 0x00000000e4100000, 0x00000000e4100000|100%| O|  |TAMS 0x00000000e4000000| PB 0x00000000e4000000| Untracked 
|  65|0x00000000e4100000, 0x00000000e4200000, 0x00000000e4200000|100%| O|  |TAMS 0x00000000e4100000| PB 0x00000000e4100000| Untracked 
|  66|0x00000000e4200000, 0x00000000e4300000, 0x00000000e4300000|100%| O|  |TAMS 0x00000000e4200000| PB 0x00000000e4200000| Untracked 
|  67|0x00000000e4300000, 0x00000000e43895f0, 0x00000000e4400000| 53%| O|  |TAMS 0x00000000e4300000| PB 0x00000000e4300000| Untracked 
|  68|0x00000000e4400000, 0x00000000e4400000, 0x00000000e4500000|  0%| F|  |TAMS 0x00000000e4400000| PB 0x00000000e4400000| Untracked 
|  69|0x00000000e4500000, 0x00000000e4500000, 0x00000000e4600000|  0%| F|  |TAMS 0x00000000e4500000| PB 0x00000000e4500000| Untracked 
|  70|0x00000000e4600000, 0x00000000e4600000, 0x00000000e4700000|  0%| F|  |TAMS 0x00000000e4600000| PB 0x00000000e4600000| Untracked 
|  71|0x00000000e4700000, 0x00000000e4700000, 0x00000000e4800000|  0%| F|  |TAMS 0x00000000e4700000| PB 0x00000000e4700000| Untracked 
|  72|0x00000000e4800000, 0x00000000e4800000, 0x00000000e4900000|  0%| F|  |TAMS 0x00000000e4800000| PB 0x00000000e4800000| Untracked 
|  73|0x00000000e4900000, 0x00000000e4900000, 0x00000000e4a00000|  0%| F|  |TAMS 0x00000000e4900000| PB 0x00000000e4900000| Untracked 
|  74|0x00000000e4a00000, 0x00000000e4a00000, 0x00000000e4b00000|  0%| F|  |TAMS 0x00000000e4a00000| PB 0x00000000e4a00000| Untracked 
|  75|0x00000000e4b00000, 0x00000000e4b00000, 0x00000000e4c00000|  0%| F|  |TAMS 0x00000000e4b00000| PB 0x00000000e4b00000| Untracked 
|  76|0x00000000e4c00000, 0x00000000e4c00000, 0x00000000e4d00000|  0%| F|  |TAMS 0x00000000e4c00000| PB 0x00000000e4c00000| Untracked 
|  77|0x00000000e4d00000, 0x00000000e4d00000, 0x00000000e4e00000|  0%| F|  |TAMS 0x00000000e4d00000| PB 0x00000000e4d00000| Untracked 
|  78|0x00000000e4e00000, 0x00000000e4e00000, 0x00000000e4f00000|  0%| F|  |TAMS 0x00000000e4e00000| PB 0x00000000e4e00000| Untracked 
|  79|0x00000000e4f00000, 0x00000000e4f00000, 0x00000000e5000000|  0%| F|  |TAMS 0x00000000e4f00000| PB 0x00000000e4f00000| Untracked 
|  80|0x00000000e5000000, 0x00000000e5000000, 0x00000000e5100000|  0%| F|  |TAMS 0x00000000e5000000| PB 0x00000000e5000000| Untracked 
|  81|0x00000000e5100000, 0x00000000e5100000, 0x00000000e5200000|  0%| F|  |TAMS 0x00000000e5100000| PB 0x00000000e5100000| Untracked 
|  82|0x00000000e5200000, 0x00000000e5200000, 0x00000000e5300000|  0%| F|  |TAMS 0x00000000e5200000| PB 0x00000000e5200000| Untracked 
|  83|0x00000000e5300000, 0x00000000e5300000, 0x00000000e5400000|  0%| F|  |TAMS 0x00000000e5300000| PB 0x00000000e5300000| Untracked 
|  84|0x00000000e5400000, 0x00000000e5400000, 0x00000000e5500000|  0%| F|  |TAMS 0x00000000e5400000| PB 0x00000000e5400000| Untracked 
|  85|0x00000000e5500000, 0x00000000e5500000, 0x00000000e5600000|  0%| F|  |TAMS 0x00000000e5500000| PB 0x00000000e5500000| Untracked 
|  86|0x00000000e5600000, 0x00000000e5600000, 0x00000000e5700000|  0%| F|  |TAMS 0x00000000e5600000| PB 0x00000000e5600000| Untracked 
|  87|0x00000000e5700000, 0x00000000e5700000, 0x00000000e5800000|  0%| F|  |TAMS 0x00000000e5700000| PB 0x00000000e5700000| Untracked 
|  88|0x00000000e5800000, 0x00000000e5800000, 0x00000000e5900000|  0%| F|  |TAMS 0x00000000e5800000| PB 0x00000000e5800000| Untracked 
|  89|0x00000000e5900000, 0x00000000e5900000, 0x00000000e5a00000|  0%| F|  |TAMS 0x00000000e5900000| PB 0x00000000e5900000| Untracked 
|  90|0x00000000e5a00000, 0x00000000e5a00000, 0x00000000e5b00000|  0%| F|  |TAMS 0x00000000e5a00000| PB 0x00000000e5a00000| Untracked 
|  91|0x00000000e5b00000, 0x00000000e5b00000, 0x00000000e5c00000|  0%| F|  |TAMS 0x00000000e5b00000| PB 0x00000000e5b00000| Untracked 
|  92|0x00000000e5c00000, 0x00000000e5c00000, 0x00000000e5d00000|  0%| F|  |TAMS 0x00000000e5c00000| PB 0x00000000e5c00000| Untracked 
|  93|0x00000000e5d00000, 0x00000000e5d00000, 0x00000000e5e00000|  0%| F|  |TAMS 0x00000000e5d00000| PB 0x00000000e5d00000| Untracked 
|  94|0x00000000e5e00000, 0x00000000e5e00000, 0x00000000e5f00000|  0%| F|  |TAMS 0x00000000e5e00000| PB 0x00000000e5e00000| Untracked 
|  95|0x00000000e5f00000, 0x00000000e5f00000, 0x00000000e6000000|  0%| F|  |TAMS 0x00000000e5f00000| PB 0x00000000e5f00000| Untracked 
|  96|0x00000000e6000000, 0x00000000e6000000, 0x00000000e6100000|  0%| F|  |TAMS 0x00000000e6000000| PB 0x00000000e6000000| Untracked 
|  97|0x00000000e6100000, 0x00000000e6200000, 0x00000000e6200000|100%| S|CS|TAMS 0x00000000e6100000| PB 0x00000000e6100000| Complete 
|  98|0x00000000e6200000, 0x00000000e6300000, 0x00000000e6300000|100%| S|CS|TAMS 0x00000000e6200000| PB 0x00000000e6200000| Complete 
|  99|0x00000000e6300000, 0x00000000e6400000, 0x00000000e6400000|100%| S|CS|TAMS 0x00000000e6300000| PB 0x00000000e6300000| Complete 
| 100|0x00000000e6400000, 0x00000000e6500000, 0x00000000e6500000|100%| S|CS|TAMS 0x00000000e6400000| PB 0x00000000e6400000| Complete 
| 101|0x00000000e6500000, 0x00000000e6600000, 0x00000000e6600000|100%| S|CS|TAMS 0x00000000e6500000| PB 0x00000000e6500000| Complete 
| 102|0x00000000e6600000, 0x00000000e6700000, 0x00000000e6700000|100%| S|CS|TAMS 0x00000000e6600000| PB 0x00000000e6600000| Complete 
| 103|0x00000000e6700000, 0x00000000e6700000, 0x00000000e6800000|  0%| F|  |TAMS 0x00000000e6700000| PB 0x00000000e6700000| Untracked 
| 104|0x00000000e6800000, 0x00000000e6800000, 0x00000000e6900000|  0%| F|  |TAMS 0x00000000e6800000| PB 0x00000000e6800000| Untracked 
| 105|0x00000000e6900000, 0x00000000e6900000, 0x00000000e6a00000|  0%| F|  |TAMS 0x00000000e6900000| PB 0x00000000e6900000| Untracked 
| 106|0x00000000e6a00000, 0x00000000e6a00000, 0x00000000e6b00000|  0%| F|  |TAMS 0x00000000e6a00000| PB 0x00000000e6a00000| Untracked 
| 107|0x00000000e6b00000, 0x00000000e6b00000, 0x00000000e6c00000|  0%| F|  |TAMS 0x00000000e6b00000| PB 0x00000000e6b00000| Untracked 
| 108|0x00000000e6c00000, 0x00000000e6c00000, 0x00000000e6d00000|  0%| F|  |TAMS 0x00000000e6c00000| PB 0x00000000e6c00000| Untracked 
| 109|0x00000000e6d00000, 0x00000000e6d00000, 0x00000000e6e00000|  0%| F|  |TAMS 0x00000000e6d00000| PB 0x00000000e6d00000| Untracked 
| 110|0x00000000e6e00000, 0x00000000e6e00000, 0x00000000e6f00000|  0%| F|  |TAMS 0x00000000e6e00000| PB 0x00000000e6e00000| Untracked 
| 111|0x00000000e6f00000, 0x00000000e6f00000, 0x00000000e7000000|  0%| F|  |TAMS 0x00000000e6f00000| PB 0x00000000e6f00000| Untracked 
| 112|0x00000000e7000000, 0x00000000e7000000, 0x00000000e7100000|  0%| F|  |TAMS 0x00000000e7000000| PB 0x00000000e7000000| Untracked 
| 113|0x00000000e7100000, 0x00000000e7100000, 0x00000000e7200000|  0%| F|  |TAMS 0x00000000e7100000| PB 0x00000000e7100000| Untracked 
| 114|0x00000000e7200000, 0x00000000e7200000, 0x00000000e7300000|  0%| F|  |TAMS 0x00000000e7200000| PB 0x00000000e7200000| Untracked 
| 115|0x00000000e7300000, 0x00000000e7300000, 0x00000000e7400000|  0%| F|  |TAMS 0x00000000e7300000| PB 0x00000000e7300000| Untracked 
| 116|0x00000000e7400000, 0x00000000e7400000, 0x00000000e7500000|  0%| F|  |TAMS 0x00000000e7400000| PB 0x00000000e7400000| Untracked 
| 117|0x00000000e7500000, 0x00000000e7500000, 0x00000000e7600000|  0%| F|  |TAMS 0x00000000e7500000| PB 0x00000000e7500000| Untracked 
| 118|0x00000000e7600000, 0x00000000e7600000, 0x00000000e7700000|  0%| F|  |TAMS 0x00000000e7600000| PB 0x00000000e7600000| Untracked 
| 119|0x00000000e7700000, 0x00000000e7700000, 0x00000000e7800000|  0%| F|  |TAMS 0x00000000e7700000| PB 0x00000000e7700000| Untracked 
| 120|0x00000000e7800000, 0x00000000e7800000, 0x00000000e7900000|  0%| F|  |TAMS 0x00000000e7800000| PB 0x00000000e7800000| Untracked 
| 121|0x00000000e7900000, 0x00000000e7900000, 0x00000000e7a00000|  0%| F|  |TAMS 0x00000000e7900000| PB 0x00000000e7900000| Untracked 
| 122|0x00000000e7a00000, 0x00000000e7a00000, 0x00000000e7b00000|  0%| F|  |TAMS 0x00000000e7a00000| PB 0x00000000e7a00000| Untracked 
| 123|0x00000000e7b00000, 0x00000000e7b00000, 0x00000000e7c00000|  0%| F|  |TAMS 0x00000000e7b00000| PB 0x00000000e7b00000| Untracked 
| 124|0x00000000e7c00000, 0x00000000e7c00000, 0x00000000e7d00000|  0%| F|  |TAMS 0x00000000e7c00000| PB 0x00000000e7c00000| Untracked 
| 125|0x00000000e7d00000, 0x00000000e7d00000, 0x00000000e7e00000|  0%| F|  |TAMS 0x00000000e7d00000| PB 0x00000000e7d00000| Untracked 
| 126|0x00000000e7e00000, 0x00000000e7e00000, 0x00000000e7f00000|  0%| F|  |TAMS 0x00000000e7e00000| PB 0x00000000e7e00000| Untracked 
| 127|0x00000000e7f00000, 0x00000000e7f00000, 0x00000000e8000000|  0%| F|  |TAMS 0x00000000e7f00000| PB 0x00000000e7f00000| Untracked 
| 128|0x00000000e8000000, 0x00000000e8000000, 0x00000000e8100000|  0%| F|  |TAMS 0x00000000e8000000| PB 0x00000000e8000000| Untracked 
| 129|0x00000000e8100000, 0x00000000e8100000, 0x00000000e8200000|  0%| F|  |TAMS 0x00000000e8100000| PB 0x00000000e8100000| Untracked 
| 130|0x00000000e8200000, 0x00000000e8200000, 0x00000000e8300000|  0%| F|  |TAMS 0x00000000e8200000| PB 0x00000000e8200000| Untracked 
| 131|0x00000000e8300000, 0x00000000e8300000, 0x00000000e8400000|  0%| F|  |TAMS 0x00000000e8300000| PB 0x00000000e8300000| Untracked 
| 132|0x00000000e8400000, 0x00000000e8400000, 0x00000000e8500000|  0%| F|  |TAMS 0x00000000e8400000| PB 0x00000000e8400000| Untracked 
| 133|0x00000000e8500000, 0x00000000e8500000, 0x00000000e8600000|  0%| F|  |TAMS 0x00000000e8500000| PB 0x00000000e8500000| Untracked 
| 134|0x00000000e8600000, 0x00000000e8600000, 0x00000000e8700000|  0%| F|  |TAMS 0x00000000e8600000| PB 0x00000000e8600000| Untracked 
| 135|0x00000000e8700000, 0x00000000e8700000, 0x00000000e8800000|  0%| F|  |TAMS 0x00000000e8700000| PB 0x00000000e8700000| Untracked 
| 136|0x00000000e8800000, 0x00000000e8800000, 0x00000000e8900000|  0%| F|  |TAMS 0x00000000e8800000| PB 0x00000000e8800000| Untracked 
| 137|0x00000000e8900000, 0x00000000e8900000, 0x00000000e8a00000|  0%| F|  |TAMS 0x00000000e8900000| PB 0x00000000e8900000| Untracked 
| 138|0x00000000e8a00000, 0x00000000e8a00000, 0x00000000e8b00000|  0%| F|  |TAMS 0x00000000e8a00000| PB 0x00000000e8a00000| Untracked 
| 139|0x00000000e8b00000, 0x00000000e8b00000, 0x00000000e8c00000|  0%| F|  |TAMS 0x00000000e8b00000| PB 0x00000000e8b00000| Untracked 
| 140|0x00000000e8c00000, 0x00000000e8c00000, 0x00000000e8d00000|  0%| F|  |TAMS 0x00000000e8c00000| PB 0x00000000e8c00000| Untracked 
| 141|0x00000000e8d00000, 0x00000000e8d00000, 0x00000000e8e00000|  0%| F|  |TAMS 0x00000000e8d00000| PB 0x00000000e8d00000| Untracked 
| 142|0x00000000e8e00000, 0x00000000e8e00000, 0x00000000e8f00000|  0%| F|  |TAMS 0x00000000e8e00000| PB 0x00000000e8e00000| Untracked 
| 143|0x00000000e8f00000, 0x00000000e8f00000, 0x00000000e9000000|  0%| F|  |TAMS 0x00000000e8f00000| PB 0x00000000e8f00000| Untracked 
| 144|0x00000000e9000000, 0x00000000e9000000, 0x00000000e9100000|  0%| F|  |TAMS 0x00000000e9000000| PB 0x00000000e9000000| Untracked 
| 145|0x00000000e9100000, 0x00000000e9100000, 0x00000000e9200000|  0%| F|  |TAMS 0x00000000e9100000| PB 0x00000000e9100000| Untracked 
| 146|0x00000000e9200000, 0x00000000e9200000, 0x00000000e9300000|  0%| F|  |TAMS 0x00000000e9200000| PB 0x00000000e9200000| Untracked 
| 147|0x00000000e9300000, 0x00000000e9300000, 0x00000000e9400000|  0%| F|  |TAMS 0x00000000e9300000| PB 0x00000000e9300000| Untracked 
| 148|0x00000000e9400000, 0x00000000e9400000, 0x00000000e9500000|  0%| F|  |TAMS 0x00000000e9400000| PB 0x00000000e9400000| Untracked 
| 149|0x00000000e9500000, 0x00000000e9500000, 0x00000000e9600000|  0%| F|  |TAMS 0x00000000e9500000| PB 0x00000000e9500000| Untracked 
| 150|0x00000000e9600000, 0x00000000e9600000, 0x00000000e9700000|  0%| F|  |TAMS 0x00000000e9600000| PB 0x00000000e9600000| Untracked 
| 151|0x00000000e9700000, 0x00000000e9700000, 0x00000000e9800000|  0%| F|  |TAMS 0x00000000e9700000| PB 0x00000000e9700000| Untracked 
| 152|0x00000000e9800000, 0x00000000e9800000, 0x00000000e9900000|  0%| F|  |TAMS 0x00000000e9800000| PB 0x00000000e9800000| Untracked 
| 153|0x00000000e9900000, 0x00000000e9900000, 0x00000000e9a00000|  0%| F|  |TAMS 0x00000000e9900000| PB 0x00000000e9900000| Untracked 
| 154|0x00000000e9a00000, 0x00000000e9a00000, 0x00000000e9b00000|  0%| F|  |TAMS 0x00000000e9a00000| PB 0x00000000e9a00000| Untracked 
| 155|0x00000000e9b00000, 0x00000000e9b00000, 0x00000000e9c00000|  0%| F|  |TAMS 0x00000000e9b00000| PB 0x00000000e9b00000| Untracked 
| 156|0x00000000e9c00000, 0x00000000e9c00000, 0x00000000e9d00000|  0%| F|  |TAMS 0x00000000e9c00000| PB 0x00000000e9c00000| Untracked 
| 157|0x00000000e9d00000, 0x00000000e9d00000, 0x00000000e9e00000|  0%| F|  |TAMS 0x00000000e9d00000| PB 0x00000000e9d00000| Untracked 
| 158|0x00000000e9e00000, 0x00000000e9e00000, 0x00000000e9f00000|  0%| F|  |TAMS 0x00000000e9e00000| PB 0x00000000e9e00000| Untracked 
| 159|0x00000000e9f00000, 0x00000000e9f00000, 0x00000000ea000000|  0%| F|  |TAMS 0x00000000e9f00000| PB 0x00000000e9f00000| Untracked 
| 160|0x00000000ea000000, 0x00000000ea000000, 0x00000000ea100000|  0%| F|  |TAMS 0x00000000ea000000| PB 0x00000000ea000000| Untracked 
| 161|0x00000000ea100000, 0x00000000ea100000, 0x00000000ea200000|  0%| F|  |TAMS 0x00000000ea100000| PB 0x00000000ea100000| Untracked 
| 162|0x00000000ea200000, 0x00000000ea200000, 0x00000000ea300000|  0%| F|  |TAMS 0x00000000ea200000| PB 0x00000000ea200000| Untracked 
| 163|0x00000000ea300000, 0x00000000ea300000, 0x00000000ea400000|  0%| F|  |TAMS 0x00000000ea300000| PB 0x00000000ea300000| Untracked 
| 164|0x00000000ea400000, 0x00000000ea400000, 0x00000000ea500000|  0%| F|  |TAMS 0x00000000ea400000| PB 0x00000000ea400000| Untracked 
| 165|0x00000000ea500000, 0x00000000ea500000, 0x00000000ea600000|  0%| F|  |TAMS 0x00000000ea500000| PB 0x00000000ea500000| Untracked 
| 166|0x00000000ea600000, 0x00000000ea600000, 0x00000000ea700000|  0%| F|  |TAMS 0x00000000ea600000| PB 0x00000000ea600000| Untracked 
| 167|0x00000000ea700000, 0x00000000ea700000, 0x00000000ea800000|  0%| F|  |TAMS 0x00000000ea700000| PB 0x00000000ea700000| Untracked 
| 168|0x00000000ea800000, 0x00000000ea800000, 0x00000000ea900000|  0%| F|  |TAMS 0x00000000ea800000| PB 0x00000000ea800000| Untracked 
| 169|0x00000000ea900000, 0x00000000ea900000, 0x00000000eaa00000|  0%| F|  |TAMS 0x00000000ea900000| PB 0x00000000ea900000| Untracked 
| 170|0x00000000eaa00000, 0x00000000eaa00000, 0x00000000eab00000|  0%| F|  |TAMS 0x00000000eaa00000| PB 0x00000000eaa00000| Untracked 
| 171|0x00000000eab00000, 0x00000000eab00000, 0x00000000eac00000|  0%| F|  |TAMS 0x00000000eab00000| PB 0x00000000eab00000| Untracked 
| 172|0x00000000eac00000, 0x00000000eac00000, 0x00000000ead00000|  0%| F|  |TAMS 0x00000000eac00000| PB 0x00000000eac00000| Untracked 
| 173|0x00000000ead00000, 0x00000000ead00000, 0x00000000eae00000|  0%| F|  |TAMS 0x00000000ead00000| PB 0x00000000ead00000| Untracked 
| 174|0x00000000eae00000, 0x00000000eae00000, 0x00000000eaf00000|  0%| F|  |TAMS 0x00000000eae00000| PB 0x00000000eae00000| Untracked 
| 175|0x00000000eaf00000, 0x00000000eaf00000, 0x00000000eb000000|  0%| F|  |TAMS 0x00000000eaf00000| PB 0x00000000eaf00000| Untracked 
| 176|0x00000000eb000000, 0x00000000eb000000, 0x00000000eb100000|  0%| F|  |TAMS 0x00000000eb000000| PB 0x00000000eb000000| Untracked 
| 177|0x00000000eb100000, 0x00000000eb100000, 0x00000000eb200000|  0%| F|  |TAMS 0x00000000eb100000| PB 0x00000000eb100000| Untracked 
| 178|0x00000000eb200000, 0x00000000eb200000, 0x00000000eb300000|  0%| F|  |TAMS 0x00000000eb200000| PB 0x00000000eb200000| Untracked 
| 179|0x00000000eb300000, 0x00000000eb300000, 0x00000000eb400000|  0%| F|  |TAMS 0x00000000eb300000| PB 0x00000000eb300000| Untracked 
| 180|0x00000000eb400000, 0x00000000eb400000, 0x00000000eb500000|  0%| F|  |TAMS 0x00000000eb400000| PB 0x00000000eb400000| Untracked 
| 181|0x00000000eb500000, 0x00000000eb500000, 0x00000000eb600000|  0%| F|  |TAMS 0x00000000eb500000| PB 0x00000000eb500000| Untracked 
| 182|0x00000000eb600000, 0x00000000eb600000, 0x00000000eb700000|  0%| F|  |TAMS 0x00000000eb600000| PB 0x00000000eb600000| Untracked 
| 183|0x00000000eb700000, 0x00000000eb700000, 0x00000000eb800000|  0%| F|  |TAMS 0x00000000eb700000| PB 0x00000000eb700000| Untracked 
| 184|0x00000000eb800000, 0x00000000eb800000, 0x00000000eb900000|  0%| F|  |TAMS 0x00000000eb800000| PB 0x00000000eb800000| Untracked 
| 185|0x00000000eb900000, 0x00000000eb900000, 0x00000000eba00000|  0%| F|  |TAMS 0x00000000eb900000| PB 0x00000000eb900000| Untracked 
| 186|0x00000000eba00000, 0x00000000eba00000, 0x00000000ebb00000|  0%| F|  |TAMS 0x00000000eba00000| PB 0x00000000eba00000| Untracked 
| 187|0x00000000ebb00000, 0x00000000ebb00000, 0x00000000ebc00000|  0%| F|  |TAMS 0x00000000ebb00000| PB 0x00000000ebb00000| Untracked 
| 188|0x00000000ebc00000, 0x00000000ebc00000, 0x00000000ebd00000|  0%| F|  |TAMS 0x00000000ebc00000| PB 0x00000000ebc00000| Untracked 
| 189|0x00000000ebd00000, 0x00000000ebd00000, 0x00000000ebe00000|  0%| F|  |TAMS 0x00000000ebd00000| PB 0x00000000ebd00000| Untracked 
| 190|0x00000000ebe00000, 0x00000000ebe00000, 0x00000000ebf00000|  0%| F|  |TAMS 0x00000000ebe00000| PB 0x00000000ebe00000| Untracked 
| 191|0x00000000ebf00000, 0x00000000ebf00000, 0x00000000ec000000|  0%| F|  |TAMS 0x00000000ebf00000| PB 0x00000000ebf00000| Untracked 
| 192|0x00000000ec000000, 0x00000000ec000000, 0x00000000ec100000|  0%| F|  |TAMS 0x00000000ec000000| PB 0x00000000ec000000| Untracked 
| 193|0x00000000ec100000, 0x00000000ec100000, 0x00000000ec200000|  0%| F|  |TAMS 0x00000000ec100000| PB 0x00000000ec100000| Untracked 
| 194|0x00000000ec200000, 0x00000000ec200000, 0x00000000ec300000|  0%| F|  |TAMS 0x00000000ec200000| PB 0x00000000ec200000| Untracked 
| 195|0x00000000ec300000, 0x00000000ec300000, 0x00000000ec400000|  0%| F|  |TAMS 0x00000000ec300000| PB 0x00000000ec300000| Untracked 
| 196|0x00000000ec400000, 0x00000000ec400000, 0x00000000ec500000|  0%| F|  |TAMS 0x00000000ec400000| PB 0x00000000ec400000| Untracked 
| 197|0x00000000ec500000, 0x00000000ec500000, 0x00000000ec600000|  0%| F|  |TAMS 0x00000000ec500000| PB 0x00000000ec500000| Untracked 
| 198|0x00000000ec600000, 0x00000000ec600000, 0x00000000ec700000|  0%| F|  |TAMS 0x00000000ec600000| PB 0x00000000ec600000| Untracked 
| 199|0x00000000ec700000, 0x00000000ec700000, 0x00000000ec800000|  0%| F|  |TAMS 0x00000000ec700000| PB 0x00000000ec700000| Untracked 
| 200|0x00000000ec800000, 0x00000000ec800000, 0x00000000ec900000|  0%| F|  |TAMS 0x00000000ec800000| PB 0x00000000ec800000| Untracked 
| 201|0x00000000ec900000, 0x00000000ec900000, 0x00000000eca00000|  0%| F|  |TAMS 0x00000000ec900000| PB 0x00000000ec900000| Untracked 
| 202|0x00000000eca00000, 0x00000000eca00000, 0x00000000ecb00000|  0%| F|  |TAMS 0x00000000eca00000| PB 0x00000000eca00000| Untracked 
| 203|0x00000000ecb00000, 0x00000000ecb00000, 0x00000000ecc00000|  0%| F|  |TAMS 0x00000000ecb00000| PB 0x00000000ecb00000| Untracked 
| 204|0x00000000ecc00000, 0x00000000ecc00000, 0x00000000ecd00000|  0%| F|  |TAMS 0x00000000ecc00000| PB 0x00000000ecc00000| Untracked 
| 205|0x00000000ecd00000, 0x00000000ecd00000, 0x00000000ece00000|  0%| F|  |TAMS 0x00000000ecd00000| PB 0x00000000ecd00000| Untracked 
| 206|0x00000000ece00000, 0x00000000ece00000, 0x00000000ecf00000|  0%| F|  |TAMS 0x00000000ece00000| PB 0x00000000ece00000| Untracked 
| 207|0x00000000ecf00000, 0x00000000ecf00000, 0x00000000ed000000|  0%| F|  |TAMS 0x00000000ecf00000| PB 0x00000000ecf00000| Untracked 
| 208|0x00000000ed000000, 0x00000000ed000000, 0x00000000ed100000|  0%| F|  |TAMS 0x00000000ed000000| PB 0x00000000ed000000| Untracked 
| 209|0x00000000ed100000, 0x00000000ed100000, 0x00000000ed200000|  0%| F|  |TAMS 0x00000000ed100000| PB 0x00000000ed100000| Untracked 
| 210|0x00000000ed200000, 0x00000000ed200000, 0x00000000ed300000|  0%| F|  |TAMS 0x00000000ed200000| PB 0x00000000ed200000| Untracked 
| 211|0x00000000ed300000, 0x00000000ed300000, 0x00000000ed400000|  0%| F|  |TAMS 0x00000000ed300000| PB 0x00000000ed300000| Untracked 
| 212|0x00000000ed400000, 0x00000000ed400000, 0x00000000ed500000|  0%| F|  |TAMS 0x00000000ed400000| PB 0x00000000ed400000| Untracked 
| 213|0x00000000ed500000, 0x00000000ed500000, 0x00000000ed600000|  0%| F|  |TAMS 0x00000000ed500000| PB 0x00000000ed500000| Untracked 
| 214|0x00000000ed600000, 0x00000000ed600000, 0x00000000ed700000|  0%| F|  |TAMS 0x00000000ed600000| PB 0x00000000ed600000| Untracked 
| 215|0x00000000ed700000, 0x00000000ed700000, 0x00000000ed800000|  0%| F|  |TAMS 0x00000000ed700000| PB 0x00000000ed700000| Untracked 
| 216|0x00000000ed800000, 0x00000000ed800000, 0x00000000ed900000|  0%| F|  |TAMS 0x00000000ed800000| PB 0x00000000ed800000| Untracked 
| 217|0x00000000ed900000, 0x00000000ed900000, 0x00000000eda00000|  0%| F|  |TAMS 0x00000000ed900000| PB 0x00000000ed900000| Untracked 
| 218|0x00000000eda00000, 0x00000000eda00000, 0x00000000edb00000|  0%| F|  |TAMS 0x00000000eda00000| PB 0x00000000eda00000| Untracked 
| 219|0x00000000edb00000, 0x00000000edbd42f8, 0x00000000edc00000| 82%| E|  |TAMS 0x00000000edb00000| PB 0x00000000edb00000| Complete 
| 220|0x00000000edc00000, 0x00000000edd00000, 0x00000000edd00000|100%| E|CS|TAMS 0x00000000edc00000| PB 0x00000000edc00000| Complete 
| 221|0x00000000edd00000, 0x00000000ede00000, 0x00000000ede00000|100%| E|CS|TAMS 0x00000000edd00000| PB 0x00000000edd00000| Complete 
| 222|0x00000000ede00000, 0x00000000edf00000, 0x00000000edf00000|100%| E|CS|TAMS 0x00000000ede00000| PB 0x00000000ede00000| Complete 
| 223|0x00000000edf00000, 0x00000000ee000000, 0x00000000ee000000|100%| E|CS|TAMS 0x00000000edf00000| PB 0x00000000edf00000| Complete 
| 224|0x00000000ee000000, 0x00000000ee100000, 0x00000000ee100000|100%| E|CS|TAMS 0x00000000ee000000| PB 0x00000000ee000000| Complete 
| 225|0x00000000ee100000, 0x00000000ee200000, 0x00000000ee200000|100%| E|CS|TAMS 0x00000000ee100000| PB 0x00000000ee100000| Complete 
| 226|0x00000000ee200000, 0x00000000ee300000, 0x00000000ee300000|100%| E|CS|TAMS 0x00000000ee200000| PB 0x00000000ee200000| Complete 
| 227|0x00000000ee300000, 0x00000000ee400000, 0x00000000ee400000|100%| E|CS|TAMS 0x00000000ee300000| PB 0x00000000ee300000| Complete 
| 228|0x00000000ee400000, 0x00000000ee500000, 0x00000000ee500000|100%| E|CS|TAMS 0x00000000ee400000| PB 0x00000000ee400000| Complete 
| 229|0x00000000ee500000, 0x00000000ee600000, 0x00000000ee600000|100%| E|CS|TAMS 0x00000000ee500000| PB 0x00000000ee500000| Complete 
| 230|0x00000000ee600000, 0x00000000ee700000, 0x00000000ee700000|100%| E|CS|TAMS 0x00000000ee600000| PB 0x00000000ee600000| Complete 
| 231|0x00000000ee700000, 0x00000000ee800000, 0x00000000ee800000|100%| E|CS|TAMS 0x00000000ee700000| PB 0x00000000ee700000| Complete 
| 232|0x00000000ee800000, 0x00000000ee900000, 0x00000000ee900000|100%| E|CS|TAMS 0x00000000ee800000| PB 0x00000000ee800000| Complete 
| 233|0x00000000ee900000, 0x00000000eea00000, 0x00000000eea00000|100%| E|CS|TAMS 0x00000000ee900000| PB 0x00000000ee900000| Complete 
| 234|0x00000000eea00000, 0x00000000eeb00000, 0x00000000eeb00000|100%| E|  |TAMS 0x00000000eea00000| PB 0x00000000eea00000| Complete 
| 235|0x00000000eeb00000, 0x00000000eec00000, 0x00000000eec00000|100%| E|CS|TAMS 0x00000000eeb00000| PB 0x00000000eeb00000| Complete 
| 236|0x00000000eec00000, 0x00000000eed00000, 0x00000000eed00000|100%| E|CS|TAMS 0x00000000eec00000| PB 0x00000000eec00000| Complete 
| 237|0x00000000eed00000, 0x00000000eee00000, 0x00000000eee00000|100%| E|CS|TAMS 0x00000000eed00000| PB 0x00000000eed00000| Complete 
| 238|0x00000000eee00000, 0x00000000eef00000, 0x00000000eef00000|100%| E|CS|TAMS 0x00000000eee00000| PB 0x00000000eee00000| Complete 
| 239|0x00000000eef00000, 0x00000000ef000000, 0x00000000ef000000|100%| E|CS|TAMS 0x00000000eef00000| PB 0x00000000eef00000| Complete 
| 240|0x00000000ef000000, 0x00000000ef100000, 0x00000000ef100000|100%| E|CS|TAMS 0x00000000ef000000| PB 0x00000000ef000000| Complete 
| 241|0x00000000ef100000, 0x00000000ef200000, 0x00000000ef200000|100%| E|CS|TAMS 0x00000000ef100000| PB 0x00000000ef100000| Complete 
| 242|0x00000000ef200000, 0x00000000ef300000, 0x00000000ef300000|100%| E|CS|TAMS 0x00000000ef200000| PB 0x00000000ef200000| Complete 
| 243|0x00000000ef300000, 0x00000000ef400000, 0x00000000ef400000|100%| E|CS|TAMS 0x00000000ef300000| PB 0x00000000ef300000| Complete 
| 244|0x00000000ef400000, 0x00000000ef500000, 0x00000000ef500000|100%| E|CS|TAMS 0x00000000ef400000| PB 0x00000000ef400000| Complete 
| 245|0x00000000ef500000, 0x00000000ef600000, 0x00000000ef600000|100%| E|CS|TAMS 0x00000000ef500000| PB 0x00000000ef500000| Complete 
| 246|0x00000000ef600000, 0x00000000ef700000, 0x00000000ef700000|100%| E|CS|TAMS 0x00000000ef600000| PB 0x00000000ef600000| Complete 
| 247|0x00000000ef700000, 0x00000000ef800000, 0x00000000ef800000|100%| E|CS|TAMS 0x00000000ef700000| PB 0x00000000ef700000| Complete 
| 248|0x00000000ef800000, 0x00000000ef900000, 0x00000000ef900000|100%| E|CS|TAMS 0x00000000ef800000| PB 0x00000000ef800000| Complete 
| 249|0x00000000ef900000, 0x00000000efa00000, 0x00000000efa00000|100%| E|CS|TAMS 0x00000000ef900000| PB 0x00000000ef900000| Complete 
| 250|0x00000000efa00000, 0x00000000efb00000, 0x00000000efb00000|100%| E|CS|TAMS 0x00000000efa00000| PB 0x00000000efa00000| Complete 
| 251|0x00000000efb00000, 0x00000000efc00000, 0x00000000efc00000|100%| E|CS|TAMS 0x00000000efb00000| PB 0x00000000efb00000| Complete 
| 252|0x00000000efc00000, 0x00000000efd00000, 0x00000000efd00000|100%| E|CS|TAMS 0x00000000efc00000| PB 0x00000000efc00000| Complete 
| 253|0x00000000efd00000, 0x00000000efe00000, 0x00000000efe00000|100%| E|CS|TAMS 0x00000000efd00000| PB 0x00000000efd00000| Complete 
| 254|0x00000000efe00000, 0x00000000eff00000, 0x00000000eff00000|100%| E|CS|TAMS 0x00000000efe00000| PB 0x00000000efe00000| Complete 
| 255|0x00000000eff00000, 0x00000000f0000000, 0x00000000f0000000|100%| E|CS|TAMS 0x00000000eff00000| PB 0x00000000eff00000| Complete 

Card table byte_map: [0x0000017478150000,0x0000017478250000] _byte_map_base: 0x0000017477a50000

Marking Bits: (CMBitMap*) 0x0000017477c787e0
 Bits: [0x0000017478250000, 0x0000017478a50000)

Polling page: 0x0000017475c30000

Metaspace:

Usage:
  Non-class:     57.95 MB used.
      Class:      9.28 MB used.
       Both:     67.23 MB used.

Virtual space:
  Non-class space:       64.00 MB reserved,      59.00 MB ( 92%) committed,  1 nodes.
      Class space:      320.00 MB reserved,      10.44 MB (  3%) committed,  1 nodes.
             Both:      384.00 MB reserved,      69.44 MB ( 18%) committed. 

Chunk freelists:
   Non-Class:  4.45 MB
       Class:  5.47 MB
        Both:  9.92 MB

MaxMetaspaceSize: 384.00 MB
CompressedClassSpaceSize: 320.00 MB
Initial GC threshold: 21.00 MB
Current GC threshold: 100.25 MB
CDS: on
 - commit_granule_bytes: 65536.
 - commit_granule_words: 8192.
 - virtual_space_node_default_size: 8388608.
 - enlarge_chunks_in_place: 1.
 - use_allocation_guard: 0.


Internal statistics:

num_allocs_failed_limit: 15.
num_arena_births: 4132.
num_arena_deaths: 0.
num_vsnodes_births: 2.
num_vsnodes_deaths: 0.
num_space_committed: 1111.
num_space_uncommitted: 0.
num_chunks_returned_to_freelist: 15.
num_chunks_taken_from_freelist: 7802.
num_chunk_merges: 12.
num_chunk_splits: 4852.
num_chunks_enlarged: 2727.
num_inconsistent_stats: 0.

CodeHeap 'non-profiled nmethods': size=120000Kb used=8220Kb max_used=8220Kb free=111779Kb
 bounds [0x000001740fe90000, 0x00000174106a0000, 0x00000174173c0000]
CodeHeap 'profiled nmethods': size=120000Kb used=27208Kb max_used=27208Kb free=92791Kb
 bounds [0x00000174083c0000, 0x0000017409e60000, 0x000001740f8f0000]
CodeHeap 'non-nmethods': size=5760Kb used=2774Kb max_used=2881Kb free=2986Kb
 bounds [0x000001740f8f0000, 0x000001740fbd0000, 0x000001740fe90000]
 total_blobs=14105 nmethods=13209 adapters=798
 compilation: enabled
              stopped_count=0, restarted_count=0
 full_count=0

Compilation events (20 events):
Event: 209.696 Thread 0x000001747b4c5460 14018       3       org.gradle.api.internal.DefaultNamedDomainObjectSet::wrapLazyAction (15 bytes)
Event: 209.696 Thread 0x0000017433eda980 14017       4       java.lang.ThreadLocal::remove (8 bytes)
Event: 209.698 Thread 0x000001747b4c5460 nmethod 14018 0x0000017409e4d610 code [0x0000017409e4d7e0, 0x0000017409e4dbc0]
Event: 209.698 Thread 0x000001747b4c5460 14019       3       org.gradle.api.internal.MutationGuards$1::wrapLazyAction (2 bytes)
Event: 209.698 Thread 0x000001747b4c5460 nmethod 14019 0x0000017409e4dd10 code [0x0000017409e4dea0, 0x0000017409e4dfb0]
Event: 209.699 Thread 0x000001747b4c5460 14020       1       org.gradle.api.internal.tasks.DefaultSourceSet::getTaskBaseName (5 bytes)
Event: 209.699 Thread 0x000001747b4c5460 nmethod 14020 0x0000017410694210 code [0x00000174106943a0, 0x0000017410694468]
Event: 209.706 Thread 0x000001747b4c5460 14021       3       org.gradle.api.internal.attributes.FreezableAttributeContainer::assertMutable (40 bytes)
Event: 209.707 Thread 0x000001747b4c5460 nmethod 14021 0x0000017409e4e090 code [0x0000017409e4e320, 0x0000017409e4f068]
Event: 209.710 Thread 0x000001747b4c5460 14022       1       org.gradle.internal.artifacts.configurations.AbstractRoleBasedConfigurationCreationRequest::getConfigurationName (5 bytes)
Event: 209.710 Thread 0x000001747b4c5460 nmethod 14022 0x0000017410694510 code [0x00000174106946a0, 0x0000017410694768]
Event: 209.710 Thread 0x000001747b4c5460 14023       1       org.gradle.internal.artifacts.configurations.AbstractRoleBasedConfigurationCreationRequest::getRole (5 bytes)
Event: 209.711 Thread 0x000001747b4c5460 nmethod 14023 0x0000017410694810 code [0x00000174106949a0, 0x0000017410694a68]
Event: 209.712 Thread 0x000001747b4c5460 14024       1       org.gradle.api.internal.tasks.DefaultSourceSet::getName (5 bytes)
Event: 209.713 Thread 0x000001747b4c5460 nmethod 14024 0x0000017410694b10 code [0x0000017410694ca0, 0x0000017410694d68]
Event: 209.722 Thread 0x0000017433eda980 nmethod 14017 0x0000017410694e10 code [0x0000017410695000, 0x0000017410695900]
Event: 209.723 Thread 0x0000017433eda980 14025       4       java.lang.ThreadLocal::setInitialValue (64 bytes)
Event: 209.739 Thread 0x000001747b4c5460 14026       3       com.google.common.collect.ImmutableListMultimap::fromMapEntries (141 bytes)
Event: 209.743 Thread 0x000001747b4c5460 nmethod 14026 0x0000017409e4f490 code [0x0000017409e4f8c0, 0x0000017409e518c8]
Event: 209.753 Thread 0x0000017433eda980 nmethod 14025 0x0000017410696110 code [0x0000017410696320, 0x0000017410696c00]

GC Heap History (20 events):
Event: 12.956 GC heap before
{Heap before GC invocations=3 (full 0):
 garbage-first heap   total 262144K, used 104948K [0x00000000e0000000, 0x0000000100000000)
  region size 1024K, 92 young (94208K), 5 survivors (5120K)
 Metaspace       used 20881K, committed 21504K, reserved 393216K
  class space    used 2993K, committed 3264K, reserved 327680K
}
Event: 12.989 GC heap after
{Heap after GC invocations=4 (full 0):
 garbage-first heap   total 262144K, used 24007K [0x00000000e0000000, 0x0000000100000000)
  region size 1024K, 12 young (12288K), 12 survivors (12288K)
 Metaspace       used 20881K, committed 21504K, reserved 393216K
  class space    used 2993K, committed 3264K, reserved 327680K
}
Event: 17.502 GC heap before
{Heap before GC invocations=5 (full 0):
 garbage-first heap   total 262144K, used 132551K [0x00000000e0000000, 0x0000000100000000)
  region size 1024K, 115 young (117760K), 12 survivors (12288K)
 Metaspace       used 34932K, committed 35968K, reserved 393216K
  class space    used 4794K, committed 5312K, reserved 327680K
}
Event: 17.529 GC heap after
{Heap after GC invocations=6 (full 0):
 garbage-first heap   total 262144K, used 32753K [0x00000000e0000000, 0x0000000100000000)
  region size 1024K, 16 young (16384K), 16 survivors (16384K)
 Metaspace       used 34932K, committed 35968K, reserved 393216K
  class space    used 4794K, committed 5312K, reserved 327680K
}
Event: 17.671 GC heap before
{Heap before GC invocations=6 (full 0):
 garbage-first heap   total 262144K, used 35825K [0x00000000e0000000, 0x0000000100000000)
  region size 1024K, 20 young (20480K), 16 survivors (16384K)
 Metaspace       used 35187K, committed 36288K, reserved 393216K
  class space    used 4822K, committed 5376K, reserved 327680K
}
Event: 17.690 GC heap after
{Heap after GC invocations=7 (full 0):
 garbage-first heap   total 262144K, used 32771K [0x00000000e0000000, 0x0000000100000000)
  region size 1024K, 9 young (9216K), 9 survivors (9216K)
 Metaspace       used 35187K, committed 36288K, reserved 393216K
  class space    used 4822K, committed 5376K, reserved 327680K
}
Event: 17.847 GC heap before
{Heap before GC invocations=7 (full 0):
 garbage-first heap   total 262144K, used 35843K [0x00000000e0000000, 0x0000000100000000)
  region size 1024K, 13 young (13312K), 9 survivors (9216K)
 Metaspace       used 35485K, committed 36608K, reserved 393216K
  class space    used 4879K, committed 5440K, reserved 327680K
}
Event: 17.859 GC heap after
{Heap after GC invocations=8 (full 0):
 garbage-first heap   total 262144K, used 32738K [0x00000000e0000000, 0x0000000100000000)
  region size 1024K, 9 young (9216K), 9 survivors (9216K)
 Metaspace       used 35485K, committed 36608K, reserved 393216K
  class space    used 4879K, committed 5440K, reserved 327680K
}
Event: 22.444 GC heap before
{Heap before GC invocations=9 (full 0):
 garbage-first heap   total 262144K, used 181218K [0x00000000e0000000, 0x0000000100000000)
  region size 1024K, 153 young (156672K), 9 survivors (9216K)
 Metaspace       used 50418K, committed 52160K, reserved 393216K
  class space    used 7129K, committed 8000K, reserved 327680K
}
Event: 22.469 GC heap after
{Heap after GC invocations=10 (full 0):
 garbage-first heap   total 262144K, used 40858K [0x00000000e0000000, 0x0000000100000000)
  region size 1024K, 17 young (17408K), 17 survivors (17408K)
 Metaspace       used 50418K, committed 52160K, reserved 393216K
  class space    used 7129K, committed 8000K, reserved 327680K
}
Event: 27.013 GC heap before
{Heap before GC invocations=10 (full 0):
 garbage-first heap   total 262144K, used 180122K [0x00000000e0000000, 0x0000000100000000)
  region size 1024K, 153 young (156672K), 17 survivors (17408K)
 Metaspace       used 59276K, committed 61248K, reserved 393216K
  class space    used 8413K, committed 9408K, reserved 327680K
}
Event: 27.051 GC heap after
{Heap after GC invocations=11 (full 0):
 garbage-first heap   total 262144K, used 52031K [0x00000000e0000000, 0x0000000100000000)
  region size 1024K, 20 young (20480K), 20 survivors (20480K)
 Metaspace       used 59276K, committed 61248K, reserved 393216K
  class space    used 8413K, committed 9408K, reserved 327680K
}
Event: 27.387 GC heap before
{Heap before GC invocations=11 (full 0):
 garbage-first heap   total 262144K, used 62271K [0x00000000e0000000, 0x0000000100000000)
  region size 1024K, 31 young (31744K), 20 survivors (20480K)
 Metaspace       used 59488K, committed 61440K, reserved 393216K
  class space    used 8427K, committed 9408K, reserved 327680K
}
Event: 27.416 GC heap after
{Heap after GC invocations=12 (full 0):
 garbage-first heap   total 262144K, used 53607K [0x00000000e0000000, 0x0000000100000000)
  region size 1024K, 3 young (3072K), 3 survivors (3072K)
 Metaspace       used 59488K, committed 61440K, reserved 393216K
  class space    used 8427K, committed 9408K, reserved 327680K
}
Event: 30.877 GC heap before
{Heap before GC invocations=13 (full 0):
 garbage-first heap   total 262144K, used 206183K [0x00000000e0000000, 0x0000000100000000)
  region size 1024K, 153 young (156672K), 3 survivors (3072K)
 Metaspace       used 63071K, committed 65216K, reserved 393216K
  class space    used 8974K, committed 10048K, reserved 327680K
}
Event: 30.902 GC heap after
{Heap after GC invocations=14 (full 0):
 garbage-first heap   total 262144K, used 65002K [0x00000000e0000000, 0x0000000100000000)
  region size 1024K, 14 young (14336K), 14 survivors (14336K)
 Metaspace       used 63071K, committed 65216K, reserved 393216K
  class space    used 8974K, committed 10048K, reserved 327680K
}
Event: 69.042 GC heap before
{Heap before GC invocations=14 (full 0):
 garbage-first heap   total 262144K, used 206314K [0x00000000e0000000, 0x0000000100000000)
  region size 1024K, 153 young (156672K), 14 survivors (14336K)
 Metaspace       used 67488K, committed 69760K, reserved 393216K
  class space    used 9466K, committed 10624K, reserved 327680K
}
Event: 69.081 GC heap after
{Heap after GC invocations=15 (full 0):
 garbage-first heap   total 262144K, used 76893K [0x00000000e0000000, 0x0000000100000000)
  region size 1024K, 13 young (13312K), 13 survivors (13312K)
 Metaspace       used 67488K, committed 69760K, reserved 393216K
  class space    used 9466K, committed 10624K, reserved 327680K
}
Event: 114.608 GC heap before
{Heap before GC invocations=15 (full 0):
 garbage-first heap   total 262144K, used 219229K [0x00000000e0000000, 0x0000000100000000)
  region size 1024K, 153 young (156672K), 13 survivors (13312K)
 Metaspace       used 68540K, committed 70848K, reserved 393216K
  class space    used 9487K, committed 10688K, reserved 327680K
}
Event: 114.634 GC heap after
{Heap after GC invocations=16 (full 0):
 garbage-first heap   total 262144K, used 75301K [0x00000000e0000000, 0x0000000100000000)
  region size 1024K, 6 young (6144K), 6 survivors (6144K)
 Metaspace       used 68540K, committed 70848K, reserved 393216K
  class space    used 9487K, committed 10688K, reserved 327680K
}

Dll operation events (15 events):
Event: 0.039 Loaded shared library C:\Program Files\Java\jdk-21\bin\java.dll
Event: 0.217 Loaded shared library C:\Program Files\Java\jdk-21\bin\jsvml.dll
Event: 0.494 Loaded shared library C:\Program Files\Java\jdk-21\bin\zip.dll
Event: 0.510 Loaded shared library C:\Program Files\Java\jdk-21\bin\instrument.dll
Event: 0.525 Loaded shared library C:\Program Files\Java\jdk-21\bin\net.dll
Event: 0.536 Loaded shared library C:\Program Files\Java\jdk-21\bin\nio.dll
Event: 0.547 Loaded shared library C:\Program Files\Java\jdk-21\bin\zip.dll
Event: 1.429 Loaded shared library C:\Program Files\Java\jdk-21\bin\jimage.dll
Event: 2.279 Loaded shared library C:\Program Files\Java\jdk-21\bin\verify.dll
Event: 2.622 Loaded shared library C:\Users\alsrb\.gradle\native\1def1411415f61bf3af743bc5b6707747c0891f09f0c88961ee8f79bc544acac\windows-amd64\native-platform.dll
Event: 2.682 Loaded shared library C:\Users\alsrb\.gradle\native\0.2.7\x86_64-windows-gnu\gradle-fileevents.dll
Event: 6.744 Loaded shared library C:\Program Files\Java\jdk-21\bin\management.dll
Event: 6.755 Loaded shared library C:\Program Files\Java\jdk-21\bin\management_ext.dll
Event: 7.602 Loaded shared library C:\Program Files\Java\jdk-21\bin\extnet.dll
Event: 8.756 Loaded shared library C:\Program Files\Java\jdk-21\bin\sunmscapi.dll

Deoptimization events (20 events):
Event: 207.878 Thread 0x00000174322b1510 DEOPT PACKING pc=0x000001741066e150 sp=0x00000072d8afe010
Event: 207.878 Thread 0x00000174322b1510 DEOPT UNPACKING pc=0x000001740f9446a2 sp=0x00000072d8afdfb8 mode 2
Event: 207.878 Thread 0x00000174322b1510 Uncommon trap: trap_request=0xffffffbe fr.pc=0x000001741066e150 relative=0x0000000000000cd0
Event: 207.878 Thread 0x00000174322b1510 Uncommon trap: reason=profile_predicate action=maybe_recompile pc=0x000001741066e150 method=java.io.DataOutputStream.writeUTF(Ljava/lang/String;Ljava/io/DataOutput;)I @ 13 c2
Event: 207.878 Thread 0x00000174322b1510 DEOPT PACKING pc=0x000001741066e150 sp=0x00000072d8afe010
Event: 207.878 Thread 0x00000174322b1510 DEOPT UNPACKING pc=0x000001740f9446a2 sp=0x00000072d8afdfb8 mode 2
Event: 208.141 Thread 0x00000174322b28c0 Uncommon trap: trap_request=0xffffffbe fr.pc=0x00000174106742bc relative=0x0000000000000cbc
Event: 208.141 Thread 0x00000174322b28c0 Uncommon trap: reason=profile_predicate action=maybe_recompile pc=0x00000174106742bc method=java.io.DataOutputStream.writeUTF(Ljava/lang/String;Ljava/io/DataOutput;)I @ 168 c2
Event: 208.141 Thread 0x00000174322b28c0 DEOPT PACKING pc=0x00000174106742bc sp=0x00000072d8dfa510
Event: 208.141 Thread 0x00000174322b28c0 DEOPT UNPACKING pc=0x000001740f9446a2 sp=0x00000072d8dfa4b8 mode 2
Event: 208.238 Thread 0x00000174322b28c0 Uncommon trap: trap_request=0xffffffbe fr.pc=0x00000174106742bc relative=0x0000000000000cbc
Event: 208.238 Thread 0x00000174322b28c0 Uncommon trap: reason=profile_predicate action=maybe_recompile pc=0x00000174106742bc method=java.io.DataOutputStream.writeUTF(Ljava/lang/String;Ljava/io/DataOutput;)I @ 168 c2
Event: 208.238 Thread 0x00000174322b28c0 DEOPT PACKING pc=0x00000174106742bc sp=0x00000072d8df8e90
Event: 208.238 Thread 0x00000174322b28c0 DEOPT UNPACKING pc=0x000001740f9446a2 sp=0x00000072d8df8e38 mode 2
Event: 208.993 Thread 0x00000174322b28c0 DEOPT PACKING pc=0x0000017408b18179 sp=0x00000072d8df8fa0
Event: 208.993 Thread 0x00000174322b28c0 DEOPT UNPACKING pc=0x000001740f944e42 sp=0x00000072d8df8490 mode 0
Event: 209.572 Thread 0x00000174322b28c0 DEOPT PACKING pc=0x000001740951e4d5 sp=0x00000072d8df69e0
Event: 209.572 Thread 0x00000174322b28c0 DEOPT UNPACKING pc=0x000001740f944e42 sp=0x00000072d8df5f18 mode 0
Event: 209.620 Thread 0x00000174322b28c0 DEOPT PACKING pc=0x0000017409569a4e sp=0x00000072d8df6af0
Event: 209.620 Thread 0x00000174322b28c0 DEOPT UNPACKING pc=0x000001740f944e42 sp=0x00000072d8df5f30 mode 0

Classes loaded (20 events):
Event: 38.901 Loading class java/lang/Short$ShortCache
Event: 38.902 Loading class java/lang/Short$ShortCache done
Event: 38.904 Loading class java/util/AbstractList$ListItr
Event: 38.904 Loading class java/util/AbstractList$ListItr done
Event: 38.917 Loading class java/io/NotSerializableException
Event: 38.918 Loading class java/io/NotSerializableException done
Event: 38.927 Loading class java/util/Collections$EmptyListIterator
Event: 38.927 Loading class java/util/Collections$EmptyListIterator done
Event: 38.944 Loading class java/time/Instant$1
Event: 38.944 Loading class java/time/Instant$1 done
Event: 39.016 Loading class java/net/UrlDeserializedState
Event: 39.016 Loading class java/net/UrlDeserializedState done
Event: 39.017 Loading class java/net/Proxy
Event: 39.017 Loading class java/net/Proxy done
Event: 39.035 Loading class java/util/concurrent/CompletableFuture$AsyncRun
Event: 39.040 Loading class java/util/concurrent/CompletableFuture$AsyncRun done
Event: 65.814 Loading class jdk/internal/math/FormattedFPDecimal
Event: 65.815 Loading class jdk/internal/math/FormattedFPDecimal done
Event: 65.816 Loading class sun/text/resources/cldr/FormatData_en
Event: 65.823 Loading class sun/text/resources/cldr/FormatData_en done

Classes unloaded (0 events):
No events

Classes redefined (0 events):
No events

Internal exceptions (20 events):
Event: 115.443 Thread 0x0000017436dbfc90 Exception <a 'sun/nio/fs/WindowsException'{0x00000000ef7b69c8}> (0x00000000ef7b69c8) 
thrown [s\open\src\hotspot\share\prims\jni.cpp, line 520]
Event: 191.758 Thread 0x0000017436dbfc90 Exception <a 'sun/nio/fs/WindowsException'{0x00000000eec4aef0}> (0x00000000eec4aef0) 
thrown [s\open\src\hotspot\share\prims\jni.cpp, line 520]
Event: 191.771 Thread 0x0000017436dbfc90 Exception <a 'sun/nio/fs/WindowsException'{0x00000000eec4b510}> (0x00000000eec4b510) 
thrown [s\open\src\hotspot\share\prims\jni.cpp, line 520]
Event: 191.775 Thread 0x0000017436dbfc90 Exception <a 'sun/nio/fs/WindowsException'{0x00000000eec4bb40}> (0x00000000eec4bb40) 
thrown [s\open\src\hotspot\share\prims\jni.cpp, line 520]
Event: 191.779 Thread 0x0000017436dbfc90 Exception <a 'sun/nio/fs/WindowsException'{0x00000000eec4c1a0}> (0x00000000eec4c1a0) 
thrown [s\open\src\hotspot\share\prims\jni.cpp, line 520]
Event: 191.791 Thread 0x0000017436dbfc90 Exception <a 'sun/nio/fs/WindowsException'{0x00000000eec4c840}> (0x00000000eec4c840) 
thrown [s\open\src\hotspot\share\prims\jni.cpp, line 520]
Event: 191.795 Thread 0x0000017436dbfc90 Exception <a 'sun/nio/fs/WindowsException'{0x00000000eec4cec0}> (0x00000000eec4cec0) 
thrown [s\open\src\hotspot\share\prims\jni.cpp, line 520]
Event: 191.800 Thread 0x0000017436dbfc90 Exception <a 'sun/nio/fs/WindowsException'{0x00000000eec4d520}> (0x00000000eec4d520) 
thrown [s\open\src\hotspot\share\prims\jni.cpp, line 520]
Event: 191.968 Thread 0x0000017436dbfc90 Exception <a 'sun/nio/fs/WindowsException'{0x00000000eec4db10}> (0x00000000eec4db10) 
thrown [s\open\src\hotspot\share\prims\jni.cpp, line 520]
Event: 191.973 Thread 0x0000017436dbfc90 Exception <a 'sun/nio/fs/WindowsException'{0x00000000eec4e0d8}> (0x00000000eec4e0d8) 
thrown [s\open\src\hotspot\share\prims\jni.cpp, line 520]
Event: 191.979 Thread 0x0000017436dbfc90 Exception <a 'sun/nio/fs/WindowsException'{0x00000000eec4e728}> (0x00000000eec4e728) 
thrown [s\open\src\hotspot\share\prims\jni.cpp, line 520]
Event: 191.990 Thread 0x0000017436dbfc90 Exception <a 'sun/nio/fs/WindowsException'{0x00000000eec4ee18}> (0x00000000eec4ee18) 
thrown [s\open\src\hotspot\share\prims\jni.cpp, line 520]
Event: 192.003 Thread 0x0000017436dbfc90 Exception <a 'sun/nio/fs/WindowsException'{0x00000000eec4f4e0}> (0x00000000eec4f4e0) 
thrown [s\open\src\hotspot\share\prims\jni.cpp, line 520]
Event: 192.012 Thread 0x0000017436dbfc90 Exception <a 'sun/nio/fs/WindowsException'{0x00000000eec4fb38}> (0x00000000eec4fb38) 
thrown [s\open\src\hotspot\share\prims\jni.cpp, line 520]
Event: 197.975 Thread 0x00000174322b28c0 Implicit null exception at 0x0000017410665e31 to 0x0000017410666318
Event: 198.145 Thread 0x00000174322b28c0 Exception <a 'sun/nio/fs/WindowsException'{0x00000000ef4a1958}> (0x00000000ef4a1958) 
thrown [s\open\src\hotspot\share\prims\jni.cpp, line 520]
Event: 208.834 Thread 0x00000174322b28c0 Exception <a 'sun/nio/fs/WindowsException'{0x00000000ee16e7a0}> (0x00000000ee16e7a0) 
thrown [s\open\src\hotspot\share\prims\jni.cpp, line 520]
Event: 208.835 Thread 0x00000174322b28c0 Exception <a 'sun/nio/fs/WindowsException'{0x00000000ee16fc80}> (0x00000000ee16fc80) 
thrown [s\open\src\hotspot\share\prims\jni.cpp, line 520]
Event: 208.836 Thread 0x00000174322b28c0 Exception <a 'sun/nio/fs/WindowsException'{0x00000000ee171150}> (0x00000000ee171150) 
thrown [s\open\src\hotspot\share\prims\jni.cpp, line 520]
Event: 208.836 Thread 0x00000174322b28c0 Exception <a 'sun/nio/fs/WindowsException'{0x00000000ee172218}> (0x00000000ee172218) 
thrown [s\open\src\hotspot\share\prims\jni.cpp, line 520]

ZGC Phase Switch (0 events):
No events

VM Operations (20 events):
Event: 195.494 Executing VM operation: HandshakeAllThreads (Deoptimize)
Event: 195.494 Executing VM operation: HandshakeAllThreads (Deoptimize) done
Event: 196.512 Executing VM operation: Cleanup
Event: 197.874 Executing VM operation: Cleanup done
Event: 198.885 Executing VM operation: Cleanup
Event: 199.530 Executing VM operation: Cleanup done
Event: 200.534 Executing VM operation: Cleanup
Event: 201.442 Executing VM operation: Cleanup done
Event: 202.451 Executing VM operation: Cleanup
Event: 202.483 Executing VM operation: Cleanup done
Event: 203.485 Executing VM operation: Cleanup
Event: 203.502 Executing VM operation: Cleanup done
Event: 204.506 Executing VM operation: Cleanup
Event: 204.506 Executing VM operation: Cleanup done
Event: 206.526 Executing VM operation: Cleanup
Event: 206.526 Executing VM operation: Cleanup done
Event: 207.538 Executing VM operation: Cleanup
Event: 207.822 Executing VM operation: Cleanup done
Event: 208.833 Executing VM operation: Cleanup
Event: 208.833 Executing VM operation: Cleanup done

Events (20 events):
Event: 208.499 Thread 0x0000017435b6fc10 Thread added: 0x0000017435b6fc10
Event: 208.756 Thread 0x0000017435b702a0 Thread added: 0x0000017435b702a0
Event: 208.859 Thread 0x0000017433edb720 Thread added: 0x0000017433edb720
Event: 209.241 Thread 0x0000017435b70930 Thread added: 0x0000017435b70930
Event: 209.281 Thread 0x0000017433edb720 Thread exited: 0x0000017433edb720
Event: 209.467 Thread 0x0000017435b70fc0 Thread added: 0x0000017435b70fc0
Event: 209.468 Thread 0x0000017435b71650 Thread added: 0x0000017435b71650
Event: 209.468 Thread 0x0000017435b6ba70 Thread added: 0x0000017435b6ba70
Event: 209.469 Thread 0x0000017435b6c100 Thread added: 0x0000017435b6c100
Event: 209.470 Thread 0x0000017435b6ce20 Thread added: 0x0000017435b6ce20
Event: 209.470 Thread 0x00000174361ffe10 Thread added: 0x00000174361ffe10
Event: 209.471 Thread 0x0000017436200b30 Thread added: 0x0000017436200b30
Event: 209.575 Thread 0x00000174361fdd40 Thread added: 0x00000174361fdd40
Event: 209.575 Thread 0x00000174361fbc70 Thread added: 0x00000174361fbc70
Event: 209.576 Thread 0x00000174361ff780 Thread added: 0x00000174361ff780
Event: 209.577 Thread 0x00000174361fea60 Thread added: 0x00000174361fea60
Event: 209.578 Thread 0x00000174361fe3d0 Thread added: 0x00000174361fe3d0
Event: 209.579 Thread 0x00000174361ff0f0 Thread added: 0x00000174361ff0f0
Event: 209.579 Thread 0x0000017436202c00 Thread added: 0x0000017436202c00
Event: 209.609 Thread 0x0000017433eda980 Thread added: 0x0000017433eda980


Dynamic libraries:
0x00007ff61fda0000 - 0x00007ff61fdb0000 	C:\Program Files\Java\jdk-21\bin\java.exe
0x00007ffac90d0000 - 0x00007ffac92e7000 	C:\WINDOWS\SYSTEM32\ntdll.dll
0x00007ffac7d20000 - 0x00007ffac7de4000 	C:\WINDOWS\System32\KERNEL32.DLL
0x00007ffac6420000 - 0x00007ffac67f3000 	C:\WINDOWS\System32\KERNELBASE.dll
0x00007ffac69f0000 - 0x00007ffac6b01000 	C:\WINDOWS\System32\ucrtbase.dll
0x00007ffab12c0000 - 0x00007ffab12db000 	C:\Program Files\Java\jdk-21\bin\VCRUNTIME140.dll
0x00007ffab05a0000 - 0x00007ffab05b9000 	C:\Program Files\Java\jdk-21\bin\jli.dll
0x00007ffac83b0000 - 0x00007ffac8461000 	C:\WINDOWS\System32\ADVAPI32.dll
0x00007ffac7970000 - 0x00007ffac7a17000 	C:\WINDOWS\System32\msvcrt.dll
0x00007ffac77a0000 - 0x00007ffac7848000 	C:\WINDOWS\System32\sechost.dll
0x00007ffac6b10000 - 0x00007ffac6b38000 	C:\WINDOWS\System32\bcrypt.dll
0x00007ffac7a40000 - 0x00007ffac7b54000 	C:\WINDOWS\System32\RPCRT4.dll
0x00007ffac7b60000 - 0x00007ffac7d11000 	C:\WINDOWS\System32\USER32.dll
0x00007ffac6b40000 - 0x00007ffac6b66000 	C:\WINDOWS\System32\win32u.dll
0x00007ffac76f0000 - 0x00007ffac7719000 	C:\WINDOWS\System32\GDI32.dll
0x00007ffac61e0000 - 0x00007ffac62fb000 	C:\WINDOWS\System32\gdi32full.dll
0x00007ffac6300000 - 0x00007ffac639a000 	C:\WINDOWS\System32\msvcp_win.dll
0x00007ffabd850000 - 0x00007ffabd85a000 	C:\WINDOWS\SYSTEM32\VERSION.dll
0x00007ffab4710000 - 0x00007ffab49a8000 	C:\WINDOWS\WinSxS\amd64_microsoft.windows.common-controls_6595b64144ccf1df_6.0.22621.5124_none_270e8f4f7386d69d\COMCTL32.dll
0x00007ffac76a0000 - 0x00007ffac76d1000 	C:\WINDOWS\System32\IMM32.DLL
0x00007ffab12b0000 - 0x00007ffab12bc000 	C:\Program Files\Java\jdk-21\bin\vcruntime140_1.dll
0x00007ffa980e0000 - 0x00007ffa9816e000 	C:\Program Files\Java\jdk-21\bin\msvcp140.dll
0x00007ffa43bc0000 - 0x00007ffa448da000 	C:\Program Files\Java\jdk-21\bin\server\jvm.dll
0x00007ffac8b50000 - 0x00007ffac8bc1000 	C:\WINDOWS\System32\WS2_32.dll
0x00007ffac0a40000 - 0x00007ffac0a74000 	C:\WINDOWS\SYSTEM32\WINMM.dll
0x00007ffac5a70000 - 0x00007ffac5abd000 	C:\WINDOWS\SYSTEM32\POWRPROF.dll
0x00007ffac5a50000 - 0x00007ffac5a63000 	C:\WINDOWS\SYSTEM32\UMPDC.dll
0x00007ffac51d0000 - 0x00007ffac51e8000 	C:\WINDOWS\SYSTEM32\kernel.appcore.dll
0x00007ffab08a0000 - 0x00007ffab08aa000 	C:\Program Files\Java\jdk-21\bin\jimage.dll
0x00007ffac3a20000 - 0x00007ffac3c52000 	C:\WINDOWS\SYSTEM32\DBGHELP.DLL
0x00007ffac8000000 - 0x00007ffac8392000 	C:\WINDOWS\System32\combase.dll
0x00007ffac7f20000 - 0x00007ffac7ff7000 	C:\WINDOWS\System32\OLEAUT32.dll
0x00007ffa9e9d0000 - 0x00007ffa9ea02000 	C:\WINDOWS\SYSTEM32\dbgcore.DLL
0x00007ffac63a0000 - 0x00007ffac641b000 	C:\WINDOWS\System32\bcryptPrimitives.dll
0x00007ffab04b0000 - 0x00007ffab04bf000 	C:\Program Files\Java\jdk-21\bin\instrument.dll
0x00007ffab03c0000 - 0x00007ffab03df000 	C:\Program Files\Java\jdk-21\bin\java.dll
0x00007ffac6d80000 - 0x00007ffac7616000 	C:\WINDOWS\System32\SHELL32.dll
0x00007ffac6b70000 - 0x00007ffac6caf000 	C:\WINDOWS\System32\wintypes.dll
0x00007ffac40b0000 - 0x00007ffac49ca000 	C:\WINDOWS\SYSTEM32\windows.storage.dll
0x00007ffac7e10000 - 0x00007ffac7f1a000 	C:\WINDOWS\System32\SHCORE.dll
0x00007ffac7720000 - 0x00007ffac7783000 	C:\WINDOWS\System32\shlwapi.dll
0x00007ffac6110000 - 0x00007ffac613b000 	C:\WINDOWS\SYSTEM32\profapi.dll
0x00007ffa98000000 - 0x00007ffa980d7000 	C:\Program Files\Java\jdk-21\bin\jsvml.dll
0x00007ffab0300000 - 0x00007ffab0318000 	C:\Program Files\Java\jdk-21\bin\zip.dll
0x00007ffab0420000 - 0x00007ffab0430000 	C:\Program Files\Java\jdk-21\bin\net.dll
0x00007ffac0f20000 - 0x00007ffac104c000 	C:\WINDOWS\SYSTEM32\WINHTTP.dll
0x00007ffac5640000 - 0x00007ffac56aa000 	C:\WINDOWS\system32\mswsock.dll
0x00007ffaaff20000 - 0x00007ffaaff36000 	C:\Program Files\Java\jdk-21\bin\nio.dll
0x00007ffaafe40000 - 0x00007ffaafe50000 	C:\Program Files\Java\jdk-21\bin\verify.dll
0x00007ffab12e0000 - 0x00007ffab1307000 	C:\Users\alsrb\.gradle\native\1def1411415f61bf3af743bc5b6707747c0891f09f0c88961ee8f79bc544acac\windows-amd64\native-platform.dll
0x00007ffa97c50000 - 0x00007ffa97cc8000 	C:\Users\alsrb\.gradle\native\0.2.7\x86_64-windows-gnu\gradle-fileevents.dll
0x00007ffaaf980000 - 0x00007ffaaf98a000 	C:\Program Files\Java\jdk-21\bin\management.dll
0x00007ffaaf970000 - 0x00007ffaaf97b000 	C:\Program Files\Java\jdk-21\bin\management_ext.dll
0x00007ffac6d70000 - 0x00007ffac6d78000 	C:\WINDOWS\System32\PSAPI.DLL
0x00007ffac4c30000 - 0x00007ffac4c5d000 	C:\WINDOWS\SYSTEM32\IPHLPAPI.DLL
0x00007ffac76e0000 - 0x00007ffac76e9000 	C:\WINDOWS\System32\NSI.dll
0x00007ffaae5b0000 - 0x00007ffaae5b9000 	C:\Program Files\Java\jdk-21\bin\extnet.dll
0x00007ffac5a10000 - 0x00007ffac5a2b000 	C:\WINDOWS\SYSTEM32\CRYPTSP.dll
0x00007ffac5130000 - 0x00007ffac5167000 	C:\WINDOWS\system32\rsaenh.dll
0x00007ffac56e0000 - 0x00007ffac5708000 	C:\WINDOWS\SYSTEM32\USERENV.dll
0x00007ffac59e0000 - 0x00007ffac59ec000 	C:\WINDOWS\SYSTEM32\CRYPTBASE.dll
0x00007ffaae5a0000 - 0x00007ffaae5ae000 	C:\Program Files\Java\jdk-21\bin\sunmscapi.dll
0x00007ffac6800000 - 0x00007ffac6967000 	C:\WINDOWS\System32\CRYPT32.dll
0x00007ffac5b70000 - 0x00007ffac5b9d000 	C:\WINDOWS\SYSTEM32\ncrypt.dll
0x00007ffac5b30000 - 0x00007ffac5b67000 	C:\WINDOWS\SYSTEM32\NTASN1.dll
0x00007ffa8b0f0000 - 0x00007ffa8b0f8000 	C:\WINDOWS\system32\wshunix.dll

dbghelp: loaded successfully - version: 4.0.5 - missing functions: none
symbol engine: initialized successfully - sym options: 0x614 - pdb path: .;C:\Program Files\Java\jdk-21\bin;C:\WINDOWS\SYSTEM32;C:\WINDOWS\WinSxS\amd64_microsoft.windows.common-controls_6595b64144ccf1df_6.0.22621.5124_none_270e8f4f7386d69d;C:\Program Files\Java\jdk-21\bin\server;C:\Users\alsrb\.gradle\native\1def1411415f61bf3af743bc5b6707747c0891f09f0c88961ee8f79bc544acac\windows-amd64;C:\Users\alsrb\.gradle\native\0.2.7\x86_64-windows-gnu

VM Arguments:
jvm_args: --add-opens=java.base/java.lang=ALL-UNNAMED --add-opens=java.base/java.lang.invoke=ALL-UNNAMED --add-opens=java.base/java.util=ALL-UNNAMED --add-opens=java.prefs/java.util.prefs=ALL-UNNAMED --add-exports=jdk.compiler/com.sun.tools.javac.api=ALL-UNNAMED --add-exports=jdk.compiler/com.sun.tools.javac.util=ALL-UNNAMED --add-opens=java.base/java.util=ALL-UNNAMED --add-opens=java.prefs/java.util.prefs=ALL-UNNAMED --add-opens=java.base/java.nio.charset=ALL-UNNAMED --add-opens=java.base/java.net=ALL-UNNAMED --add-opens=java.base/java.util.concurrent.atomic=ALL-UNNAMED --add-opens=java.xml/javax.xml.namespace=ALL-UNNAMED -XX:MaxMetaspaceSize=384m -XX:+HeapDumpOnOutOfMemoryError -Xms256m -Xmx512m -Dfile.encoding=UTF-8 -Duser.country=KR -Duser.language=ko -Duser.variant -javaagent:C:\Users\alsrb\.gradle\wrapper\dists\gradle-8.13-bin\5xuhj0ry160q40clulazy9h7d\gradle-8.13\lib\agents\gradle-instrumentation-agent-8.13.jar 
java_command: org.gradle.launcher.daemon.bootstrap.GradleDaemon 8.13
java_class_path (initial): C:\Users\alsrb\.gradle\wrapper\dists\gradle-8.13-bin\5xuhj0ry160q40clulazy9h7d\gradle-8.13\lib\gradle-daemon-main-8.13.jar
Launcher Type: SUN_STANDARD

[Global flags]
     intx CICompilerCount                          = 4                                         {product} {ergonomic}
   size_t CompressedClassSpaceSize                 = 335544320                                 {product} {ergonomic}
     uint ConcGCThreads                            = 2                                         {product} {ergonomic}
     uint G1ConcRefinementThreads                  = 8                                         {product} {ergonomic}
   size_t G1HeapRegionSize                         = 1048576                                   {product} {ergonomic}
    uintx GCDrainStackTargetSize                   = 64                                        {product} {ergonomic}
     bool HeapDumpOnOutOfMemoryError               = true                                   {manageable} {command line}
   size_t InitialHeapSize                          = 268435456                                 {product} {command line}
   size_t MarkStackSize                            = 4194304                                   {product} {ergonomic}
   size_t MaxHeapSize                              = 536870912                                 {product} {command line}
   size_t MaxMetaspaceSize                         = 402653184                                 {product} {command line}
   size_t MaxNewSize                               = 321912832                                 {product} {ergonomic}
   size_t MinHeapDeltaBytes                        = 1048576                                   {product} {ergonomic}
   size_t MinHeapSize                              = 268435456                                 {product} {command line}
    uintx NonNMethodCodeHeapSize                   = 5839372                                {pd product} {ergonomic}
    uintx NonProfiledCodeHeapSize                  = 122909434                              {pd product} {ergonomic}
    uintx ProfiledCodeHeapSize                     = 122909434                              {pd product} {ergonomic}
    uintx ReservedCodeCacheSize                    = 251658240                              {pd product} {ergonomic}
     bool SegmentedCodeCache                       = true                                      {product} {ergonomic}
   size_t SoftMaxHeapSize                          = 536870912                              {manageable} {ergonomic}
     bool UseCompressedOops                        = true                           {product lp64_product} {ergonomic}
     bool UseG1GC                                  = true                                      {product} {ergonomic}
     bool UseLargePagesIndividualAllocation        = false                                  {pd product} {ergonomic}

Logging:
Log output configuration:
 #0: stdout all=warning uptime,level,tags foldmultilines=false
 #1: stderr all=off uptime,level,tags foldmultilines=false

Environment Variables:
PATH=C:\Program Files\Common Files\Oracle\Java\javapath;C:\Python312\Scripts\;C:\Python312\;C:\app\alsrb\product\21c\dbhomeXE\bin;C:\Program Files (x86)\Intel\Intel(R) Management Engine Components\iCLS\;C:\Program Files\Intel\Intel(R) Management Engine Components\iCLS\;C:\WINDOWS\system32;C:\WINDOWS;C:\WINDOWS\System32\Wbem;C:\WINDOWS\System32\WindowsPowerShell\v1.0\;C:\WINDOWS\System32\OpenSSH\;C:\Program Files (x86)\NVIDIA Corporation\PhysX\Common;C:\Program Files (x86)\Intel\Intel(R) Management Engine Components\DAL;C:\Program Files\Intel\Intel(R) Management Engine Components\DAL;C:\Program Files\Intel\WiFi\bin\;C:\Program Files\Common Files\Intel\WirelessCommon\;C:\Program Files\Java\jre1.8.0_261;C:\Program Files\dotnet\;C:\WINDOWS\system32;C:\WINDOWS;C:\WINDOWS\System32\Wbem;C:\WINDOWS\System32\WindowsPowerShell\v1.0\;C:\WINDOWS\System32\OpenSSH\;C:\Program Files\Calibre2\;C:\ProgramData\chocolatey\bin;C:\Program Files\Git\cmd;C:\Users\alsrb\AppData\Local\Microsoft\WindowsApps;C:\Program Files\Intel\WiFi\bin\;C:\Program Files\Common Files\Intel\WirelessCommon\;C:\Program Files\Bandizip\;;C:\Users\alsrb\AppData\Local\afreeca;C:\Users\alsrb\AppData\Local\Programs\Microsoft VS Code\bin;C:\Users\alsrb\AppData\Local\SOOP;C:\Program Files\JetBrains\IntelliJ IDEA 2024.3.5\bin;
USERNAME=alsrb
OS=Windows_NT
PROCESSOR_IDENTIFIER=Intel64 Family 6 Model 142 Stepping 10, GenuineIntel
TMP=C:\Users\alsrb\AppData\Local\Temp
TEMP=C:\Users\alsrb\AppData\Local\Temp




Periodic native trim disabled

---------------  S Y S T E M  ---------------

OS:
 Windows 11 , 64 bit Build 22621 (10.0.22621.5124)
OS uptime: 4 days 19:23 hours
Hyper-V role detected

CPU: total 8 (initial active 8) (4 cores per cpu, 2 threads per core) family 6 model 142 stepping 10 microcode 0xe0, cx8, cmov, fxsr, ht, mmx, 3dnowpref, sse, sse2, sse3, ssse3, sse4.1, sse4.2, popcnt, lzcnt, tsc, tscinvbit, avx, avx2, aes, erms, clmul, bmi1, bmi2, adx, fma, vzeroupper, clflush, clflushopt, hv, rdtscp, f16c
Processor Information for processor 0
  Max Mhz: 1801, Current Mhz: 1600, Mhz Limit: 1584
Processor Information for processor 1
  Max Mhz: 1801, Current Mhz: 1600, Mhz Limit: 1584
Processor Information for processor 2
  Max Mhz: 1801, Current Mhz: 1600, Mhz Limit: 1584
Processor Information for processor 3
  Max Mhz: 1801, Current Mhz: 1600, Mhz Limit: 1584
Processor Information for processor 4
  Max Mhz: 1801, Current Mhz: 1600, Mhz Limit: 1584
Processor Information for processor 5
  Max Mhz: 1801, Current Mhz: 1600, Mhz Limit: 1584
Processor Information for processor 6
  Max Mhz: 1801, Current Mhz: 1600, Mhz Limit: 1584
Processor Information for processor 7
  Max Mhz: 1801, Current Mhz: 1500, Mhz Limit: 1584

Memory: 4k page, system-wide physical 8096M (412M free)
TotalPageFile size 32611M (AvailPageFile size 0M)
current process WorkingSet (physical memory assigned to process): 177M, peak: 503M
current process commit charge ("private bytes"): 522M, peak: 573M

vm_info: Java HotSpot(TM) 64-Bit Server VM (21.0.6+8-LTS-188) for windows-amd64 JRE (21.0.6+8-LTS-188), built on 2024-12-03T10:50:54Z by "mach5one" with MS VC++ 17.6 (VS2022)

END.
