#
# There is insufficient memory for the Java Runtime Environment to continue.
# Native memory allocation (malloc) failed to allocate 475216 bytes for Chunk::new
# Possible reasons:
#   The system is out of physical RAM or swap space
#   The process is running with CompressedOops enabled, and the Java Heap may be blocking the growth of the native heap
# Possible solutions:
#   Reduce memory load on the system
#   Increase physical memory or swap space
#   Check if swap backing store is full
#   Decrease Java heap size (-Xmx/-Xms)
#   Decrease number of Java threads
#   Decrease Java thread stack sizes (-Xss)
#   Set larger code cache with -XX:ReservedCodeCacheSize=
#   JVM is running with Unscaled Compressed Oops mode in which the Java heap is
#     placed in the first 4GB address space. The Java Heap base address is the
#     maximum limit for the native heap growth. Please use -XX:HeapBaseMinAddress
#     to set the Java Heap base and to place the Java Heap above 4GB virtual address.
# This output file may be truncated or incomplete.
#
#  Out of Memory Error (arena.cpp:168), pid=22560, tid=29548
#
# JRE version: Java(TM) SE Runtime Environment (21.0.6+8) (build 21.0.6+8-LTS-188)
# Java VM: Java HotSpot(TM) 64-Bit Server VM (21.0.6+8-LTS-188, mixed mode, sharing, tiered, compressed oops, compressed class ptrs, g1 gc, windows-amd64)
# No core dump will be written. Minidumps are not enabled by default on client versions of Windows
#

---------------  S U M M A R Y ------------

Command Line: --add-opens=java.base/java.lang=ALL-UNNAMED --add-opens=java.base/java.lang.invoke=ALL-UNNAMED --add-opens=java.base/java.util=ALL-UNNAMED --add-opens=java.prefs/java.util.prefs=ALL-UNNAMED --add-exports=jdk.compiler/com.sun.tools.javac.api=ALL-UNNAMED --add-exports=jdk.compiler/com.sun.tools.javac.util=ALL-UNNAMED --add-opens=java.base/java.util=ALL-UNNAMED --add-opens=java.prefs/java.util.prefs=ALL-UNNAMED --add-opens=java.base/java.nio.charset=ALL-UNNAMED --add-opens=java.base/java.net=ALL-UNNAMED --add-opens=java.base/java.util.concurrent.atomic=ALL-UNNAMED --add-opens=java.xml/javax.xml.namespace=ALL-UNNAMED -XX:MaxMetaspaceSize=384m -XX:+HeapDumpOnOutOfMemoryError -Xms256m -Xmx512m -Dfile.encoding=UTF-8 -Duser.country=KR -Duser.language=ko -Duser.variant -javaagent:C:\Users\alsrb\.gradle\wrapper\dists\gradle-8.13-bin\5xuhj0ry160q40clulazy9h7d\gradle-8.13\lib\agents\gradle-instrumentation-agent-8.13.jar org.gradle.launcher.daemon.bootstrap.GradleDaemon 8.13

Host: Intel(R) Core(TM) i5-8250U CPU @ 1.60GHz, 8 cores, 7G,  Windows 11 , 64 bit Build 22621 (10.0.22621.5124)
Time: Tue May  6 14:41:19 2025  Windows 11 , 64 bit Build 22621 (10.0.22621.5124) elapsed time: 59.357769 seconds (0d 0h 0m 59s)

---------------  T H R E A D  ---------------

Current thread (0x00000236a1843030):  JavaThread "C2 CompilerThread0" daemon [_thread_in_native, id=29548, stack(0x000000eb40100000,0x000000eb40200000) (1024K)]


Current CompileTask:
C2:  59357 4607       4       java.lang.invoke.InvokerBytecodeGenerator::emitPushArguments (45 bytes)

Stack: [0x000000eb40100000,0x000000eb40200000]
Native frames: (J=compiled Java code, j=interpreted, Vv=VM code, C=native code)
V  [jvm.dll+0x6ca6d9]
V  [jvm.dll+0x854f51]
V  [jvm.dll+0x85747e]
V  [jvm.dll+0x857b53]
V  [jvm.dll+0x27dcc6]
V  [jvm.dll+0xc4c2d]
V  [jvm.dll+0xc5163]
V  [jvm.dll+0x3b515c]
V  [jvm.dll+0x381855]
V  [jvm.dll+0x380cca]
V  [jvm.dll+0x246920]
V  [jvm.dll+0x245eff]
V  [jvm.dll+0x1c6d2e]
V  [jvm.dll+0x2554f9]
V  [jvm.dll+0x253a8a]
V  [jvm.dll+0x3ee576]
V  [jvm.dll+0x7ff2fb]
V  [jvm.dll+0x6c8dbd]
C  [ucrtbase.dll+0x29333]
C  [KERNEL32.DLL+0x1259d]
C  [ntdll.dll+0x5af38]


---------------  P R O C E S S  ---------------

Threads class SMR info:
_java_thread_list=0x00000236be6647a0, length=35, elements={
0x0000023686b2db10, 0x00000236a18154c0, 0x00000236a1818080, 0x00000236a1819320,
0x00000236a181be80, 0x00000236a181e8e0, 0x00000236a1821b60, 0x00000236a1843030,
0x00000236a18482e0, 0x00000236a1985fd0, 0x00000236a1b5c3a0, 0x00000236bc715a10,
0x00000236bc761910, 0x00000236bc7612b0, 0x00000236bc62d090, 0x00000236bc788180,
0x00000236bc80c2f0, 0x00000236bc69f9f0, 0x00000236a1bc14d0, 0x00000236bc75b870,
0x00000236bc759e30, 0x00000236bc75a4c0, 0x00000236bc75ab50, 0x00000236bc75b1e0,
0x00000236bc75c590, 0x00000236bc759110, 0x00000236bc7597a0, 0x00000236be216c30,
0x00000236be2165a0, 0x00000236be215880, 0x00000236be2172c0, 0x00000236be218670,
0x00000236be2151f0, 0x00000236a1936160, 0x00000236a1846e70
}

Java Threads: ( => current thread )
  0x0000023686b2db10 JavaThread "main"                              [_thread_blocked, id=28224, stack(0x000000eb3f300000,0x000000eb3f400000) (1024K)]
  0x00000236a18154c0 JavaThread "Reference Handler"          daemon [_thread_blocked, id=24720, stack(0x000000eb3fb00000,0x000000eb3fc00000) (1024K)]
  0x00000236a1818080 JavaThread "Finalizer"                  daemon [_thread_blocked, id=10100, stack(0x000000eb3fc00000,0x000000eb3fd00000) (1024K)]
  0x00000236a1819320 JavaThread "Signal Dispatcher"          daemon [_thread_blocked, id=12424, stack(0x000000eb3fd00000,0x000000eb3fe00000) (1024K)]
  0x00000236a181be80 JavaThread "Attach Listener"            daemon [_thread_blocked, id=24180, stack(0x000000eb3fe00000,0x000000eb3ff00000) (1024K)]
  0x00000236a181e8e0 JavaThread "Service Thread"             daemon [_thread_blocked, id=27468, stack(0x000000eb3ff00000,0x000000eb40000000) (1024K)]
  0x00000236a1821b60 JavaThread "Monitor Deflation Thread"   daemon [_thread_blocked, id=23832, stack(0x000000eb40000000,0x000000eb40100000) (1024K)]
=>0x00000236a1843030 JavaThread "C2 CompilerThread0"         daemon [_thread_in_native, id=29548, stack(0x000000eb40100000,0x000000eb40200000) (1024K)]
  0x00000236a18482e0 JavaThread "C1 CompilerThread0"         daemon [_thread_in_native, id=17240, stack(0x000000eb40200000,0x000000eb40300000) (1024K)]
  0x00000236a1985fd0 JavaThread "Common-Cleaner"             daemon [_thread_blocked, id=28196, stack(0x000000eb40300000,0x000000eb40400000) (1024K)]
  0x00000236a1b5c3a0 JavaThread "Notification Thread"        daemon [_thread_blocked, id=1160, stack(0x000000eb40400000,0x000000eb40500000) (1024K)]
  0x00000236bc715a10 JavaThread "Daemon health stats"               [_thread_blocked, id=12888, stack(0x000000eb40500000,0x000000eb40600000) (1024K)]
  0x00000236bc761910 JavaThread "Incoming local TCP Connector on port 8890"        [_thread_in_native, id=25616, stack(0x000000eb40d00000,0x000000eb40e00000) (1024K)]
  0x00000236bc7612b0 JavaThread "Daemon periodic checks"            [_thread_blocked, id=23364, stack(0x000000eb40e00000,0x000000eb40f00000) (1024K)]
  0x00000236bc62d090 JavaThread "Daemon"                            [_thread_blocked, id=24900, stack(0x000000eb40f00000,0x000000eb41000000) (1024K)]
  0x00000236bc788180 JavaThread "Handler for socket connection from /127.0.0.1:8890 to /127.0.0.1:8891"        [_thread_in_native, id=25948, stack(0x000000eb41000000,0x000000eb41100000) (1024K)]
  0x00000236bc80c2f0 JavaThread "Cancel handler"                    [_thread_blocked, id=24164, stack(0x000000eb41100000,0x000000eb41200000) (1024K)]
  0x00000236bc69f9f0 JavaThread "Daemon worker"                     [_thread_in_Java, id=28264, stack(0x000000eb41200000,0x000000eb41300000) (1024K)]
  0x00000236a1bc14d0 JavaThread "Asynchronous log dispatcher for DefaultDaemonConnection: socket connection from /127.0.0.1:8890 to /127.0.0.1:8891"        [_thread_blocked, id=18780, stack(0x000000eb41300000,0x000000eb41400000) (1024K)]
  0x00000236bc75b870 JavaThread "Stdin handler"                     [_thread_blocked, id=2248, stack(0x000000eb41400000,0x000000eb41500000) (1024K)]
  0x00000236bc759e30 JavaThread "Daemon client event forwarder"        [_thread_blocked, id=8156, stack(0x000000eb41500000,0x000000eb41600000) (1024K)]
  0x00000236bc75a4c0 JavaThread "Cache worker for journal cache (C:\Users\alsrb\.gradle\caches\journal-1)"        [_thread_blocked, id=27940, stack(0x000000eb41600000,0x000000eb41700000) (1024K)]
  0x00000236bc75ab50 JavaThread "File lock request listener"        [_thread_in_native, id=14228, stack(0x000000eb41700000,0x000000eb41800000) (1024K)]
  0x00000236bc75b1e0 JavaThread "Cache worker for file hash cache (C:\Users\alsrb\.gradle\caches\8.13\fileHashes)"        [_thread_blocked, id=2736, stack(0x000000eb41800000,0x000000eb41900000) (1024K)]
  0x00000236bc75c590 JavaThread "File lock release action executor"        [_thread_blocked, id=28604, stack(0x000000eb41a00000,0x000000eb41b00000) (1024K)]
  0x00000236bc759110 JavaThread "Cache worker for file hash cache (C:\Users\alsrb\OneDrive\바탕 화면\한국외대\다니니\.gradle\8.13\fileHashes)"        [_thread_blocked, id=23280, stack(0x000000eb41b00000,0x000000eb41c00000) (1024K)]
  0x00000236bc7597a0 JavaThread "Cache worker for Build Output Cleanup Cache (C:\Users\alsrb\OneDrive\바탕 화면\한국외대\다니니\.gradle\buildOutputCleanup)"        [_thread_blocked, id=28648, stack(0x000000eb41c00000,0x000000eb41d00000) (1024K)]
  0x00000236be216c30 JavaThread "File watcher server"        daemon [_thread_in_native, id=4820, stack(0x000000eb41d00000,0x000000eb41e00000) (1024K)]
  0x00000236be2165a0 JavaThread "File watcher consumer"      daemon [_thread_blocked, id=11504, stack(0x000000eb41e00000,0x000000eb41f00000) (1024K)]
  0x00000236be215880 JavaThread "jar transforms"                    [_thread_blocked, id=27944, stack(0x000000eb41f00000,0x000000eb42000000) (1024K)]
  0x00000236be2172c0 JavaThread "jar transforms Thread 2"           [_thread_blocked, id=15604, stack(0x000000eb42000000,0x000000eb42100000) (1024K)]
  0x00000236be218670 JavaThread "Cache worker for checksums cache (C:\Users\alsrb\OneDrive\바탕 화면\한국외대\다니니\.gradle\8.13\checksums)"        [_thread_blocked, id=6268, stack(0x000000eb42200000,0x000000eb42300000) (1024K)]
  0x00000236be2151f0 JavaThread "Cache worker for file content cache (C:\Users\alsrb\.gradle\caches\8.13\fileContent)"        [_thread_blocked, id=19132, stack(0x000000eb42100000,0x000000eb42200000) (1024K)]
  0x00000236a1936160 JavaThread "jar transforms Thread 3"           [_thread_blocked, id=15192, stack(0x000000eb42300000,0x000000eb42400000) (1024K)]
  0x00000236a1846e70 JavaThread "C2 CompilerThread1"         daemon [_thread_in_native, id=23340, stack(0x000000eb42400000,0x000000eb42500000) (1024K)]
Total: 35

Other Threads:
  0x00000236a174f510 VMThread "VM Thread"                           [id=24296, stack(0x000000eb3fa00000,0x000000eb3fb00000) (1024K)]
  0x00000236a173d060 WatcherThread "VM Periodic Task Thread"        [id=15212, stack(0x000000eb3f900000,0x000000eb3fa00000) (1024K)]
  0x0000023686b58250 WorkerThread "GC Thread#0"                     [id=24188, stack(0x000000eb3f400000,0x000000eb3f500000) (1024K)]
  0x00000236a1bbf020 WorkerThread "GC Thread#1"                     [id=15920, stack(0x000000eb40600000,0x000000eb40700000) (1024K)]
  0x00000236bb100280 WorkerThread "GC Thread#2"                     [id=2092, stack(0x000000eb40700000,0x000000eb40800000) (1024K)]
  0x00000236bb246d80 WorkerThread "GC Thread#3"                     [id=20748, stack(0x000000eb40800000,0x000000eb40900000) (1024K)]
  0x00000236bb6508b0 WorkerThread "GC Thread#4"                     [id=25080, stack(0x000000eb40900000,0x000000eb40a00000) (1024K)]
  0x00000236bb650c50 WorkerThread "GC Thread#5"                     [id=9688, stack(0x000000eb40a00000,0x000000eb40b00000) (1024K)]
  0x00000236bc3ad970 WorkerThread "GC Thread#6"                     [id=23936, stack(0x000000eb40b00000,0x000000eb40c00000) (1024K)]
  0x00000236bc704e20 WorkerThread "GC Thread#7"                     [id=2576, stack(0x000000eb40c00000,0x000000eb40d00000) (1024K)]
  0x0000023686b6c7e0 ConcurrentGCThread "G1 Main Marker"            [id=29512, stack(0x000000eb3f500000,0x000000eb3f600000) (1024K)]
  0x0000023686b6da80 WorkerThread "G1 Conc#0"                       [id=676, stack(0x000000eb3f600000,0x000000eb3f700000) (1024K)]
  0x00000236bc8e6840 WorkerThread "G1 Conc#1"                       [id=21476, stack(0x000000eb41900000,0x000000eb41a00000) (1024K)]
  0x0000023686bee6d0 ConcurrentGCThread "G1 Refine#0"               [id=9876, stack(0x000000eb3f700000,0x000000eb3f800000) (1024K)]
  0x00000236a160e4a0 ConcurrentGCThread "G1 Service"                [id=16100, stack(0x000000eb3f800000,0x000000eb3f900000) (1024K)]
Total: 15

Threads with active compile tasks:
C2 CompilerThread0    59440 4607       4       java.lang.invoke.InvokerBytecodeGenerator::emitPushArguments (45 bytes)
C1 CompilerThread0    59441 4633       3       java.lang.Class::getGenericSuperclass (28 bytes)
C2 CompilerThread1    59441 4611       4       java.io.DataInputStream::readUTF (501 bytes)
Total: 3

VM state: not at safepoint (normal execution)

VM Mutex/Monitor currently owned by a thread:  ([mutex/lock_event])
[0x00007ffa447fca18] MethodCompileQueue_lock - owner thread: 0x0000000000000000

Heap address: 0x00000000e0000000, size: 512 MB, Compressed Oops mode: 32-bit

CDS archive(s) mapped at: [0x00000236a2000000-0x00000236a2c90000-0x00000236a2c90000), size 13172736, SharedBaseAddress: 0x00000236a2000000, ArchiveRelocationMode: 1.
Compressed class space mapped at: 0x00000236a3000000-0x00000236b7000000, reserved size: 335544320
Narrow klass base: 0x00000236a2000000, Narrow klass shift: 0, Narrow klass range: 0x100000000

GC Precious Log:
 CardTable entry size: 512
 Card Set container configuration: InlinePtr #cards 5 size 8 Array Of Cards #cards 12 size 40 Howl #buckets 4 coarsen threshold 1843 Howl Bitmap #cards 512 size 80 coarsen threshold 460 Card regions per heap region 1 cards per card region 2048
 CPUs: 8 total, 8 available
 Memory: 8096M
 Large Page Support: Disabled
 NUMA Support: Disabled
 Compressed Oops: Enabled (32-bit)
 Heap Region Size: 1M
 Heap Min Capacity: 256M
 Heap Initial Capacity: 256M
 Heap Max Capacity: 512M
 Pre-touch: Disabled
 Parallel Workers: 8
 Concurrent Workers: 2
 Concurrent Refinement Workers: 8
 Periodic GC: Disabled

Heap:
 garbage-first heap   total 262144K, used 38915K [0x00000000e0000000, 0x0000000100000000)
  region size 1024K, 16 young (16384K), 9 survivors (9216K)
 Metaspace       used 36306K, committed 37440K, reserved 393216K
  class space    used 5003K, committed 5568K, reserved 327680K

Heap Regions: E=young(eden), S=young(survivor), O=old, HS=humongous(starts), HC=humongous(continues), CS=collection set, F=free, TAMS=top-at-mark-start, PB=parsable bottom
|   0|0x00000000e0000000, 0x00000000e0100000, 0x00000000e0100000|100%|HS|  |TAMS 0x00000000e0000000| PB 0x00000000e0000000| Complete 
|   1|0x00000000e0100000, 0x00000000e0200000, 0x00000000e0200000|100%|HC|  |TAMS 0x00000000e0100000| PB 0x00000000e0100000| Complete 
|   2|0x00000000e0200000, 0x00000000e0300000, 0x00000000e0300000|100%|HC|  |TAMS 0x00000000e0200000| PB 0x00000000e0200000| Complete 
|   3|0x00000000e0300000, 0x00000000e0300000, 0x00000000e0400000|  0%| F|  |TAMS 0x00000000e0300000| PB 0x00000000e0300000| Untracked 
|   4|0x00000000e0400000, 0x00000000e0500000, 0x00000000e0500000|100%| O|  |TAMS 0x00000000e0400000| PB 0x00000000e0400000| Untracked 
|   5|0x00000000e0500000, 0x00000000e0600000, 0x00000000e0600000|100%| O|  |TAMS 0x00000000e0500000| PB 0x00000000e0500000| Untracked 
|   6|0x00000000e0600000, 0x00000000e0700000, 0x00000000e0700000|100%| O|  |TAMS 0x00000000e0600000| PB 0x00000000e0600000| Untracked 
|   7|0x00000000e0700000, 0x00000000e0800000, 0x00000000e0800000|100%|HS|  |TAMS 0x00000000e0700000| PB 0x00000000e0700000| Complete 
|   8|0x00000000e0800000, 0x00000000e0900000, 0x00000000e0900000|100%| O|  |TAMS 0x00000000e0800000| PB 0x00000000e0800000| Untracked 
|   9|0x00000000e0900000, 0x00000000e0a00000, 0x00000000e0a00000|100%| O|  |TAMS 0x00000000e0900000| PB 0x00000000e0900000| Untracked 
|  10|0x00000000e0a00000, 0x00000000e0b00000, 0x00000000e0b00000|100%| O|  |TAMS 0x00000000e0a00000| PB 0x00000000e0a00000| Untracked 
|  11|0x00000000e0b00000, 0x00000000e0c00000, 0x00000000e0c00000|100%| O|  |TAMS 0x00000000e0b00000| PB 0x00000000e0b00000| Untracked 
|  12|0x00000000e0c00000, 0x00000000e0d00000, 0x00000000e0d00000|100%| O|  |TAMS 0x00000000e0c00000| PB 0x00000000e0c00000| Untracked 
|  13|0x00000000e0d00000, 0x00000000e0e00000, 0x00000000e0e00000|100%| O|  |TAMS 0x00000000e0d00000| PB 0x00000000e0d00000| Untracked 
|  14|0x00000000e0e00000, 0x00000000e0f00000, 0x00000000e0f00000|100%| O|  |TAMS 0x00000000e0e00000| PB 0x00000000e0e00000| Untracked 
|  15|0x00000000e0f00000, 0x00000000e1000000, 0x00000000e1000000|100%| O|  |TAMS 0x00000000e0f00000| PB 0x00000000e0f00000| Untracked 
|  16|0x00000000e1000000, 0x00000000e1100000, 0x00000000e1100000|100%| O|  |TAMS 0x00000000e1000000| PB 0x00000000e1000000| Untracked 
|  17|0x00000000e1100000, 0x00000000e1200000, 0x00000000e1200000|100%| O|  |TAMS 0x00000000e1100000| PB 0x00000000e1100000| Untracked 
|  18|0x00000000e1200000, 0x00000000e1300000, 0x00000000e1300000|100%| O|  |TAMS 0x00000000e1200000| PB 0x00000000e1200000| Untracked 
|  19|0x00000000e1300000, 0x00000000e1400000, 0x00000000e1400000|100%| O|  |TAMS 0x00000000e1300000| PB 0x00000000e1300000| Untracked 
|  20|0x00000000e1400000, 0x00000000e1500000, 0x00000000e1500000|100%| O|  |TAMS 0x00000000e1400000| PB 0x00000000e1400000| Untracked 
|  21|0x00000000e1500000, 0x00000000e1600000, 0x00000000e1600000|100%| O|  |TAMS 0x00000000e1500000| PB 0x00000000e1500000| Untracked 
|  22|0x00000000e1600000, 0x00000000e1700000, 0x00000000e1700000|100%| O|  |TAMS 0x00000000e1600000| PB 0x00000000e1600000| Untracked 
|  23|0x00000000e1700000, 0x00000000e1800000, 0x00000000e1800000|100%| O|Cm|TAMS 0x00000000e1700000| PB 0x00000000e1700000| Complete 
|  24|0x00000000e1800000, 0x00000000e185c730, 0x00000000e1900000| 36%| O|  |TAMS 0x00000000e1800000| PB 0x00000000e1800000| Untracked 
|  25|0x00000000e1900000, 0x00000000e1900000, 0x00000000e1a00000|  0%| F|  |TAMS 0x00000000e1900000| PB 0x00000000e1900000| Untracked 
|  26|0x00000000e1a00000, 0x00000000e1a00000, 0x00000000e1b00000|  0%| F|  |TAMS 0x00000000e1a00000| PB 0x00000000e1a00000| Untracked 
|  27|0x00000000e1b00000, 0x00000000e1b00000, 0x00000000e1c00000|  0%| F|  |TAMS 0x00000000e1b00000| PB 0x00000000e1b00000| Untracked 
|  28|0x00000000e1c00000, 0x00000000e1c00000, 0x00000000e1d00000|  0%| F|  |TAMS 0x00000000e1c00000| PB 0x00000000e1c00000| Untracked 
|  29|0x00000000e1d00000, 0x00000000e1d00000, 0x00000000e1e00000|  0%| F|  |TAMS 0x00000000e1d00000| PB 0x00000000e1d00000| Untracked 
|  30|0x00000000e1e00000, 0x00000000e1e00000, 0x00000000e1f00000|  0%| F|  |TAMS 0x00000000e1e00000| PB 0x00000000e1e00000| Untracked 
|  31|0x00000000e1f00000, 0x00000000e1f00000, 0x00000000e2000000|  0%| F|  |TAMS 0x00000000e1f00000| PB 0x00000000e1f00000| Untracked 
|  32|0x00000000e2000000, 0x00000000e2000000, 0x00000000e2100000|  0%| F|  |TAMS 0x00000000e2000000| PB 0x00000000e2000000| Untracked 
|  33|0x00000000e2100000, 0x00000000e2100000, 0x00000000e2200000|  0%| F|  |TAMS 0x00000000e2100000| PB 0x00000000e2100000| Untracked 
|  34|0x00000000e2200000, 0x00000000e2200000, 0x00000000e2300000|  0%| F|  |TAMS 0x00000000e2200000| PB 0x00000000e2200000| Untracked 
|  35|0x00000000e2300000, 0x00000000e2300000, 0x00000000e2400000|  0%| F|  |TAMS 0x00000000e2300000| PB 0x00000000e2300000| Untracked 
|  36|0x00000000e2400000, 0x00000000e2400000, 0x00000000e2500000|  0%| F|  |TAMS 0x00000000e2400000| PB 0x00000000e2400000| Untracked 
|  37|0x00000000e2500000, 0x00000000e2500000, 0x00000000e2600000|  0%| F|  |TAMS 0x00000000e2500000| PB 0x00000000e2500000| Untracked 
|  38|0x00000000e2600000, 0x00000000e2600000, 0x00000000e2700000|  0%| F|  |TAMS 0x00000000e2600000| PB 0x00000000e2600000| Untracked 
|  39|0x00000000e2700000, 0x00000000e2700000, 0x00000000e2800000|  0%| F|  |TAMS 0x00000000e2700000| PB 0x00000000e2700000| Untracked 
|  40|0x00000000e2800000, 0x00000000e2800000, 0x00000000e2900000|  0%| F|  |TAMS 0x00000000e2800000| PB 0x00000000e2800000| Untracked 
|  41|0x00000000e2900000, 0x00000000e2900000, 0x00000000e2a00000|  0%| F|  |TAMS 0x00000000e2900000| PB 0x00000000e2900000| Untracked 
|  42|0x00000000e2a00000, 0x00000000e2a00000, 0x00000000e2b00000|  0%| F|  |TAMS 0x00000000e2a00000| PB 0x00000000e2a00000| Untracked 
|  43|0x00000000e2b00000, 0x00000000e2b00000, 0x00000000e2c00000|  0%| F|  |TAMS 0x00000000e2b00000| PB 0x00000000e2b00000| Untracked 
|  44|0x00000000e2c00000, 0x00000000e2c00000, 0x00000000e2d00000|  0%| F|  |TAMS 0x00000000e2c00000| PB 0x00000000e2c00000| Untracked 
|  45|0x00000000e2d00000, 0x00000000e2d00000, 0x00000000e2e00000|  0%| F|  |TAMS 0x00000000e2d00000| PB 0x00000000e2d00000| Untracked 
|  46|0x00000000e2e00000, 0x00000000e2e00000, 0x00000000e2f00000|  0%| F|  |TAMS 0x00000000e2e00000| PB 0x00000000e2e00000| Untracked 
|  47|0x00000000e2f00000, 0x00000000e2f00000, 0x00000000e3000000|  0%| F|  |TAMS 0x00000000e2f00000| PB 0x00000000e2f00000| Untracked 
|  48|0x00000000e3000000, 0x00000000e3000000, 0x00000000e3100000|  0%| F|  |TAMS 0x00000000e3000000| PB 0x00000000e3000000| Untracked 
|  49|0x00000000e3100000, 0x00000000e3100000, 0x00000000e3200000|  0%| F|  |TAMS 0x00000000e3100000| PB 0x00000000e3100000| Untracked 
|  50|0x00000000e3200000, 0x00000000e3200000, 0x00000000e3300000|  0%| F|  |TAMS 0x00000000e3200000| PB 0x00000000e3200000| Untracked 
|  51|0x00000000e3300000, 0x00000000e3300000, 0x00000000e3400000|  0%| F|  |TAMS 0x00000000e3300000| PB 0x00000000e3300000| Untracked 
|  52|0x00000000e3400000, 0x00000000e3400000, 0x00000000e3500000|  0%| F|  |TAMS 0x00000000e3400000| PB 0x00000000e3400000| Untracked 
|  53|0x00000000e3500000, 0x00000000e3500000, 0x00000000e3600000|  0%| F|  |TAMS 0x00000000e3500000| PB 0x00000000e3500000| Untracked 
|  54|0x00000000e3600000, 0x00000000e3600000, 0x00000000e3700000|  0%| F|  |TAMS 0x00000000e3600000| PB 0x00000000e3600000| Untracked 
|  55|0x00000000e3700000, 0x00000000e3700000, 0x00000000e3800000|  0%| F|  |TAMS 0x00000000e3700000| PB 0x00000000e3700000| Untracked 
|  56|0x00000000e3800000, 0x00000000e3800000, 0x00000000e3900000|  0%| F|  |TAMS 0x00000000e3800000| PB 0x00000000e3800000| Untracked 
|  57|0x00000000e3900000, 0x00000000e3900000, 0x00000000e3a00000|  0%| F|  |TAMS 0x00000000e3900000| PB 0x00000000e3900000| Untracked 
|  58|0x00000000e3a00000, 0x00000000e3a00000, 0x00000000e3b00000|  0%| F|  |TAMS 0x00000000e3a00000| PB 0x00000000e3a00000| Untracked 
|  59|0x00000000e3b00000, 0x00000000e3b00000, 0x00000000e3c00000|  0%| F|  |TAMS 0x00000000e3b00000| PB 0x00000000e3b00000| Untracked 
|  60|0x00000000e3c00000, 0x00000000e3c00000, 0x00000000e3d00000|  0%| F|  |TAMS 0x00000000e3c00000| PB 0x00000000e3c00000| Untracked 
|  61|0x00000000e3d00000, 0x00000000e3d00000, 0x00000000e3e00000|  0%| F|  |TAMS 0x00000000e3d00000| PB 0x00000000e3d00000| Untracked 
|  62|0x00000000e3e00000, 0x00000000e3e00000, 0x00000000e3f00000|  0%| F|  |TAMS 0x00000000e3e00000| PB 0x00000000e3e00000| Untracked 
|  63|0x00000000e3f00000, 0x00000000e3f00000, 0x00000000e4000000|  0%| F|  |TAMS 0x00000000e3f00000| PB 0x00000000e3f00000| Untracked 
|  64|0x00000000e4000000, 0x00000000e4000000, 0x00000000e4100000|  0%| F|  |TAMS 0x00000000e4000000| PB 0x00000000e4000000| Untracked 
|  65|0x00000000e4100000, 0x00000000e4100000, 0x00000000e4200000|  0%| F|  |TAMS 0x00000000e4100000| PB 0x00000000e4100000| Untracked 
|  66|0x00000000e4200000, 0x00000000e4200000, 0x00000000e4300000|  0%| F|  |TAMS 0x00000000e4200000| PB 0x00000000e4200000| Untracked 
|  67|0x00000000e4300000, 0x00000000e4300000, 0x00000000e4400000|  0%| F|  |TAMS 0x00000000e4300000| PB 0x00000000e4300000| Untracked 
|  68|0x00000000e4400000, 0x00000000e4400000, 0x00000000e4500000|  0%| F|  |TAMS 0x00000000e4400000| PB 0x00000000e4400000| Untracked 
|  69|0x00000000e4500000, 0x00000000e4500000, 0x00000000e4600000|  0%| F|  |TAMS 0x00000000e4500000| PB 0x00000000e4500000| Untracked 
|  70|0x00000000e4600000, 0x00000000e4600000, 0x00000000e4700000|  0%| F|  |TAMS 0x00000000e4600000| PB 0x00000000e4600000| Untracked 
|  71|0x00000000e4700000, 0x00000000e4700000, 0x00000000e4800000|  0%| F|  |TAMS 0x00000000e4700000| PB 0x00000000e4700000| Untracked 
|  72|0x00000000e4800000, 0x00000000e4800000, 0x00000000e4900000|  0%| F|  |TAMS 0x00000000e4800000| PB 0x00000000e4800000| Untracked 
|  73|0x00000000e4900000, 0x00000000e4900000, 0x00000000e4a00000|  0%| F|  |TAMS 0x00000000e4900000| PB 0x00000000e4900000| Untracked 
|  74|0x00000000e4a00000, 0x00000000e4a00000, 0x00000000e4b00000|  0%| F|  |TAMS 0x00000000e4a00000| PB 0x00000000e4a00000| Untracked 
|  75|0x00000000e4b00000, 0x00000000e4b00000, 0x00000000e4c00000|  0%| F|  |TAMS 0x00000000e4b00000| PB 0x00000000e4b00000| Untracked 
|  76|0x00000000e4c00000, 0x00000000e4c00000, 0x00000000e4d00000|  0%| F|  |TAMS 0x00000000e4c00000| PB 0x00000000e4c00000| Untracked 
|  77|0x00000000e4d00000, 0x00000000e4d00000, 0x00000000e4e00000|  0%| F|  |TAMS 0x00000000e4d00000| PB 0x00000000e4d00000| Untracked 
|  78|0x00000000e4e00000, 0x00000000e4e00000, 0x00000000e4f00000|  0%| F|  |TAMS 0x00000000e4e00000| PB 0x00000000e4e00000| Untracked 
|  79|0x00000000e4f00000, 0x00000000e4f00000, 0x00000000e5000000|  0%| F|  |TAMS 0x00000000e4f00000| PB 0x00000000e4f00000| Untracked 
|  80|0x00000000e5000000, 0x00000000e5000000, 0x00000000e5100000|  0%| F|  |TAMS 0x00000000e5000000| PB 0x00000000e5000000| Untracked 
|  81|0x00000000e5100000, 0x00000000e5100000, 0x00000000e5200000|  0%| F|  |TAMS 0x00000000e5100000| PB 0x00000000e5100000| Untracked 
|  82|0x00000000e5200000, 0x00000000e5200000, 0x00000000e5300000|  0%| F|  |TAMS 0x00000000e5200000| PB 0x00000000e5200000| Untracked 
|  83|0x00000000e5300000, 0x00000000e5300000, 0x00000000e5400000|  0%| F|  |TAMS 0x00000000e5300000| PB 0x00000000e5300000| Untracked 
|  84|0x00000000e5400000, 0x00000000e5400000, 0x00000000e5500000|  0%| F|  |TAMS 0x00000000e5400000| PB 0x00000000e5400000| Untracked 
|  85|0x00000000e5500000, 0x00000000e5500000, 0x00000000e5600000|  0%| F|  |TAMS 0x00000000e5500000| PB 0x00000000e5500000| Untracked 
|  86|0x00000000e5600000, 0x00000000e5600000, 0x00000000e5700000|  0%| F|  |TAMS 0x00000000e5600000| PB 0x00000000e5600000| Untracked 
|  87|0x00000000e5700000, 0x00000000e5700000, 0x00000000e5800000|  0%| F|  |TAMS 0x00000000e5700000| PB 0x00000000e5700000| Untracked 
|  88|0x00000000e5800000, 0x00000000e5800000, 0x00000000e5900000|  0%| F|  |TAMS 0x00000000e5800000| PB 0x00000000e5800000| Untracked 
|  89|0x00000000e5900000, 0x00000000e5900000, 0x00000000e5a00000|  0%| F|  |TAMS 0x00000000e5900000| PB 0x00000000e5900000| Untracked 
|  90|0x00000000e5a00000, 0x00000000e5a00000, 0x00000000e5b00000|  0%| F|  |TAMS 0x00000000e5a00000| PB 0x00000000e5a00000| Untracked 
|  91|0x00000000e5b00000, 0x00000000e5b00000, 0x00000000e5c00000|  0%| F|  |TAMS 0x00000000e5b00000| PB 0x00000000e5b00000| Untracked 
|  92|0x00000000e5c00000, 0x00000000e5c00000, 0x00000000e5d00000|  0%| F|  |TAMS 0x00000000e5c00000| PB 0x00000000e5c00000| Untracked 
|  93|0x00000000e5d00000, 0x00000000e5d00000, 0x00000000e5e00000|  0%| F|  |TAMS 0x00000000e5d00000| PB 0x00000000e5d00000| Untracked 
|  94|0x00000000e5e00000, 0x00000000e5e00000, 0x00000000e5f00000|  0%| F|  |TAMS 0x00000000e5e00000| PB 0x00000000e5e00000| Untracked 
|  95|0x00000000e5f00000, 0x00000000e5f00000, 0x00000000e6000000|  0%| F|  |TAMS 0x00000000e5f00000| PB 0x00000000e5f00000| Untracked 
|  96|0x00000000e6000000, 0x00000000e6000000, 0x00000000e6100000|  0%| F|  |TAMS 0x00000000e6000000| PB 0x00000000e6000000| Untracked 
|  97|0x00000000e6100000, 0x00000000e6100000, 0x00000000e6200000|  0%| F|  |TAMS 0x00000000e6100000| PB 0x00000000e6100000| Untracked 
|  98|0x00000000e6200000, 0x00000000e6200000, 0x00000000e6300000|  0%| F|  |TAMS 0x00000000e6200000| PB 0x00000000e6200000| Untracked 
|  99|0x00000000e6300000, 0x00000000e6300000, 0x00000000e6400000|  0%| F|  |TAMS 0x00000000e6300000| PB 0x00000000e6300000| Untracked 
| 100|0x00000000e6400000, 0x00000000e6400000, 0x00000000e6500000|  0%| F|  |TAMS 0x00000000e6400000| PB 0x00000000e6400000| Untracked 
| 101|0x00000000e6500000, 0x00000000e6500000, 0x00000000e6600000|  0%| F|  |TAMS 0x00000000e6500000| PB 0x00000000e6500000| Untracked 
| 102|0x00000000e6600000, 0x00000000e6600000, 0x00000000e6700000|  0%| F|  |TAMS 0x00000000e6600000| PB 0x00000000e6600000| Untracked 
| 103|0x00000000e6700000, 0x00000000e6700000, 0x00000000e6800000|  0%| F|  |TAMS 0x00000000e6700000| PB 0x00000000e6700000| Untracked 
| 104|0x00000000e6800000, 0x00000000e6800000, 0x00000000e6900000|  0%| F|  |TAMS 0x00000000e6800000| PB 0x00000000e6800000| Untracked 
| 105|0x00000000e6900000, 0x00000000e6900000, 0x00000000e6a00000|  0%| F|  |TAMS 0x00000000e6900000| PB 0x00000000e6900000| Untracked 
| 106|0x00000000e6a00000, 0x00000000e6a00000, 0x00000000e6b00000|  0%| F|  |TAMS 0x00000000e6a00000| PB 0x00000000e6a00000| Untracked 
| 107|0x00000000e6b00000, 0x00000000e6b00000, 0x00000000e6c00000|  0%| F|  |TAMS 0x00000000e6b00000| PB 0x00000000e6b00000| Untracked 
| 108|0x00000000e6c00000, 0x00000000e6c00000, 0x00000000e6d00000|  0%| F|  |TAMS 0x00000000e6c00000| PB 0x00000000e6c00000| Untracked 
| 109|0x00000000e6d00000, 0x00000000e6d00000, 0x00000000e6e00000|  0%| F|  |TAMS 0x00000000e6d00000| PB 0x00000000e6d00000| Untracked 
| 110|0x00000000e6e00000, 0x00000000e6e00000, 0x00000000e6f00000|  0%| F|  |TAMS 0x00000000e6e00000| PB 0x00000000e6e00000| Untracked 
| 111|0x00000000e6f00000, 0x00000000e6f00000, 0x00000000e7000000|  0%| F|  |TAMS 0x00000000e6f00000| PB 0x00000000e6f00000| Untracked 
| 112|0x00000000e7000000, 0x00000000e7000000, 0x00000000e7100000|  0%| F|  |TAMS 0x00000000e7000000| PB 0x00000000e7000000| Untracked 
| 113|0x00000000e7100000, 0x00000000e7100000, 0x00000000e7200000|  0%| F|  |TAMS 0x00000000e7100000| PB 0x00000000e7100000| Untracked 
| 114|0x00000000e7200000, 0x00000000e7200000, 0x00000000e7300000|  0%| F|  |TAMS 0x00000000e7200000| PB 0x00000000e7200000| Untracked 
| 115|0x00000000e7300000, 0x00000000e7300000, 0x00000000e7400000|  0%| F|  |TAMS 0x00000000e7300000| PB 0x00000000e7300000| Untracked 
| 116|0x00000000e7400000, 0x00000000e7400000, 0x00000000e7500000|  0%| F|  |TAMS 0x00000000e7400000| PB 0x00000000e7400000| Untracked 
| 117|0x00000000e7500000, 0x00000000e7500000, 0x00000000e7600000|  0%| F|  |TAMS 0x00000000e7500000| PB 0x00000000e7500000| Untracked 
| 118|0x00000000e7600000, 0x00000000e7600000, 0x00000000e7700000|  0%| F|  |TAMS 0x00000000e7600000| PB 0x00000000e7600000| Untracked 
| 119|0x00000000e7700000, 0x00000000e7700000, 0x00000000e7800000|  0%| F|  |TAMS 0x00000000e7700000| PB 0x00000000e7700000| Untracked 
| 120|0x00000000e7800000, 0x00000000e7800000, 0x00000000e7900000|  0%| F|  |TAMS 0x00000000e7800000| PB 0x00000000e7800000| Untracked 
| 121|0x00000000e7900000, 0x00000000e7900000, 0x00000000e7a00000|  0%| F|  |TAMS 0x00000000e7900000| PB 0x00000000e7900000| Untracked 
| 122|0x00000000e7a00000, 0x00000000e7a00000, 0x00000000e7b00000|  0%| F|  |TAMS 0x00000000e7a00000| PB 0x00000000e7a00000| Untracked 
| 123|0x00000000e7b00000, 0x00000000e7b00000, 0x00000000e7c00000|  0%| F|  |TAMS 0x00000000e7b00000| PB 0x00000000e7b00000| Untracked 
| 124|0x00000000e7c00000, 0x00000000e7c00000, 0x00000000e7d00000|  0%| F|  |TAMS 0x00000000e7c00000| PB 0x00000000e7c00000| Untracked 
| 125|0x00000000e7d00000, 0x00000000e7d00000, 0x00000000e7e00000|  0%| F|  |TAMS 0x00000000e7d00000| PB 0x00000000e7d00000| Untracked 
| 126|0x00000000e7e00000, 0x00000000e7e00000, 0x00000000e7f00000|  0%| F|  |TAMS 0x00000000e7e00000| PB 0x00000000e7e00000| Untracked 
| 127|0x00000000e7f00000, 0x00000000e7f00000, 0x00000000e8000000|  0%| F|  |TAMS 0x00000000e7f00000| PB 0x00000000e7f00000| Untracked 
| 128|0x00000000e8000000, 0x00000000e8000000, 0x00000000e8100000|  0%| F|  |TAMS 0x00000000e8000000| PB 0x00000000e8000000| Untracked 
| 129|0x00000000e8100000, 0x00000000e8100000, 0x00000000e8200000|  0%| F|  |TAMS 0x00000000e8100000| PB 0x00000000e8100000| Untracked 
| 130|0x00000000e8200000, 0x00000000e8200000, 0x00000000e8300000|  0%| F|  |TAMS 0x00000000e8200000| PB 0x00000000e8200000| Untracked 
| 131|0x00000000e8300000, 0x00000000e8300000, 0x00000000e8400000|  0%| F|  |TAMS 0x00000000e8300000| PB 0x00000000e8300000| Untracked 
| 132|0x00000000e8400000, 0x00000000e8400000, 0x00000000e8500000|  0%| F|  |TAMS 0x00000000e8400000| PB 0x00000000e8400000| Untracked 
| 133|0x00000000e8500000, 0x00000000e8500000, 0x00000000e8600000|  0%| F|  |TAMS 0x00000000e8500000| PB 0x00000000e8500000| Untracked 
| 134|0x00000000e8600000, 0x00000000e8600000, 0x00000000e8700000|  0%| F|  |TAMS 0x00000000e8600000| PB 0x00000000e8600000| Untracked 
| 135|0x00000000e8700000, 0x00000000e8700000, 0x00000000e8800000|  0%| F|  |TAMS 0x00000000e8700000| PB 0x00000000e8700000| Untracked 
| 136|0x00000000e8800000, 0x00000000e8800000, 0x00000000e8900000|  0%| F|  |TAMS 0x00000000e8800000| PB 0x00000000e8800000| Untracked 
| 137|0x00000000e8900000, 0x00000000e8900000, 0x00000000e8a00000|  0%| F|  |TAMS 0x00000000e8900000| PB 0x00000000e8900000| Untracked 
| 138|0x00000000e8a00000, 0x00000000e8a00000, 0x00000000e8b00000|  0%| F|  |TAMS 0x00000000e8a00000| PB 0x00000000e8a00000| Untracked 
| 139|0x00000000e8b00000, 0x00000000e8b00000, 0x00000000e8c00000|  0%| F|  |TAMS 0x00000000e8b00000| PB 0x00000000e8b00000| Untracked 
| 140|0x00000000e8c00000, 0x00000000e8c00000, 0x00000000e8d00000|  0%| F|  |TAMS 0x00000000e8c00000| PB 0x00000000e8c00000| Untracked 
| 141|0x00000000e8d00000, 0x00000000e8d00000, 0x00000000e8e00000|  0%| F|  |TAMS 0x00000000e8d00000| PB 0x00000000e8d00000| Untracked 
| 142|0x00000000e8e00000, 0x00000000e8e00000, 0x00000000e8f00000|  0%| F|  |TAMS 0x00000000e8e00000| PB 0x00000000e8e00000| Untracked 
| 143|0x00000000e8f00000, 0x00000000e8f00000, 0x00000000e9000000|  0%| F|  |TAMS 0x00000000e8f00000| PB 0x00000000e8f00000| Untracked 
| 144|0x00000000e9000000, 0x00000000e9000000, 0x00000000e9100000|  0%| F|  |TAMS 0x00000000e9000000| PB 0x00000000e9000000| Untracked 
| 145|0x00000000e9100000, 0x00000000e9100000, 0x00000000e9200000|  0%| F|  |TAMS 0x00000000e9100000| PB 0x00000000e9100000| Untracked 
| 146|0x00000000e9200000, 0x00000000e9200000, 0x00000000e9300000|  0%| F|  |TAMS 0x00000000e9200000| PB 0x00000000e9200000| Untracked 
| 147|0x00000000e9300000, 0x00000000e9300000, 0x00000000e9400000|  0%| F|  |TAMS 0x00000000e9300000| PB 0x00000000e9300000| Untracked 
| 148|0x00000000e9400000, 0x00000000e9400000, 0x00000000e9500000|  0%| F|  |TAMS 0x00000000e9400000| PB 0x00000000e9400000| Untracked 
| 149|0x00000000e9500000, 0x00000000e9500000, 0x00000000e9600000|  0%| F|  |TAMS 0x00000000e9500000| PB 0x00000000e9500000| Untracked 
| 150|0x00000000e9600000, 0x00000000e9600000, 0x00000000e9700000|  0%| F|  |TAMS 0x00000000e9600000| PB 0x00000000e9600000| Untracked 
| 151|0x00000000e9700000, 0x00000000e9700000, 0x00000000e9800000|  0%| F|  |TAMS 0x00000000e9700000| PB 0x00000000e9700000| Untracked 
| 152|0x00000000e9800000, 0x00000000e9800000, 0x00000000e9900000|  0%| F|  |TAMS 0x00000000e9800000| PB 0x00000000e9800000| Untracked 
| 153|0x00000000e9900000, 0x00000000e9900000, 0x00000000e9a00000|  0%| F|  |TAMS 0x00000000e9900000| PB 0x00000000e9900000| Untracked 
| 154|0x00000000e9a00000, 0x00000000e9a00000, 0x00000000e9b00000|  0%| F|  |TAMS 0x00000000e9a00000| PB 0x00000000e9a00000| Untracked 
| 155|0x00000000e9b00000, 0x00000000e9b00000, 0x00000000e9c00000|  0%| F|  |TAMS 0x00000000e9b00000| PB 0x00000000e9b00000| Untracked 
| 156|0x00000000e9c00000, 0x00000000e9c00000, 0x00000000e9d00000|  0%| F|  |TAMS 0x00000000e9c00000| PB 0x00000000e9c00000| Untracked 
| 157|0x00000000e9d00000, 0x00000000e9d00000, 0x00000000e9e00000|  0%| F|  |TAMS 0x00000000e9d00000| PB 0x00000000e9d00000| Untracked 
| 158|0x00000000e9e00000, 0x00000000e9e00000, 0x00000000e9f00000|  0%| F|  |TAMS 0x00000000e9e00000| PB 0x00000000e9e00000| Untracked 
| 159|0x00000000e9f00000, 0x00000000e9f00000, 0x00000000ea000000|  0%| F|  |TAMS 0x00000000e9f00000| PB 0x00000000e9f00000| Untracked 
| 160|0x00000000ea000000, 0x00000000ea000000, 0x00000000ea100000|  0%| F|  |TAMS 0x00000000ea000000| PB 0x00000000ea000000| Untracked 
| 161|0x00000000ea100000, 0x00000000ea100000, 0x00000000ea200000|  0%| F|  |TAMS 0x00000000ea100000| PB 0x00000000ea100000| Untracked 
| 162|0x00000000ea200000, 0x00000000ea200000, 0x00000000ea300000|  0%| F|  |TAMS 0x00000000ea200000| PB 0x00000000ea200000| Untracked 
| 163|0x00000000ea300000, 0x00000000ea300000, 0x00000000ea400000|  0%| F|  |TAMS 0x00000000ea300000| PB 0x00000000ea300000| Untracked 
| 164|0x00000000ea400000, 0x00000000ea400000, 0x00000000ea500000|  0%| F|  |TAMS 0x00000000ea400000| PB 0x00000000ea400000| Untracked 
| 165|0x00000000ea500000, 0x00000000ea500000, 0x00000000ea600000|  0%| F|  |TAMS 0x00000000ea500000| PB 0x00000000ea500000| Untracked 
| 166|0x00000000ea600000, 0x00000000ea600000, 0x00000000ea700000|  0%| F|  |TAMS 0x00000000ea600000| PB 0x00000000ea600000| Untracked 
| 167|0x00000000ea700000, 0x00000000ea700000, 0x00000000ea800000|  0%| F|  |TAMS 0x00000000ea700000| PB 0x00000000ea700000| Untracked 
| 168|0x00000000ea800000, 0x00000000ea800000, 0x00000000ea900000|  0%| F|  |TAMS 0x00000000ea800000| PB 0x00000000ea800000| Untracked 
| 169|0x00000000ea900000, 0x00000000ea900000, 0x00000000eaa00000|  0%| F|  |TAMS 0x00000000ea900000| PB 0x00000000ea900000| Untracked 
| 170|0x00000000eaa00000, 0x00000000eaa00000, 0x00000000eab00000|  0%| F|  |TAMS 0x00000000eaa00000| PB 0x00000000eaa00000| Untracked 
| 171|0x00000000eab00000, 0x00000000eab00000, 0x00000000eac00000|  0%| F|  |TAMS 0x00000000eab00000| PB 0x00000000eab00000| Untracked 
| 172|0x00000000eac00000, 0x00000000eac00000, 0x00000000ead00000|  0%| F|  |TAMS 0x00000000eac00000| PB 0x00000000eac00000| Untracked 
| 173|0x00000000ead00000, 0x00000000ead00000, 0x00000000eae00000|  0%| F|  |TAMS 0x00000000ead00000| PB 0x00000000ead00000| Untracked 
| 174|0x00000000eae00000, 0x00000000eae00000, 0x00000000eaf00000|  0%| F|  |TAMS 0x00000000eae00000| PB 0x00000000eae00000| Untracked 
| 175|0x00000000eaf00000, 0x00000000eaf00000, 0x00000000eb000000|  0%| F|  |TAMS 0x00000000eaf00000| PB 0x00000000eaf00000| Untracked 
| 176|0x00000000eb000000, 0x00000000eb000000, 0x00000000eb100000|  0%| F|  |TAMS 0x00000000eb000000| PB 0x00000000eb000000| Untracked 
| 177|0x00000000eb100000, 0x00000000eb100000, 0x00000000eb200000|  0%| F|  |TAMS 0x00000000eb100000| PB 0x00000000eb100000| Untracked 
| 178|0x00000000eb200000, 0x00000000eb200000, 0x00000000eb300000|  0%| F|  |TAMS 0x00000000eb200000| PB 0x00000000eb200000| Untracked 
| 179|0x00000000eb300000, 0x00000000eb300000, 0x00000000eb400000|  0%| F|  |TAMS 0x00000000eb300000| PB 0x00000000eb300000| Untracked 
| 180|0x00000000eb400000, 0x00000000eb400000, 0x00000000eb500000|  0%| F|  |TAMS 0x00000000eb400000| PB 0x00000000eb400000| Untracked 
| 181|0x00000000eb500000, 0x00000000eb500000, 0x00000000eb600000|  0%| F|  |TAMS 0x00000000eb500000| PB 0x00000000eb500000| Untracked 
| 182|0x00000000eb600000, 0x00000000eb600000, 0x00000000eb700000|  0%| F|  |TAMS 0x00000000eb600000| PB 0x00000000eb600000| Untracked 
| 183|0x00000000eb700000, 0x00000000eb700000, 0x00000000eb800000|  0%| F|  |TAMS 0x00000000eb700000| PB 0x00000000eb700000| Untracked 
| 184|0x00000000eb800000, 0x00000000eb800000, 0x00000000eb900000|  0%| F|  |TAMS 0x00000000eb800000| PB 0x00000000eb800000| Untracked 
| 185|0x00000000eb900000, 0x00000000eb900000, 0x00000000eba00000|  0%| F|  |TAMS 0x00000000eb900000| PB 0x00000000eb900000| Untracked 
| 186|0x00000000eba00000, 0x00000000eba00000, 0x00000000ebb00000|  0%| F|  |TAMS 0x00000000eba00000| PB 0x00000000eba00000| Untracked 
| 187|0x00000000ebb00000, 0x00000000ebb00000, 0x00000000ebc00000|  0%| F|  |TAMS 0x00000000ebb00000| PB 0x00000000ebb00000| Untracked 
| 188|0x00000000ebc00000, 0x00000000ebc00000, 0x00000000ebd00000|  0%| F|  |TAMS 0x00000000ebc00000| PB 0x00000000ebc00000| Untracked 
| 189|0x00000000ebd00000, 0x00000000ebd00000, 0x00000000ebe00000|  0%| F|  |TAMS 0x00000000ebd00000| PB 0x00000000ebd00000| Untracked 
| 190|0x00000000ebe00000, 0x00000000ebe00000, 0x00000000ebf00000|  0%| F|  |TAMS 0x00000000ebe00000| PB 0x00000000ebe00000| Untracked 
| 191|0x00000000ebf00000, 0x00000000ebf00000, 0x00000000ec000000|  0%| F|  |TAMS 0x00000000ebf00000| PB 0x00000000ebf00000| Untracked 
| 192|0x00000000ec000000, 0x00000000ec000000, 0x00000000ec100000|  0%| F|  |TAMS 0x00000000ec000000| PB 0x00000000ec000000| Untracked 
| 193|0x00000000ec100000, 0x00000000ec100000, 0x00000000ec200000|  0%| F|  |TAMS 0x00000000ec100000| PB 0x00000000ec100000| Untracked 
| 194|0x00000000ec200000, 0x00000000ec200000, 0x00000000ec300000|  0%| F|  |TAMS 0x00000000ec200000| PB 0x00000000ec200000| Untracked 
| 195|0x00000000ec300000, 0x00000000ec300000, 0x00000000ec400000|  0%| F|  |TAMS 0x00000000ec300000| PB 0x00000000ec300000| Untracked 
| 196|0x00000000ec400000, 0x00000000ec400000, 0x00000000ec500000|  0%| F|  |TAMS 0x00000000ec400000| PB 0x00000000ec400000| Untracked 
| 197|0x00000000ec500000, 0x00000000ec500000, 0x00000000ec600000|  0%| F|  |TAMS 0x00000000ec500000| PB 0x00000000ec500000| Untracked 
| 198|0x00000000ec600000, 0x00000000ec600000, 0x00000000ec700000|  0%| F|  |TAMS 0x00000000ec600000| PB 0x00000000ec600000| Untracked 
| 199|0x00000000ec700000, 0x00000000ec700000, 0x00000000ec800000|  0%| F|  |TAMS 0x00000000ec700000| PB 0x00000000ec700000| Untracked 
| 200|0x00000000ec800000, 0x00000000ec800000, 0x00000000ec900000|  0%| F|  |TAMS 0x00000000ec800000| PB 0x00000000ec800000| Untracked 
| 201|0x00000000ec900000, 0x00000000ec900000, 0x00000000eca00000|  0%| F|  |TAMS 0x00000000ec900000| PB 0x00000000ec900000| Untracked 
| 202|0x00000000eca00000, 0x00000000eca00000, 0x00000000ecb00000|  0%| F|  |TAMS 0x00000000eca00000| PB 0x00000000eca00000| Untracked 
| 203|0x00000000ecb00000, 0x00000000ecb00000, 0x00000000ecc00000|  0%| F|  |TAMS 0x00000000ecb00000| PB 0x00000000ecb00000| Untracked 
| 204|0x00000000ecc00000, 0x00000000ecc00000, 0x00000000ecd00000|  0%| F|  |TAMS 0x00000000ecc00000| PB 0x00000000ecc00000| Untracked 
| 205|0x00000000ecd00000, 0x00000000ecd00000, 0x00000000ece00000|  0%| F|  |TAMS 0x00000000ecd00000| PB 0x00000000ecd00000| Untracked 
| 206|0x00000000ece00000, 0x00000000ece00000, 0x00000000ecf00000|  0%| F|  |TAMS 0x00000000ece00000| PB 0x00000000ece00000| Untracked 
| 207|0x00000000ecf00000, 0x00000000ecf00000, 0x00000000ed000000|  0%| F|  |TAMS 0x00000000ecf00000| PB 0x00000000ecf00000| Untracked 
| 208|0x00000000ed000000, 0x00000000ed000000, 0x00000000ed100000|  0%| F|  |TAMS 0x00000000ed000000| PB 0x00000000ed000000| Untracked 
| 209|0x00000000ed100000, 0x00000000ed100000, 0x00000000ed200000|  0%| F|  |TAMS 0x00000000ed100000| PB 0x00000000ed100000| Untracked 
| 210|0x00000000ed200000, 0x00000000ed200000, 0x00000000ed300000|  0%| F|  |TAMS 0x00000000ed200000| PB 0x00000000ed200000| Untracked 
| 211|0x00000000ed300000, 0x00000000ed300000, 0x00000000ed400000|  0%| F|  |TAMS 0x00000000ed300000| PB 0x00000000ed300000| Untracked 
| 212|0x00000000ed400000, 0x00000000ed400000, 0x00000000ed500000|  0%| F|  |TAMS 0x00000000ed400000| PB 0x00000000ed400000| Untracked 
| 213|0x00000000ed500000, 0x00000000ed500000, 0x00000000ed600000|  0%| F|  |TAMS 0x00000000ed500000| PB 0x00000000ed500000| Untracked 
| 214|0x00000000ed600000, 0x00000000ed600000, 0x00000000ed700000|  0%| F|  |TAMS 0x00000000ed600000| PB 0x00000000ed600000| Untracked 
| 215|0x00000000ed700000, 0x00000000ed700000, 0x00000000ed800000|  0%| F|  |TAMS 0x00000000ed700000| PB 0x00000000ed700000| Untracked 
| 216|0x00000000ed800000, 0x00000000ed800000, 0x00000000ed900000|  0%| F|  |TAMS 0x00000000ed800000| PB 0x00000000ed800000| Untracked 
| 217|0x00000000ed900000, 0x00000000ed900000, 0x00000000eda00000|  0%| F|  |TAMS 0x00000000ed900000| PB 0x00000000ed900000| Untracked 
| 218|0x00000000eda00000, 0x00000000eda00000, 0x00000000edb00000|  0%| F|  |TAMS 0x00000000eda00000| PB 0x00000000eda00000| Untracked 
| 219|0x00000000edb00000, 0x00000000edb00000, 0x00000000edc00000|  0%| F|  |TAMS 0x00000000edb00000| PB 0x00000000edb00000| Untracked 
| 220|0x00000000edc00000, 0x00000000edc00000, 0x00000000edd00000|  0%| F|  |TAMS 0x00000000edc00000| PB 0x00000000edc00000| Untracked 
| 221|0x00000000edd00000, 0x00000000edd00000, 0x00000000ede00000|  0%| F|  |TAMS 0x00000000edd00000| PB 0x00000000edd00000| Untracked 
| 222|0x00000000ede00000, 0x00000000ede00000, 0x00000000edf00000|  0%| F|  |TAMS 0x00000000ede00000| PB 0x00000000ede00000| Untracked 
| 223|0x00000000edf00000, 0x00000000edf00000, 0x00000000ee000000|  0%| F|  |TAMS 0x00000000edf00000| PB 0x00000000edf00000| Untracked 
| 224|0x00000000ee000000, 0x00000000ee000000, 0x00000000ee100000|  0%| F|  |TAMS 0x00000000ee000000| PB 0x00000000ee000000| Untracked 
| 225|0x00000000ee100000, 0x00000000ee100000, 0x00000000ee200000|  0%| F|  |TAMS 0x00000000ee100000| PB 0x00000000ee100000| Untracked 
| 226|0x00000000ee200000, 0x00000000ee200000, 0x00000000ee300000|  0%| F|  |TAMS 0x00000000ee200000| PB 0x00000000ee200000| Untracked 
| 227|0x00000000ee300000, 0x00000000ee300000, 0x00000000ee400000|  0%| F|  |TAMS 0x00000000ee300000| PB 0x00000000ee300000| Untracked 
| 228|0x00000000ee400000, 0x00000000ee400000, 0x00000000ee500000|  0%| F|  |TAMS 0x00000000ee400000| PB 0x00000000ee400000| Untracked 
| 229|0x00000000ee500000, 0x00000000ee500000, 0x00000000ee600000|  0%| F|  |TAMS 0x00000000ee500000| PB 0x00000000ee500000| Untracked 
| 230|0x00000000ee600000, 0x00000000ee600000, 0x00000000ee700000|  0%| F|  |TAMS 0x00000000ee600000| PB 0x00000000ee600000| Untracked 
| 231|0x00000000ee700000, 0x00000000ee700000, 0x00000000ee800000|  0%| F|  |TAMS 0x00000000ee700000| PB 0x00000000ee700000| Untracked 
| 232|0x00000000ee800000, 0x00000000ee800000, 0x00000000ee900000|  0%| F|  |TAMS 0x00000000ee800000| PB 0x00000000ee800000| Untracked 
| 233|0x00000000ee900000, 0x00000000ee9a48c8, 0x00000000eea00000| 64%| S|CS|TAMS 0x00000000ee900000| PB 0x00000000ee900000| Complete 
| 234|0x00000000eea00000, 0x00000000eeb00000, 0x00000000eeb00000|100%| S|CS|TAMS 0x00000000eea00000| PB 0x00000000eea00000| Complete 
| 235|0x00000000eeb00000, 0x00000000eec00000, 0x00000000eec00000|100%| S|CS|TAMS 0x00000000eeb00000| PB 0x00000000eeb00000| Complete 
| 236|0x00000000eec00000, 0x00000000eed00000, 0x00000000eed00000|100%| S|CS|TAMS 0x00000000eec00000| PB 0x00000000eec00000| Complete 
| 237|0x00000000eed00000, 0x00000000eee00000, 0x00000000eee00000|100%| S|CS|TAMS 0x00000000eed00000| PB 0x00000000eed00000| Complete 
| 238|0x00000000eee00000, 0x00000000eef00000, 0x00000000eef00000|100%| S|CS|TAMS 0x00000000eee00000| PB 0x00000000eee00000| Complete 
| 239|0x00000000eef00000, 0x00000000ef000000, 0x00000000ef000000|100%| S|CS|TAMS 0x00000000eef00000| PB 0x00000000eef00000| Complete 
| 240|0x00000000ef000000, 0x00000000ef100000, 0x00000000ef100000|100%| S|CS|TAMS 0x00000000ef000000| PB 0x00000000ef000000| Complete 
| 241|0x00000000ef100000, 0x00000000ef200000, 0x00000000ef200000|100%| S|CS|TAMS 0x00000000ef100000| PB 0x00000000ef100000| Complete 
| 242|0x00000000ef200000, 0x00000000ef200000, 0x00000000ef300000|  0%| F|  |TAMS 0x00000000ef200000| PB 0x00000000ef200000| Untracked 
| 243|0x00000000ef300000, 0x00000000ef300000, 0x00000000ef400000|  0%| F|  |TAMS 0x00000000ef300000| PB 0x00000000ef300000| Untracked 
| 244|0x00000000ef400000, 0x00000000ef400000, 0x00000000ef500000|  0%| F|  |TAMS 0x00000000ef400000| PB 0x00000000ef400000| Untracked 
| 245|0x00000000ef500000, 0x00000000ef500000, 0x00000000ef600000|  0%| F|  |TAMS 0x00000000ef500000| PB 0x00000000ef500000| Untracked 
| 246|0x00000000ef600000, 0x00000000ef600000, 0x00000000ef700000|  0%| F|  |TAMS 0x00000000ef600000| PB 0x00000000ef600000| Untracked 
| 247|0x00000000ef700000, 0x00000000ef700000, 0x00000000ef800000|  0%| F|  |TAMS 0x00000000ef700000| PB 0x00000000ef700000| Untracked 
| 248|0x00000000ef800000, 0x00000000ef800000, 0x00000000ef900000|  0%| F|  |TAMS 0x00000000ef800000| PB 0x00000000ef800000| Untracked 
| 249|0x00000000ef900000, 0x00000000ef9825c0, 0x00000000efa00000| 50%| E|  |TAMS 0x00000000ef900000| PB 0x00000000ef900000| Complete 
| 250|0x00000000efa00000, 0x00000000efb00000, 0x00000000efb00000|100%| E|CS|TAMS 0x00000000efa00000| PB 0x00000000efa00000| Complete 
| 251|0x00000000efb00000, 0x00000000efc00000, 0x00000000efc00000|100%| E|CS|TAMS 0x00000000efb00000| PB 0x00000000efb00000| Complete 
| 252|0x00000000efc00000, 0x00000000efd00000, 0x00000000efd00000|100%| E|CS|TAMS 0x00000000efc00000| PB 0x00000000efc00000| Complete 
| 253|0x00000000efd00000, 0x00000000efe00000, 0x00000000efe00000|100%| E|CS|TAMS 0x00000000efd00000| PB 0x00000000efd00000| Complete 
| 254|0x00000000efe00000, 0x00000000eff00000, 0x00000000eff00000|100%| E|CS|TAMS 0x00000000efe00000| PB 0x00000000efe00000| Complete 
| 255|0x00000000eff00000, 0x00000000f0000000, 0x00000000f0000000|100%| E|CS|TAMS 0x00000000eff00000| PB 0x00000000eff00000| Complete 

Card table byte_map: [0x000002369e3e0000,0x000002369e4e0000] _byte_map_base: 0x000002369dce0000

Marking Bits: (CMBitMap*) 0x0000023686b58950
 Bits: [0x000002369e4e0000, 0x000002369ece0000)

Polling page: 0x00000236862f0000

Metaspace:

Usage:
  Non-class:     30.57 MB used.
      Class:      4.89 MB used.
       Both:     35.46 MB used.

Virtual space:
  Non-class space:       64.00 MB reserved,      31.12 MB ( 49%) committed,  1 nodes.
      Class space:      320.00 MB reserved,       5.44 MB (  2%) committed,  1 nodes.
             Both:      384.00 MB reserved,      36.56 MB ( 10%) committed. 

Chunk freelists:
   Non-Class:  864.00 KB
       Class:  10.57 MB
        Both:  11.41 MB

MaxMetaspaceSize: 384.00 MB
CompressedClassSpaceSize: 320.00 MB
Initial GC threshold: 21.00 MB
Current GC threshold: 60.00 MB
CDS: on
 - commit_granule_bytes: 65536.
 - commit_granule_words: 8192.
 - virtual_space_node_default_size: 8388608.
 - enlarge_chunks_in_place: 1.
 - use_allocation_guard: 0.


Internal statistics:

num_allocs_failed_limit: 12.
num_arena_births: 1874.
num_arena_deaths: 0.
num_vsnodes_births: 2.
num_vsnodes_deaths: 0.
num_space_committed: 585.
num_space_uncommitted: 0.
num_chunks_returned_to_freelist: 12.
num_chunks_taken_from_freelist: 3449.
num_chunk_merges: 12.
num_chunk_splits: 2214.
num_chunks_enlarged: 1369.
num_inconsistent_stats: 0.

CodeHeap 'non-profiled nmethods': size=120000Kb used=2384Kb max_used=2744Kb free=117615Kb
 bounds [0x0000023696a80000, 0x0000023696d30000, 0x000002369dfb0000]
CodeHeap 'profiled nmethods': size=120000Kb used=7952Kb max_used=9147Kb free=112047Kb
 bounds [0x000002368efb0000, 0x000002368f8a0000, 0x00000236964e0000]
CodeHeap 'non-nmethods': size=5760Kb used=2682Kb max_used=2758Kb free=3077Kb
 bounds [0x00000236964e0000, 0x00000236967a0000, 0x0000023696a80000]
 total_blobs=4901 nmethods=4076 adapters=728
 compilation: enabled
              stopped_count=0, restarted_count=0
 full_count=0

Compilation events (20 events):
Event: 59.201 Thread 0x00000236a18482e0 nmethod 4599 0x000002368f0fb690 code [0x000002368f0fb8e0, 0x000002368f0fc160]
Event: 59.201 Thread 0x00000236a18482e0 4600       3       org.gradle.internal.instantiation.generator.AbstractClassGenerator$PropertyMetadata::lambda$findAnnotation$1 (6 bytes)
Event: 59.202 Thread 0x00000236a18482e0 nmethod 4600 0x000002368f12d290 code [0x000002368f12d4e0, 0x000002368f12dcf0]
Event: 59.202 Thread 0x00000236a18482e0 4601       3       org.gradle.internal.instantiation.generator.AbstractClassGenerator$PropertyMetadata::getterAnnotationOf (12 bytes)
Event: 59.203 Thread 0x00000236a18482e0 nmethod 4601 0x000002368f062690 code [0x000002368f0628c0, 0x000002368f063060]
Event: 59.266 Thread 0x00000236a18482e0 4602       3       org.objectweb.asm.Frame::setInputFrameFromDescriptor (175 bytes)
Event: 59.267 Thread 0x00000236a18482e0 nmethod 4602 0x000002368f157b10 code [0x000002368f157d40, 0x000002368f158510]
Event: 59.267 Thread 0x00000236a18482e0 4604       3       org.objectweb.asm.Type::getMethodDescriptor (66 bytes)
Event: 59.268 Thread 0x00000236a18482e0 nmethod 4604 0x000002368f02c910 code [0x000002368f02cb40, 0x000002368f02d130]
Event: 59.268 Thread 0x00000236a18482e0 4603       3       org.objectweb.asm.Type::appendDescriptor (185 bytes)
Event: 59.270 Thread 0x00000236a18482e0 nmethod 4603 0x000002368f082c90 code [0x000002368f082f80, 0x000002368f083ba8]
Event: 59.270 Thread 0x00000236a18482e0 4605       1       com.google.common.collect.LinkedHashMultimap$ValueSet::size (5 bytes)
Event: 59.270 Thread 0x00000236a18482e0 nmethod 4605 0x0000023696a90710 code [0x0000023696a908a0, 0x0000023696a90968]
Event: 59.270 Thread 0x00000236a18482e0 4606       1       com.google.common.collect.LinkedHashMultimap$ValueSet::access$100 (5 bytes)
Event: 59.270 Thread 0x00000236a18482e0 nmethod 4606 0x0000023696b97c10 code [0x0000023696b97da0, 0x0000023696b97e50]
Event: 59.284 Thread 0x00000236a1843030 4607       4       java.lang.invoke.InvokerBytecodeGenerator::emitPushArguments (45 bytes)
Event: 59.292 Thread 0x00000236a18482e0 4608       3       org.gradle.internal.reflect.MutablePropertyDetails::addGetter (9 bytes)
Event: 59.293 Thread 0x00000236a18482e0 nmethod 4608 0x000002368efcf890 code [0x000002368efcfa40, 0x000002368efcfb98]
Event: 59.317 Thread 0x00000236a18482e0 4609       3       java.beans.Introspector::decapitalize (68 bytes)
Event: 59.323 Thread 0x00000236a18482e0 nmethod 4609 0x000002368f4a9910 code [0x000002368f4a9ca0, 0x000002368f4ab1d8]

GC Heap History (14 events):
Event: 1.530 GC heap before
{Heap before GC invocations=0 (full 0):
 garbage-first heap   total 262144K, used 22528K [0x00000000e0000000, 0x0000000100000000)
  region size 1024K, 23 young (23552K), 0 survivors (0K)
 Metaspace       used 1098K, committed 1216K, reserved 393216K
  class space    used 81K, committed 128K, reserved 327680K
}
Event: 1.546 GC heap after
{Heap after GC invocations=1 (full 0):
 garbage-first heap   total 262144K, used 2645K [0x00000000e0000000, 0x0000000100000000)
  region size 1024K, 3 young (3072K), 3 survivors (3072K)
 Metaspace       used 1098K, committed 1216K, reserved 393216K
  class space    used 81K, committed 128K, reserved 327680K
}
Event: 4.251 GC heap before
{Heap before GC invocations=1 (full 0):
 garbage-first heap   total 262144K, used 41557K [0x00000000e0000000, 0x0000000100000000)
  region size 1024K, 39 young (39936K), 3 survivors (3072K)
 Metaspace       used 4461K, committed 4608K, reserved 393216K
  class space    used 547K, committed 640K, reserved 327680K
}
Event: 4.261 GC heap after
{Heap after GC invocations=2 (full 0):
 garbage-first heap   total 262144K, used 11473K [0x00000000e0000000, 0x0000000100000000)
  region size 1024K, 5 young (5120K), 5 survivors (5120K)
 Metaspace       used 4461K, committed 4608K, reserved 393216K
  class space    used 547K, committed 640K, reserved 327680K
}
Event: 7.180 GC heap before
{Heap before GC invocations=2 (full 0):
 garbage-first heap   total 262144K, used 61649K [0x00000000e0000000, 0x0000000100000000)
  region size 1024K, 52 young (53248K), 5 survivors (5120K)
 Metaspace       used 5986K, committed 6208K, reserved 393216K
  class space    used 774K, committed 896K, reserved 327680K
}
Event: 7.195 GC heap after
{Heap after GC invocations=3 (full 0):
 garbage-first heap   total 262144K, used 18415K [0x00000000e0000000, 0x0000000100000000)
  region size 1024K, 6 young (6144K), 6 survivors (6144K)
 Metaspace       used 5986K, committed 6208K, reserved 393216K
  class space    used 774K, committed 896K, reserved 327680K
}
Event: 33.423 GC heap before
{Heap before GC invocations=3 (full 0):
 garbage-first heap   total 262144K, used 105455K [0x00000000e0000000, 0x0000000100000000)
  region size 1024K, 92 young (94208K), 6 survivors (6144K)
 Metaspace       used 20894K, committed 21504K, reserved 393216K
  class space    used 2986K, committed 3264K, reserved 327680K
}
Event: 33.444 GC heap after
{Heap after GC invocations=4 (full 0):
 garbage-first heap   total 262144K, used 24492K [0x00000000e0000000, 0x0000000100000000)
  region size 1024K, 12 young (12288K), 12 survivors (12288K)
 Metaspace       used 20894K, committed 21504K, reserved 393216K
  class space    used 2986K, committed 3264K, reserved 327680K
}
Event: 52.768 GC heap before
{Heap before GC invocations=5 (full 0):
 garbage-first heap   total 262144K, used 133036K [0x00000000e0000000, 0x0000000100000000)
  region size 1024K, 115 young (117760K), 12 survivors (12288K)
 Metaspace       used 35035K, committed 36096K, reserved 393216K
  class space    used 4805K, committed 5376K, reserved 327680K
}
Event: 52.802 GC heap after
{Heap after GC invocations=6 (full 0):
 garbage-first heap   total 262144K, used 33094K [0x00000000e0000000, 0x0000000100000000)
  region size 1024K, 15 young (15360K), 15 survivors (15360K)
 Metaspace       used 35035K, committed 36096K, reserved 393216K
  class space    used 4805K, committed 5376K, reserved 327680K
}
Event: 56.933 GC heap before
{Heap before GC invocations=6 (full 0):
 garbage-first heap   total 262144K, used 37190K [0x00000000e0000000, 0x0000000100000000)
  region size 1024K, 20 young (20480K), 15 survivors (15360K)
 Metaspace       used 35351K, committed 36416K, reserved 393216K
  class space    used 4837K, committed 5376K, reserved 327680K
}
Event: 56.958 GC heap after
{Heap after GC invocations=7 (full 0):
 garbage-first heap   total 262144K, used 33137K [0x00000000e0000000, 0x0000000100000000)
  region size 1024K, 9 young (9216K), 9 survivors (9216K)
 Metaspace       used 35351K, committed 36416K, reserved 393216K
  class space    used 4837K, committed 5376K, reserved 327680K
}
Event: 58.233 GC heap before
{Heap before GC invocations=7 (full 0):
 garbage-first heap   total 262144K, used 37233K [0x00000000e0000000, 0x0000000100000000)
  region size 1024K, 14 young (14336K), 9 survivors (9216K)
 Metaspace       used 35649K, committed 36736K, reserved 393216K
  class space    used 4893K, committed 5440K, reserved 327680K
}
Event: 58.247 GC heap after
{Heap after GC invocations=8 (full 0):
 garbage-first heap   total 262144K, used 32771K [0x00000000e0000000, 0x0000000100000000)
  region size 1024K, 9 young (9216K), 9 survivors (9216K)
 Metaspace       used 35649K, committed 36736K, reserved 393216K
  class space    used 4893K, committed 5440K, reserved 327680K
}

Dll operation events (15 events):
Event: 0.019 Loaded shared library C:\Program Files\Java\jdk-21\bin\java.dll
Event: 0.143 Loaded shared library C:\Program Files\Java\jdk-21\bin\jsvml.dll
Event: 0.280 Loaded shared library C:\Program Files\Java\jdk-21\bin\zip.dll
Event: 0.288 Loaded shared library C:\Program Files\Java\jdk-21\bin\instrument.dll
Event: 0.298 Loaded shared library C:\Program Files\Java\jdk-21\bin\net.dll
Event: 0.302 Loaded shared library C:\Program Files\Java\jdk-21\bin\nio.dll
Event: 0.308 Loaded shared library C:\Program Files\Java\jdk-21\bin\zip.dll
Event: 1.353 Loaded shared library C:\Program Files\Java\jdk-21\bin\jimage.dll
Event: 1.801 Loaded shared library C:\Program Files\Java\jdk-21\bin\verify.dll
Event: 2.407 Loaded shared library C:\Users\alsrb\.gradle\native\1def1411415f61bf3af743bc5b6707747c0891f09f0c88961ee8f79bc544acac\windows-amd64\native-platform.dll
Event: 2.550 Loaded shared library C:\Users\alsrb\.gradle\native\0.2.7\x86_64-windows-gnu\gradle-fileevents.dll
Event: 7.285 Loaded shared library C:\Program Files\Java\jdk-21\bin\management.dll
Event: 7.332 Loaded shared library C:\Program Files\Java\jdk-21\bin\management_ext.dll
Event: 8.333 Loaded shared library C:\Program Files\Java\jdk-21\bin\extnet.dll
Event: 9.658 Loaded shared library C:\Program Files\Java\jdk-21\bin\sunmscapi.dll

Deoptimization events (20 events):
Event: 52.711 Thread 0x00000236bc69f9f0 Uncommon trap: trap_request=0xffffffc6 fr.pc=0x0000023696cd987c relative=0x00000000000008bc
Event: 52.711 Thread 0x00000236bc69f9f0 Uncommon trap: reason=bimorphic_or_optimized_type_check action=maybe_recompile pc=0x0000023696cd987c method=java.util.regex.Pattern$Start.match(Ljava/util/regex/Matcher;ILjava/lang/CharSequence;)Z @ 44 c2
Event: 52.711 Thread 0x00000236bc69f9f0 DEOPT PACKING pc=0x0000023696cd987c sp=0x000000eb412f9020
Event: 52.711 Thread 0x00000236bc69f9f0 DEOPT UNPACKING pc=0x00000236965346a2 sp=0x000000eb412f8f60 mode 2
Event: 52.712 Thread 0x00000236bc69f9f0 Uncommon trap: trap_request=0xffffffc6 fr.pc=0x0000023696cd987c relative=0x00000000000008bc
Event: 52.712 Thread 0x00000236bc69f9f0 Uncommon trap: reason=bimorphic_or_optimized_type_check action=maybe_recompile pc=0x0000023696cd987c method=java.util.regex.Pattern$Start.match(Ljava/util/regex/Matcher;ILjava/lang/CharSequence;)Z @ 44 c2
Event: 52.712 Thread 0x00000236bc69f9f0 DEOPT PACKING pc=0x0000023696cd987c sp=0x000000eb412f9020
Event: 52.712 Thread 0x00000236bc69f9f0 DEOPT UNPACKING pc=0x00000236965346a2 sp=0x000000eb412f8f60 mode 2
Event: 52.712 Thread 0x00000236bc69f9f0 Uncommon trap: trap_request=0xffffffc6 fr.pc=0x0000023696cdab88 relative=0x0000000000000668
Event: 52.713 Thread 0x00000236bc69f9f0 Uncommon trap: reason=bimorphic_or_optimized_type_check action=maybe_recompile pc=0x0000023696cdab88 method=java.util.regex.Pattern$Start.match(Ljava/util/regex/Matcher;ILjava/lang/CharSequence;)Z @ 44 c2
Event: 52.713 Thread 0x00000236bc69f9f0 DEOPT PACKING pc=0x0000023696cdab88 sp=0x000000eb412f8f90
Event: 52.713 Thread 0x00000236bc69f9f0 DEOPT UNPACKING pc=0x00000236965346a2 sp=0x000000eb412f8f60 mode 2
Event: 58.272 Thread 0x00000236bc69f9f0 Uncommon trap: trap_request=0xffffff3d fr.pc=0x0000023696b4c8b0 relative=0x0000000000000090
Event: 58.272 Thread 0x00000236bc69f9f0 Uncommon trap: reason=unstable_fused_if action=reinterpret pc=0x0000023696b4c8b0 method=java.io.WinNTFileSystem.isLetter(C)Z @ 15 c2
Event: 58.272 Thread 0x00000236bc69f9f0 DEOPT PACKING pc=0x0000023696b4c8b0 sp=0x000000eb412f7b30
Event: 58.272 Thread 0x00000236bc69f9f0 DEOPT UNPACKING pc=0x00000236965346a2 sp=0x000000eb412f7ab8 mode 2
Event: 59.102 Thread 0x00000236bc69f9f0 Uncommon trap: trap_request=0xffffff45 fr.pc=0x0000023696b330ec relative=0x000000000000030c
Event: 59.102 Thread 0x00000236bc69f9f0 Uncommon trap: reason=unstable_if action=reinterpret pc=0x0000023696b330ec method=java.util.HashMap.hash(Ljava/lang/Object;)I @ 1 c2
Event: 59.102 Thread 0x00000236bc69f9f0 DEOPT PACKING pc=0x0000023696b330ec sp=0x000000eb412f7340
Event: 59.102 Thread 0x00000236bc69f9f0 DEOPT UNPACKING pc=0x00000236965346a2 sp=0x000000eb412f71d8 mode 2

Classes loaded (20 events):
Event: 52.709 Loading class sun/reflect/generics/tree/IntSignature
Event: 52.710 Loading class sun/reflect/generics/tree/IntSignature done
Event: 52.710 Loading class sun/reflect/generics/tree/ArrayTypeSignature
Event: 52.711 Loading class sun/reflect/generics/tree/ArrayTypeSignature done
Event: 52.722 Loading class com/sun/beans/finder/MethodFinder
Event: 52.722 Loading class com/sun/beans/finder/AbstractFinder
Event: 52.723 Loading class com/sun/beans/finder/AbstractFinder done
Event: 52.723 Loading class com/sun/beans/finder/MethodFinder done
Event: 52.723 Loading class com/sun/beans/finder/MethodFinder$1
Event: 52.723 Loading class com/sun/beans/finder/MethodFinder$1 done
Event: 52.723 Loading class com/sun/beans/finder/FinderUtils
Event: 52.724 Loading class com/sun/beans/finder/FinderUtils done
Event: 56.918 Loading class java/util/function/IntBinaryOperator
Event: 56.919 Loading class java/util/function/IntBinaryOperator done
Event: 56.924 Loading class java/security/CodeSigner
Event: 56.924 Loading class java/security/CodeSigner done
Event: 59.051 Loading class java/lang/invoke/SerializedLambda
Event: 59.059 Loading class java/lang/invoke/SerializedLambda done
Event: 59.182 Loading class java/lang/SafeVarargs
Event: 59.182 Loading class java/lang/SafeVarargs done

Classes unloaded (0 events):
No events

Classes redefined (0 events):
No events

Internal exceptions (20 events):
Event: 51.032 Thread 0x00000236bc69f9f0 Exception <a 'java/lang/NoSuchMethodError'{0x00000000e9321698}: 'java.lang.Object java.lang.invoke.DirectMethodHandle$Holder.invokeSpecial(java.lang.Object, java.lang.Object, java.lang.Object, java.lang.Object, int)'> (0x00000000e9321698) 
thrown [s\open\src\hotspot\share\interpreter\linkResolver.cpp, line 773]
Event: 51.292 Thread 0x00000236bc69f9f0 Exception <a 'java/lang/ClassNotFoundException'{0x00000000e9282b58}: org/gradle/invocation/DefaultGradle_DecoratedBeanInfo> (0x00000000e9282b58) 
thrown [s\open\src\hotspot\share\classfile\systemDictionary.cpp, line 312]
Event: 51.363 Thread 0x00000236bc69f9f0 Exception <a 'java/lang/ClassNotFoundException'{0x00000000e928ff18}: org/gradle/invocation/DefaultGradleBeanInfo> (0x00000000e928ff18) 
thrown [s\open\src\hotspot\share\classfile\systemDictionary.cpp, line 312]
Event: 51.364 Thread 0x00000236bc69f9f0 Exception <a 'java/lang/ClassNotFoundException'{0x00000000e929d818}: org/gradle/api/internal/project/AbstractPluginAwareBeanInfo> (0x00000000e929d818) 
thrown [s\open\src\hotspot\share\classfile\systemDictionary.cpp, line 312]
Event: 51.366 Thread 0x00000236bc69f9f0 Exception <a 'java/lang/ClassNotFoundException'{0x00000000e92ab168}: org/gradle/api/internal/project/AbstractPluginAwareCustomizer> (0x00000000e92ab168) 
thrown [s\open\src\hotspot\share\classfile\systemDictionary.cpp, line 312]
Event: 51.369 Thread 0x00000236bc69f9f0 Exception <a 'java/lang/ClassNotFoundException'{0x00000000e92bf128}: org/gradle/invocation/DefaultGradleCustomizer> (0x00000000e92bf128) 
thrown [s\open\src\hotspot\share\classfile\systemDictionary.cpp, line 312]
Event: 51.377 Thread 0x00000236bc69f9f0 Exception <a 'java/lang/ClassNotFoundException'{0x00000000e9103cf8}: org/gradle/invocation/DefaultGradle_DecoratedCustomizer> (0x00000000e9103cf8) 
thrown [s\open\src\hotspot\share\classfile\systemDictionary.cpp, line 312]
Event: 52.682 Thread 0x00000236bc69f9f0 Exception <a 'java/lang/ClassNotFoundException'{0x00000000e8ebe140}: groovy/lang/Closure$1BeanInfo> (0x00000000e8ebe140) 
thrown [s\open\src\hotspot\share\classfile\systemDictionary.cpp, line 312]
Event: 52.695 Thread 0x00000236bc69f9f0 Exception <a 'java/lang/ClassNotFoundException'{0x00000000e8ecb268}: groovy/lang/ClosureBeanInfo> (0x00000000e8ecb268) 
thrown [s\open\src\hotspot\share\classfile\systemDictionary.cpp, line 312]
Event: 52.698 Thread 0x00000236bc69f9f0 Exception <a 'java/lang/ClassNotFoundException'{0x00000000e8ed8298}: groovy/lang/ClosureCustomizer> (0x00000000e8ed8298) 
thrown [s\open\src\hotspot\share\classfile\systemDictionary.cpp, line 312]
Event: 52.721 Thread 0x00000236bc69f9f0 Exception <a 'java/lang/ClassNotFoundException'{0x00000000e8d09958}: groovy/lang/Closure$1Customizer> (0x00000000e8d09958) 
thrown [s\open\src\hotspot\share\classfile\systemDictionary.cpp, line 312]
Event: 56.785 Thread 0x00000236bc69f9f0 Exception <a 'java/lang/ClassNotFoundException'{0x00000000efc2e488}: ijresolvers1_biktoqbb7jwwy0ip4cziwtwpsBeanInfo> (0x00000000efc2e488) 
thrown [s\open\src\hotspot\share\classfile\systemDictionary.cpp, line 312]
Event: 56.828 Thread 0x00000236bc69f9f0 Exception <a 'java/lang/ClassNotFoundException'{0x00000000efc344a0}: ijresolvers1_biktoqbb7jwwy0ip4cziwtwpsCustomizer> (0x00000000efc344a0) 
thrown [s\open\src\hotspot\share\classfile\systemDictionary.cpp, line 312]
Event: 56.887 Thread 0x00000236bc69f9f0 Exception <a 'java/lang/ClassNotFoundException'{0x00000000efc864d0}: org/gradle/internal/metaobject/ConfigureDelegateBeanInfo> (0x00000000efc864d0) 
thrown [s\open\src\hotspot\share\classfile\systemDictionary.cpp, line 312]
Event: 56.889 Thread 0x00000236bc69f9f0 Exception <a 'java/lang/ClassNotFoundException'{0x00000000efc93cb0}: org/gradle/internal/metaobject/ConfigureDelegateCustomizer> (0x00000000efc93cb0) 
thrown [s\open\src\hotspot\share\classfile\systemDictionary.cpp, line 312]
Event: 56.999 Thread 0x00000236bc69f9f0 Exception <a 'java/lang/ClassNotFoundException'{0x00000000eff72c20}: org/gradle/api/internal/initialization/DefaultScriptHandler_DecoratedBeanInfo> (0x00000000eff72c20) 
thrown [s\open\src\hotspot\share\classfile\systemDictionary.cpp, line 312]
Event: 57.000 Thread 0x00000236bc69f9f0 Exception <a 'java/lang/ClassNotFoundException'{0x00000000eff82180}: org/gradle/api/internal/initialization/DefaultScriptHandlerBeanInfo> (0x00000000eff82180) 
thrown [s\open\src\hotspot\share\classfile\systemDictionary.cpp, line 312]
Event: 57.011 Thread 0x00000236bc69f9f0 Exception <a 'java/lang/ClassNotFoundException'{0x00000000eff91960}: org/gradle/api/internal/initialization/DefaultScriptHandlerCustomizer> (0x00000000eff91960) 
thrown [s\open\src\hotspot\share\classfile\systemDictionary.cpp, line 312]
Event: 57.020 Thread 0x00000236bc69f9f0 Exception <a 'java/lang/ClassNotFoundException'{0x00000000effef518}: org/gradle/api/internal/initialization/DefaultScriptHandler_DecoratedCustomizer> (0x00000000effef518) 
thrown [s\open\src\hotspot\share\classfile\systemDictionary.cpp, line 312]
Event: 59.102 Thread 0x00000236bc69f9f0 Implicit null exception at 0x0000023696b32e40 to 0x0000023696b330d4

ZGC Phase Switch (0 events):
No events

VM Operations (20 events):
Event: 52.767 Executing VM operation: CollectForMetadataAllocation (Metadata GC Threshold)
Event: 52.803 Executing VM operation: CollectForMetadataAllocation (Metadata GC Threshold) done
Event: 53.811 Executing VM operation: Cleanup
Event: 53.844 Executing VM operation: Cleanup done
Event: 54.853 Executing VM operation: Cleanup
Event: 54.853 Executing VM operation: Cleanup done
Event: 56.880 Executing VM operation: Cleanup
Event: 56.882 Executing VM operation: Cleanup done
Event: 56.933 Executing VM operation: CollectForMetadataAllocation (Metadata GC Threshold)
Event: 56.958 Executing VM operation: CollectForMetadataAllocation (Metadata GC Threshold) done
Event: 57.972 Executing VM operation: Cleanup
Event: 58.026 Executing VM operation: Cleanup done
Event: 58.233 Executing VM operation: CollectForMetadataAllocation (Metadata GC Threshold)
Event: 58.247 Executing VM operation: CollectForMetadataAllocation (Metadata GC Threshold) done
Event: 58.295 Executing VM operation: G1PauseRemark
Event: 58.317 Executing VM operation: G1PauseRemark done
Event: 58.329 Executing VM operation: G1PauseCleanup
Event: 58.451 Executing VM operation: G1PauseCleanup done
Event: 59.108 Executing VM operation: HandshakeAllThreads (Deoptimize)
Event: 59.109 Executing VM operation: HandshakeAllThreads (Deoptimize) done

Events (20 events):
Event: 58.302 Thread 0x00000236a174f510 flushing nmethod 0x000002368f119210
Event: 58.302 Thread 0x00000236a174f510 flushing nmethod 0x000002368f119a90
Event: 58.302 Thread 0x00000236a174f510 flushing nmethod 0x000002368f11b090
Event: 58.302 Thread 0x00000236a174f510 flushing nmethod 0x000002368f124310
Event: 58.302 Thread 0x00000236a174f510 flushing nmethod 0x000002368f125210
Event: 58.302 Thread 0x00000236a174f510 flushing nmethod 0x000002368f126710
Event: 58.302 Thread 0x00000236a174f510 flushing nmethod 0x000002368f126b10
Event: 58.302 Thread 0x00000236a174f510 flushing nmethod 0x000002368f1f2f10
Event: 58.302 Thread 0x00000236a174f510 flushing nmethod 0x000002368f1f3610
Event: 58.302 Thread 0x00000236a174f510 flushing nmethod 0x000002368f1f3d10
Event: 58.302 Thread 0x00000236a174f510 flushing nmethod 0x000002368f1f9010
Event: 58.302 Thread 0x00000236a174f510 flushing nmethod 0x000002368f299090
Event: 58.302 Thread 0x00000236a174f510 flushing nmethod 0x000002368f29db90
Event: 58.302 Thread 0x00000236a174f510 flushing nmethod 0x000002368f2c0390
Event: 58.302 Thread 0x00000236a174f510 flushing nmethod 0x000002368f39cb10
Event: 58.302 Thread 0x00000236a174f510 flushing nmethod 0x000002368f39cf90
Event: 58.302 Thread 0x00000236a174f510 flushing nmethod 0x000002368f42aa10
Event: 58.302 Thread 0x00000236a174f510 flushing nmethod 0x000002368f434790
Event: 58.302 Thread 0x00000236a174f510 flushing nmethod 0x000002368f458e90
Event: 58.302 Thread 0x00000236a174f510 flushing nmethod 0x000002368f46f490


Dynamic libraries:
0x00007ff61fda0000 - 0x00007ff61fdb0000 	C:\Program Files\Java\jdk-21\bin\java.exe
0x00007ffac90d0000 - 0x00007ffac92e7000 	C:\WINDOWS\SYSTEM32\ntdll.dll
0x00007ffac7d20000 - 0x00007ffac7de4000 	C:\WINDOWS\System32\KERNEL32.DLL
0x00007ffac6420000 - 0x00007ffac67f3000 	C:\WINDOWS\System32\KERNELBASE.dll
0x00007ffac69f0000 - 0x00007ffac6b01000 	C:\WINDOWS\System32\ucrtbase.dll
0x00007ffab12c0000 - 0x00007ffab12db000 	C:\Program Files\Java\jdk-21\bin\VCRUNTIME140.dll
0x00007ffab05a0000 - 0x00007ffab05b9000 	C:\Program Files\Java\jdk-21\bin\jli.dll
0x00007ffac83b0000 - 0x00007ffac8461000 	C:\WINDOWS\System32\ADVAPI32.dll
0x00007ffac7970000 - 0x00007ffac7a17000 	C:\WINDOWS\System32\msvcrt.dll
0x00007ffac77a0000 - 0x00007ffac7848000 	C:\WINDOWS\System32\sechost.dll
0x00007ffac6b10000 - 0x00007ffac6b38000 	C:\WINDOWS\System32\bcrypt.dll
0x00007ffac7a40000 - 0x00007ffac7b54000 	C:\WINDOWS\System32\RPCRT4.dll
0x00007ffac7b60000 - 0x00007ffac7d11000 	C:\WINDOWS\System32\USER32.dll
0x00007ffac6b40000 - 0x00007ffac6b66000 	C:\WINDOWS\System32\win32u.dll
0x00007ffac76f0000 - 0x00007ffac7719000 	C:\WINDOWS\System32\GDI32.dll
0x00007ffac61e0000 - 0x00007ffac62fb000 	C:\WINDOWS\System32\gdi32full.dll
0x00007ffab4710000 - 0x00007ffab49a8000 	C:\WINDOWS\WinSxS\amd64_microsoft.windows.common-controls_6595b64144ccf1df_6.0.22621.5124_none_270e8f4f7386d69d\COMCTL32.dll
0x00007ffac6300000 - 0x00007ffac639a000 	C:\WINDOWS\System32\msvcp_win.dll
0x00007ffabd850000 - 0x00007ffabd85a000 	C:\WINDOWS\SYSTEM32\VERSION.dll
0x00007ffac76a0000 - 0x00007ffac76d1000 	C:\WINDOWS\System32\IMM32.DLL
0x00007ffab12b0000 - 0x00007ffab12bc000 	C:\Program Files\Java\jdk-21\bin\vcruntime140_1.dll
0x00007ffa980e0000 - 0x00007ffa9816e000 	C:\Program Files\Java\jdk-21\bin\msvcp140.dll
0x00007ffa43bc0000 - 0x00007ffa448da000 	C:\Program Files\Java\jdk-21\bin\server\jvm.dll
0x00007ffac8b50000 - 0x00007ffac8bc1000 	C:\WINDOWS\System32\WS2_32.dll
0x00007ffac5a70000 - 0x00007ffac5abd000 	C:\WINDOWS\SYSTEM32\POWRPROF.dll
0x00007ffac0a40000 - 0x00007ffac0a74000 	C:\WINDOWS\SYSTEM32\WINMM.dll
0x00007ffac5a50000 - 0x00007ffac5a63000 	C:\WINDOWS\SYSTEM32\UMPDC.dll
0x00007ffac51d0000 - 0x00007ffac51e8000 	C:\WINDOWS\SYSTEM32\kernel.appcore.dll
0x00007ffab08a0000 - 0x00007ffab08aa000 	C:\Program Files\Java\jdk-21\bin\jimage.dll
0x00007ffac3a20000 - 0x00007ffac3c52000 	C:\WINDOWS\SYSTEM32\DBGHELP.DLL
0x00007ffac8000000 - 0x00007ffac8392000 	C:\WINDOWS\System32\combase.dll
0x00007ffac7f20000 - 0x00007ffac7ff7000 	C:\WINDOWS\System32\OLEAUT32.dll
0x00007ffa9e9d0000 - 0x00007ffa9ea02000 	C:\WINDOWS\SYSTEM32\dbgcore.DLL
0x00007ffac63a0000 - 0x00007ffac641b000 	C:\WINDOWS\System32\bcryptPrimitives.dll
0x00007ffab04b0000 - 0x00007ffab04bf000 	C:\Program Files\Java\jdk-21\bin\instrument.dll
0x00007ffab03c0000 - 0x00007ffab03df000 	C:\Program Files\Java\jdk-21\bin\java.dll
0x00007ffac6d80000 - 0x00007ffac7616000 	C:\WINDOWS\System32\SHELL32.dll
0x00007ffac6b70000 - 0x00007ffac6caf000 	C:\WINDOWS\System32\wintypes.dll
0x00007ffac40b0000 - 0x00007ffac49ca000 	C:\WINDOWS\SYSTEM32\windows.storage.dll
0x00007ffac7e10000 - 0x00007ffac7f1a000 	C:\WINDOWS\System32\SHCORE.dll
0x00007ffac7720000 - 0x00007ffac7783000 	C:\WINDOWS\System32\shlwapi.dll
0x00007ffac6110000 - 0x00007ffac613b000 	C:\WINDOWS\SYSTEM32\profapi.dll
0x00007ffa98000000 - 0x00007ffa980d7000 	C:\Program Files\Java\jdk-21\bin\jsvml.dll
0x00007ffab0300000 - 0x00007ffab0318000 	C:\Program Files\Java\jdk-21\bin\zip.dll
0x00007ffab0420000 - 0x00007ffab0430000 	C:\Program Files\Java\jdk-21\bin\net.dll
0x00007ffac0f20000 - 0x00007ffac104c000 	C:\WINDOWS\SYSTEM32\WINHTTP.dll
0x00007ffac5640000 - 0x00007ffac56aa000 	C:\WINDOWS\system32\mswsock.dll
0x00007ffaaff20000 - 0x00007ffaaff36000 	C:\Program Files\Java\jdk-21\bin\nio.dll
0x00007ffaafe40000 - 0x00007ffaafe50000 	C:\Program Files\Java\jdk-21\bin\verify.dll
0x00007ffab12e0000 - 0x00007ffab1307000 	C:\Users\alsrb\.gradle\native\1def1411415f61bf3af743bc5b6707747c0891f09f0c88961ee8f79bc544acac\windows-amd64\native-platform.dll
0x00007ffa97c50000 - 0x00007ffa97cc8000 	C:\Users\alsrb\.gradle\native\0.2.7\x86_64-windows-gnu\gradle-fileevents.dll
0x00007ffaaf980000 - 0x00007ffaaf98a000 	C:\Program Files\Java\jdk-21\bin\management.dll
0x00007ffaaf970000 - 0x00007ffaaf97b000 	C:\Program Files\Java\jdk-21\bin\management_ext.dll
0x00007ffac6d70000 - 0x00007ffac6d78000 	C:\WINDOWS\System32\PSAPI.DLL
0x00007ffac4c30000 - 0x00007ffac4c5d000 	C:\WINDOWS\SYSTEM32\IPHLPAPI.DLL
0x00007ffac76e0000 - 0x00007ffac76e9000 	C:\WINDOWS\System32\NSI.dll
0x00007ffaae5b0000 - 0x00007ffaae5b9000 	C:\Program Files\Java\jdk-21\bin\extnet.dll
0x00007ffac5a10000 - 0x00007ffac5a2b000 	C:\WINDOWS\SYSTEM32\CRYPTSP.dll
0x00007ffac5130000 - 0x00007ffac5167000 	C:\WINDOWS\system32\rsaenh.dll
0x00007ffac56e0000 - 0x00007ffac5708000 	C:\WINDOWS\SYSTEM32\USERENV.dll
0x00007ffac59e0000 - 0x00007ffac59ec000 	C:\WINDOWS\SYSTEM32\CRYPTBASE.dll
0x00007ffaae5a0000 - 0x00007ffaae5ae000 	C:\Program Files\Java\jdk-21\bin\sunmscapi.dll
0x00007ffac6800000 - 0x00007ffac6967000 	C:\WINDOWS\System32\CRYPT32.dll
0x00007ffac5b70000 - 0x00007ffac5b9d000 	C:\WINDOWS\SYSTEM32\ncrypt.dll
0x00007ffac5b30000 - 0x00007ffac5b67000 	C:\WINDOWS\SYSTEM32\NTASN1.dll
0x00007ffa8b0f0000 - 0x00007ffa8b0f8000 	C:\WINDOWS\system32\wshunix.dll

dbghelp: loaded successfully - version: 4.0.5 - missing functions: none
symbol engine: initialized successfully - sym options: 0x614 - pdb path: .;C:\Program Files\Java\jdk-21\bin;C:\WINDOWS\SYSTEM32;C:\WINDOWS\WinSxS\amd64_microsoft.windows.common-controls_6595b64144ccf1df_6.0.22621.5124_none_270e8f4f7386d69d;C:\Program Files\Java\jdk-21\bin\server;C:\Users\alsrb\.gradle\native\1def1411415f61bf3af743bc5b6707747c0891f09f0c88961ee8f79bc544acac\windows-amd64;C:\Users\alsrb\.gradle\native\0.2.7\x86_64-windows-gnu

VM Arguments:
jvm_args: --add-opens=java.base/java.lang=ALL-UNNAMED --add-opens=java.base/java.lang.invoke=ALL-UNNAMED --add-opens=java.base/java.util=ALL-UNNAMED --add-opens=java.prefs/java.util.prefs=ALL-UNNAMED --add-exports=jdk.compiler/com.sun.tools.javac.api=ALL-UNNAMED --add-exports=jdk.compiler/com.sun.tools.javac.util=ALL-UNNAMED --add-opens=java.base/java.util=ALL-UNNAMED --add-opens=java.prefs/java.util.prefs=ALL-UNNAMED --add-opens=java.base/java.nio.charset=ALL-UNNAMED --add-opens=java.base/java.net=ALL-UNNAMED --add-opens=java.base/java.util.concurrent.atomic=ALL-UNNAMED --add-opens=java.xml/javax.xml.namespace=ALL-UNNAMED -XX:MaxMetaspaceSize=384m -XX:+HeapDumpOnOutOfMemoryError -Xms256m -Xmx512m -Dfile.encoding=UTF-8 -Duser.country=KR -Duser.language=ko -Duser.variant -javaagent:C:\Users\alsrb\.gradle\wrapper\dists\gradle-8.13-bin\5xuhj0ry160q40clulazy9h7d\gradle-8.13\lib\agents\gradle-instrumentation-agent-8.13.jar 
java_command: org.gradle.launcher.daemon.bootstrap.GradleDaemon 8.13
java_class_path (initial): C:\Users\alsrb\.gradle\wrapper\dists\gradle-8.13-bin\5xuhj0ry160q40clulazy9h7d\gradle-8.13\lib\gradle-daemon-main-8.13.jar
Launcher Type: SUN_STANDARD

[Global flags]
     intx CICompilerCount                          = 4                                         {product} {ergonomic}
   size_t CompressedClassSpaceSize                 = 335544320                                 {product} {ergonomic}
     uint ConcGCThreads                            = 2                                         {product} {ergonomic}
     uint G1ConcRefinementThreads                  = 8                                         {product} {ergonomic}
   size_t G1HeapRegionSize                         = 1048576                                   {product} {ergonomic}
    uintx GCDrainStackTargetSize                   = 64                                        {product} {ergonomic}
     bool HeapDumpOnOutOfMemoryError               = true                                   {manageable} {command line}
   size_t InitialHeapSize                          = 268435456                                 {product} {command line}
   size_t MarkStackSize                            = 4194304                                   {product} {ergonomic}
   size_t MaxHeapSize                              = 536870912                                 {product} {command line}
   size_t MaxMetaspaceSize                         = 402653184                                 {product} {command line}
   size_t MaxNewSize                               = 321912832                                 {product} {ergonomic}
   size_t MinHeapDeltaBytes                        = 1048576                                   {product} {ergonomic}
   size_t MinHeapSize                              = 268435456                                 {product} {command line}
    uintx NonNMethodCodeHeapSize                   = 5839372                                {pd product} {ergonomic}
    uintx NonProfiledCodeHeapSize                  = 122909434                              {pd product} {ergonomic}
    uintx ProfiledCodeHeapSize                     = 122909434                              {pd product} {ergonomic}
    uintx ReservedCodeCacheSize                    = 251658240                              {pd product} {ergonomic}
     bool SegmentedCodeCache                       = true                                      {product} {ergonomic}
   size_t SoftMaxHeapSize                          = 536870912                              {manageable} {ergonomic}
     bool UseCompressedOops                        = true                           {product lp64_product} {ergonomic}
     bool UseG1GC                                  = true                                      {product} {ergonomic}
     bool UseLargePagesIndividualAllocation        = false                                  {pd product} {ergonomic}

Logging:
Log output configuration:
 #0: stdout all=warning uptime,level,tags foldmultilines=false
 #1: stderr all=off uptime,level,tags foldmultilines=false

Environment Variables:
PATH=C:\Program Files\Common Files\Oracle\Java\javapath;C:\Python312\Scripts\;C:\Python312\;C:\app\alsrb\product\21c\dbhomeXE\bin;C:\Program Files (x86)\Intel\Intel(R) Management Engine Components\iCLS\;C:\Program Files\Intel\Intel(R) Management Engine Components\iCLS\;C:\WINDOWS\system32;C:\WINDOWS;C:\WINDOWS\System32\Wbem;C:\WINDOWS\System32\WindowsPowerShell\v1.0\;C:\WINDOWS\System32\OpenSSH\;C:\Program Files (x86)\NVIDIA Corporation\PhysX\Common;C:\Program Files (x86)\Intel\Intel(R) Management Engine Components\DAL;C:\Program Files\Intel\Intel(R) Management Engine Components\DAL;C:\Program Files\Intel\WiFi\bin\;C:\Program Files\Common Files\Intel\WirelessCommon\;C:\Program Files\Java\jre1.8.0_261;C:\Program Files\dotnet\;C:\WINDOWS\system32;C:\WINDOWS;C:\WINDOWS\System32\Wbem;C:\WINDOWS\System32\WindowsPowerShell\v1.0\;C:\WINDOWS\System32\OpenSSH\;C:\Program Files\Calibre2\;C:\ProgramData\chocolatey\bin;C:\Program Files\Git\cmd;C:\Users\alsrb\AppData\Local\Microsoft\WindowsApps;C:\Program Files\Intel\WiFi\bin\;C:\Program Files\Common Files\Intel\WirelessCommon\;C:\Program Files\Bandizip\;;C:\Users\alsrb\AppData\Local\afreeca;C:\Users\alsrb\AppData\Local\Programs\Microsoft VS Code\bin;C:\Users\alsrb\AppData\Local\SOOP;C:\Program Files\JetBrains\IntelliJ IDEA 2024.3.5\bin;
USERNAME=alsrb
OS=Windows_NT
PROCESSOR_IDENTIFIER=Intel64 Family 6 Model 142 Stepping 10, GenuineIntel
TMP=C:\Users\alsrb\AppData\Local\Temp
TEMP=C:\Users\alsrb\AppData\Local\Temp




Periodic native trim disabled

---------------  S Y S T E M  ---------------

OS:
 Windows 11 , 64 bit Build 22621 (10.0.22621.5124)
OS uptime: 4 days 19:38 hours
Hyper-V role detected

CPU: total 8 (initial active 8) (4 cores per cpu, 2 threads per core) family 6 model 142 stepping 10 microcode 0xe0, cx8, cmov, fxsr, ht, mmx, 3dnowpref, sse, sse2, sse3, ssse3, sse4.1, sse4.2, popcnt, lzcnt, tsc, tscinvbit, avx, avx2, aes, erms, clmul, bmi1, bmi2, adx, fma, vzeroupper, clflush, clflushopt, hv, rdtscp, f16c
Processor Information for processor 0
  Max Mhz: 1801, Current Mhz: 1500, Mhz Limit: 1584
Processor Information for processor 1
  Max Mhz: 1801, Current Mhz: 1600, Mhz Limit: 1584
Processor Information for processor 2
  Max Mhz: 1801, Current Mhz: 1600, Mhz Limit: 1584
Processor Information for processor 3
  Max Mhz: 1801, Current Mhz: 1600, Mhz Limit: 1584
Processor Information for processor 4
  Max Mhz: 1801, Current Mhz: 1600, Mhz Limit: 1584
Processor Information for processor 5
  Max Mhz: 1801, Current Mhz: 1600, Mhz Limit: 1584
Processor Information for processor 6
  Max Mhz: 1801, Current Mhz: 1600, Mhz Limit: 1584
Processor Information for processor 7
  Max Mhz: 1801, Current Mhz: 1600, Mhz Limit: 1584

Memory: 4k page, system-wide physical 8096M (582M free)
TotalPageFile size 32672M (AvailPageFile size 5M)
current process WorkingSet (physical memory assigned to process): 238M, peak: 266M
current process commit charge ("private bytes"): 437M, peak: 454M

vm_info: Java HotSpot(TM) 64-Bit Server VM (21.0.6+8-LTS-188) for windows-amd64 JRE (21.0.6+8-LTS-188), built on 2024-12-03T10:50:54Z by "mach5one" with MS VC++ 17.6 (VS2022)

END.
