#
# There is insufficient memory for the Java Runtime Environment to continue.
# Native memory allocation (malloc) failed to allocate 32744 bytes for Chunk::new
# Possible reasons:
#   The system is out of physical RAM or swap space
#   The process is running with CompressedOops enabled, and the Java Heap may be blocking the growth of the native heap
# Possible solutions:
#   Reduce memory load on the system
#   Increase physical memory or swap space
#   Check if swap backing store is full
#   Decrease Java heap size (-Xmx/-Xms)
#   Decrease number of Java threads
#   Decrease Java thread stack sizes (-Xss)
#   Set larger code cache with -XX:ReservedCodeCacheSize=
#   JVM is running with Unscaled Compressed Oops mode in which the Java heap is
#     placed in the first 4GB address space. The Java Heap base address is the
#     maximum limit for the native heap growth. Please use -XX:HeapBaseMinAddress
#     to set the Java Heap base and to place the Java Heap above 4GB virtual address.
# This output file may be truncated or incomplete.
#
#  Out of Memory Error (arena.cpp:168), pid=9248, tid=29352
#
# JRE version: Java(TM) SE Runtime Environment (21.0.6+8) (build 21.0.6+8-LTS-188)
# Java VM: Java HotSpot(TM) 64-Bit Server VM (21.0.6+8-LTS-188, mixed mode, sharing, tiered, compressed oops, compressed class ptrs, g1 gc, windows-amd64)
# No core dump will be written. Minidumps are not enabled by default on client versions of Windows
#

---------------  S U M M A R Y ------------

Command Line: --add-opens=java.base/java.lang=ALL-UNNAMED --add-opens=java.base/java.lang.invoke=ALL-UNNAMED --add-opens=java.base/java.util=ALL-UNNAMED --add-opens=java.prefs/java.util.prefs=ALL-UNNAMED --add-exports=jdk.compiler/com.sun.tools.javac.api=ALL-UNNAMED --add-exports=jdk.compiler/com.sun.tools.javac.util=ALL-UNNAMED --add-opens=java.base/java.util=ALL-UNNAMED --add-opens=java.prefs/java.util.prefs=ALL-UNNAMED --add-opens=java.base/java.nio.charset=ALL-UNNAMED --add-opens=java.base/java.net=ALL-UNNAMED --add-opens=java.base/java.util.concurrent.atomic=ALL-UNNAMED --add-opens=java.xml/javax.xml.namespace=ALL-UNNAMED -XX:MaxMetaspaceSize=384m -XX:+HeapDumpOnOutOfMemoryError -Xms256m -Xmx512m -Dfile.encoding=UTF-8 -Duser.country=KR -Duser.language=ko -Duser.variant -javaagent:C:\Users\alsrb\.gradle\wrapper\dists\gradle-8.13-bin\5xuhj0ry160q40clulazy9h7d\gradle-8.13\lib\agents\gradle-instrumentation-agent-8.13.jar org.gradle.launcher.daemon.bootstrap.GradleDaemon 8.13

Host: Intel(R) Core(TM) i5-8250U CPU @ 1.60GHz, 8 cores, 7G,  Windows 11 , 64 bit Build 22621 (10.0.22621.5124)
Time: Tue May  6 14:26:26 2025  Windows 11 , 64 bit Build 22621 (10.0.22621.5124) elapsed time: 63.074064 seconds (0d 0h 1m 3s)

---------------  T H R E A D  ---------------

Current thread (0x00000178610deb20):  JavaThread "C2 CompilerThread0" daemon [_thread_in_native, id=29352, stack(0x0000006910100000,0x0000006910200000) (1024K)]


Current CompileTask:
C2:  63074 5637       4       java.util.Arrays::binarySearch (10 bytes)

Stack: [0x0000006910100000,0x0000006910200000]
Native frames: (J=compiled Java code, j=interpreted, Vv=VM code, C=native code)
V  [jvm.dll+0x6ca6d9]
V  [jvm.dll+0x854f51]
V  [jvm.dll+0x85747e]
V  [jvm.dll+0x857b53]
V  [jvm.dll+0x27dcc6]
V  [jvm.dll+0xc4c2d]
V  [jvm.dll+0xc5163]
V  [jvm.dll+0x6a63dd]
V  [jvm.dll+0x607f1a]
V  [jvm.dll+0x603ae3]
V  [jvm.dll+0x5e90d8]
V  [jvm.dll+0x5eea75]
V  [jvm.dll+0x5ee889]
V  [jvm.dll+0x5f5c34]
V  [jvm.dll+0x24f8a2]
V  [jvm.dll+0x24858f]
V  [jvm.dll+0x245df4]
V  [jvm.dll+0x1c6d2e]
V  [jvm.dll+0x2554f9]
V  [jvm.dll+0x253a8a]
V  [jvm.dll+0x3ee576]
V  [jvm.dll+0x7ff2fb]
V  [jvm.dll+0x6c8dbd]
C  [ucrtbase.dll+0x29333]
C  [KERNEL32.DLL+0x1259d]
C  [ntdll.dll+0x5af38]


---------------  P R O C E S S  ---------------

Threads class SMR info:
_java_thread_list=0x000001787ec05bc0, length=43, elements={
0x000001784455d9c0, 0x00000178610d6960, 0x00000178610d7610, 0x00000178610d9da0,
0x00000178610dc900, 0x00000178610dd350, 0x00000178610ddda0, 0x00000178610deb20,
0x00000178610e19c0, 0x000001786129fee0, 0x000001786142f210, 0x000001787bc313e0,
0x00000178612c6c00, 0x000001787b39e840, 0x000001787b200960, 0x000001787bb12710,
0x000001787b2239a0, 0x000001787bd5e060, 0x000001787b117990, 0x000001787b5d39f0,
0x000001787b5d5430, 0x000001787b5d4da0, 0x000001787b5d4080, 0x000001787b5d6150,
0x000001787b5d2cd0, 0x000001787b5d5ac0, 0x000001787b5d3360, 0x000001787cb98ff0,
0x000001787cb9deb0, 0x000001787cb98960, 0x000001787cb9ebd0, 0x000001787cb9c470,
0x000001787cb99d10, 0x000001787cb9a3a0, 0x000001787cb9e540, 0x000001787cb9d820,
0x000001787cb9f260, 0x000001787cb9ff80, 0x000001787cb9b0c0, 0x000001787cb9b750,
0x000001787cb99680, 0x000001787cb9bde0, 0x000001787c461400
}

Java Threads: ( => current thread )
  0x000001784455d9c0 JavaThread "main"                              [_thread_blocked, id=1700, stack(0x000000690f300000,0x000000690f400000) (1024K)]
  0x00000178610d6960 JavaThread "Reference Handler"          daemon [_thread_blocked, id=18032, stack(0x000000690fb00000,0x000000690fc00000) (1024K)]
  0x00000178610d7610 JavaThread "Finalizer"                  daemon [_thread_blocked, id=19864, stack(0x000000690fc00000,0x000000690fd00000) (1024K)]
  0x00000178610d9da0 JavaThread "Signal Dispatcher"          daemon [_thread_blocked, id=29676, stack(0x000000690fd00000,0x000000690fe00000) (1024K)]
  0x00000178610dc900 JavaThread "Attach Listener"            daemon [_thread_blocked, id=17232, stack(0x000000690fe00000,0x000000690ff00000) (1024K)]
  0x00000178610dd350 JavaThread "Service Thread"             daemon [_thread_blocked, id=20524, stack(0x000000690ff00000,0x0000006910000000) (1024K)]
  0x00000178610ddda0 JavaThread "Monitor Deflation Thread"   daemon [_thread_blocked, id=25616, stack(0x0000006910000000,0x0000006910100000) (1024K)]
=>0x00000178610deb20 JavaThread "C2 CompilerThread0"         daemon [_thread_in_native, id=29352, stack(0x0000006910100000,0x0000006910200000) (1024K)]
  0x00000178610e19c0 JavaThread "C1 CompilerThread0"         daemon [_thread_in_native, id=8644, stack(0x0000006910200000,0x0000006910300000) (1024K)]
  0x000001786129fee0 JavaThread "Common-Cleaner"             daemon [_thread_blocked, id=5672, stack(0x0000006910300000,0x0000006910400000) (1024K)]
  0x000001786142f210 JavaThread "Notification Thread"        daemon [_thread_blocked, id=25252, stack(0x0000006910400000,0x0000006910500000) (1024K)]
  0x000001787bc313e0 JavaThread "Daemon health stats"               [_thread_blocked, id=10568, stack(0x0000006910500000,0x0000006910600000) (1024K)]
  0x00000178612c6c00 JavaThread "Incoming local TCP Connector on port 6900"        [_thread_in_native, id=20016, stack(0x0000006910b00000,0x0000006910c00000) (1024K)]
  0x000001787b39e840 JavaThread "Daemon periodic checks"            [_thread_blocked, id=27416, stack(0x0000006910c00000,0x0000006910d00000) (1024K)]
  0x000001787b200960 JavaThread "Daemon"                            [_thread_blocked, id=14480, stack(0x0000006910d00000,0x0000006910e00000) (1024K)]
  0x000001787bb12710 JavaThread "Handler for socket connection from /127.0.0.1:6900 to /127.0.0.1:6912"        [_thread_in_native, id=5820, stack(0x0000006910e00000,0x0000006910f00000) (1024K)]
  0x000001787b2239a0 JavaThread "Cancel handler"                    [_thread_blocked, id=1640, stack(0x0000006910f00000,0x0000006911000000) (1024K)]
  0x000001787bd5e060 JavaThread "Daemon worker"                     [_thread_in_vm, id=24768, stack(0x0000006911000000,0x0000006911100000) (1024K)]
  0x000001787b117990 JavaThread "Asynchronous log dispatcher for DefaultDaemonConnection: socket connection from /127.0.0.1:6900 to /127.0.0.1:6912"        [_thread_blocked, id=3156, stack(0x0000006911100000,0x0000006911200000) (1024K)]
  0x000001787b5d39f0 JavaThread "Stdin handler"                     [_thread_blocked, id=20720, stack(0x0000006911200000,0x0000006911300000) (1024K)]
  0x000001787b5d5430 JavaThread "Daemon client event forwarder"        [_thread_blocked, id=18188, stack(0x0000006911300000,0x0000006911400000) (1024K)]
  0x000001787b5d4da0 JavaThread "Cache worker for journal cache (C:\Users\alsrb\.gradle\caches\journal-1)"        [_thread_blocked, id=3304, stack(0x0000006911400000,0x0000006911500000) (1024K)]
  0x000001787b5d4080 JavaThread "File lock request listener"        [_thread_in_native, id=10768, stack(0x0000006911500000,0x0000006911600000) (1024K)]
  0x000001787b5d6150 JavaThread "Cache worker for file hash cache (C:\Users\alsrb\.gradle\caches\8.13\fileHashes)"        [_thread_blocked, id=11664, stack(0x0000006911700000,0x0000006911800000) (1024K)]
  0x000001787b5d2cd0 JavaThread "File lock release action executor"        [_thread_blocked, id=15628, stack(0x0000006911800000,0x0000006911900000) (1024K)]
  0x000001787b5d5ac0 JavaThread "File lock release action executor Thread 2"        [_thread_blocked, id=8440, stack(0x0000006911900000,0x0000006911a00000) (1024K)]
  0x000001787b5d3360 JavaThread "Cache worker for file hash cache (C:\Users\alsrb\OneDrive\바탕 화면\한국외대\다니니\.gradle\8.13\fileHashes)"        [_thread_blocked, id=11696, stack(0x0000006911e00000,0x0000006911f00000) (1024K)]
  0x000001787cb98ff0 JavaThread "Cache worker for Build Output Cleanup Cache (C:\Users\alsrb\OneDrive\바탕 화면\한국외대\다니니\.gradle\buildOutputCleanup)"        [_thread_blocked, id=19284, stack(0x0000006911f00000,0x0000006912000000) (1024K)]
  0x000001787cb9deb0 JavaThread "File watcher server"        daemon [_thread_in_native, id=14308, stack(0x0000006911600000,0x0000006911700000) (1024K)]
  0x000001787cb98960 JavaThread "File watcher consumer"      daemon [_thread_blocked, id=26808, stack(0x0000006911d00000,0x0000006911e00000) (1024K)]
  0x000001787cb9ebd0 JavaThread "jar transforms"                    [_thread_blocked, id=29360, stack(0x0000006912000000,0x0000006912100000) (1024K)]
  0x000001787cb9c470 JavaThread "jar transforms Thread 2"           [_thread_blocked, id=21800, stack(0x0000006912100000,0x0000006912200000) (1024K)]
  0x000001787cb99d10 JavaThread "Cache worker for checksums cache (C:\Users\alsrb\OneDrive\바탕 화면\한국외대\다니니\.gradle\8.13\checksums)"        [_thread_blocked, id=10024, stack(0x0000006912200000,0x0000006912300000) (1024K)]
  0x000001787cb9a3a0 JavaThread "Cache worker for file content cache (C:\Users\alsrb\.gradle\caches\8.13\fileContent)"        [_thread_blocked, id=24328, stack(0x0000006912300000,0x0000006912400000) (1024K)]
  0x000001787cb9e540 JavaThread "jar transforms Thread 3"           [_thread_blocked, id=26260, stack(0x0000006912400000,0x0000006912500000) (1024K)]
  0x000001787cb9d820 JavaThread "Cache worker for cache directory md-supplier (C:\Users\alsrb\.gradle\caches\8.13\md-supplier)"        [_thread_blocked, id=22044, stack(0x0000006912500000,0x0000006912600000) (1024K)]
  0x000001787cb9f260 JavaThread "Cache worker for cache directory md-rule (C:\Users\alsrb\.gradle\caches\8.13\md-rule)"        [_thread_blocked, id=15604, stack(0x0000006912600000,0x0000006912700000) (1024K)]
  0x000001787cb9ff80 JavaThread "Unconstrained build operations"        [_thread_blocked, id=14632, stack(0x0000006912700000,0x0000006912800000) (1024K)]
  0x000001787cb9b0c0 JavaThread "Unconstrained build operations Thread 2"        [_thread_blocked, id=24916, stack(0x0000006912800000,0x0000006912900000) (1024K)]
  0x000001787cb9b750 JavaThread "jar transforms Thread 4"           [_thread_blocked, id=18700, stack(0x0000006912900000,0x0000006912a00000) (1024K)]
  0x000001787cb99680 JavaThread "jar transforms Thread 5"           [_thread_blocked, id=9132, stack(0x0000006912b00000,0x0000006912c00000) (1024K)]
  0x000001787cb9bde0 JavaThread "jar transforms Thread 6"           [_thread_blocked, id=13168, stack(0x0000006912a00000,0x0000006912b00000) (1024K)]
  0x000001787c461400 JavaThread "jar transforms Thread 7"           [_thread_blocked, id=23756, stack(0x000000690f000000,0x000000690f100000) (1024K)]
Total: 43

Other Threads:
  0x00000178610bf7c0 VMThread "VM Thread"                           [id=16520, stack(0x000000690fa00000,0x000000690fb00000) (1024K)]
  0x00000178610a9dd0 WatcherThread "VM Periodic Task Thread"        [id=7568, stack(0x000000690f900000,0x000000690fa00000) (1024K)]
  0x0000017844588170 WorkerThread "GC Thread#0"                     [id=16656, stack(0x000000690f400000,0x000000690f500000) (1024K)]
  0x0000017861594ef0 WorkerThread "GC Thread#1"                     [id=27508, stack(0x0000006910600000,0x0000006910700000) (1024K)]
  0x00000178616ed930 WorkerThread "GC Thread#2"                     [id=14176, stack(0x0000006910700000,0x0000006910800000) (1024K)]
  0x000001786148bc30 WorkerThread "GC Thread#3"                     [id=2408, stack(0x0000006910800000,0x0000006910900000) (1024K)]
  0x000001786148bfd0 WorkerThread "GC Thread#4"                     [id=26948, stack(0x0000006910900000,0x0000006910a00000) (1024K)]
  0x000001786148c370 WorkerThread "GC Thread#5"                     [id=20564, stack(0x0000006910a00000,0x0000006910b00000) (1024K)]
  0x000001787c40d7a0 WorkerThread "GC Thread#6"                     [id=23116, stack(0x0000006911a00000,0x0000006911b00000) (1024K)]
  0x000001787c40c580 WorkerThread "GC Thread#7"                     [id=27608, stack(0x0000006911b00000,0x0000006911c00000) (1024K)]
  0x000001784458d150 ConcurrentGCThread "G1 Main Marker"            [id=2824, stack(0x000000690f500000,0x000000690f600000) (1024K)]
  0x000001784458dc50 WorkerThread "G1 Conc#0"                       [id=7548, stack(0x000000690f600000,0x000000690f700000) (1024K)]
  0x000001787c40d060 WorkerThread "G1 Conc#1"                       [id=11304, stack(0x0000006911c00000,0x0000006911d00000) (1024K)]
  0x000001784461eba0 ConcurrentGCThread "G1 Refine#0"               [id=22428, stack(0x000000690f700000,0x000000690f800000) (1024K)]
  0x0000017860f7cce0 ConcurrentGCThread "G1 Service"                [id=22832, stack(0x000000690f800000,0x000000690f900000) (1024K)]
Total: 15

Threads with active compile tasks:
C2 CompilerThread0    63172 5637       4       java.util.Arrays::binarySearch (10 bytes)
C1 CompilerThread0    63172 5644       3       groovyjarjarasm.asm.Frame::execute (2303 bytes)
Total: 2

VM state: not at safepoint (normal execution)

VM Mutex/Monitor currently owned by a thread: None

Heap address: 0x00000000e0000000, size: 512 MB, Compressed Oops mode: 32-bit

CDS archive(s) mapped at: [0x0000017862000000-0x0000017862c90000-0x0000017862c90000), size 13172736, SharedBaseAddress: 0x0000017862000000, ArchiveRelocationMode: 1.
Compressed class space mapped at: 0x0000017863000000-0x0000017877000000, reserved size: 335544320
Narrow klass base: 0x0000017862000000, Narrow klass shift: 0, Narrow klass range: 0x100000000

GC Precious Log:
 CardTable entry size: 512
 Card Set container configuration: InlinePtr #cards 5 size 8 Array Of Cards #cards 12 size 40 Howl #buckets 4 coarsen threshold 1843 Howl Bitmap #cards 512 size 80 coarsen threshold 460 Card regions per heap region 1 cards per card region 2048
 CPUs: 8 total, 8 available
 Memory: 8096M
 Large Page Support: Disabled
 NUMA Support: Disabled
 Compressed Oops: Enabled (32-bit)
 Heap Region Size: 1M
 Heap Min Capacity: 256M
 Heap Initial Capacity: 256M
 Heap Max Capacity: 512M
 Pre-touch: Disabled
 Parallel Workers: 8
 Concurrent Workers: 2
 Concurrent Refinement Workers: 8
 Periodic GC: Disabled

Heap:
 garbage-first heap   total 262144K, used 145408K [0x00000000e0000000, 0x0000000100000000)
  region size 1024K, 119 young (121856K), 9 survivors (9216K)
 Metaspace       used 48486K, committed 50176K, reserved 393216K
  class space    used 6871K, committed 7680K, reserved 327680K

Heap Regions: E=young(eden), S=young(survivor), O=old, HS=humongous(starts), HC=humongous(continues), CS=collection set, F=free, TAMS=top-at-mark-start, PB=parsable bottom
|   0|0x00000000e0000000, 0x00000000e0100000, 0x00000000e0100000|100%|HS|  |TAMS 0x00000000e0000000| PB 0x00000000e0000000| Complete 
|   1|0x00000000e0100000, 0x00000000e0200000, 0x00000000e0200000|100%|HC|  |TAMS 0x00000000e0100000| PB 0x00000000e0100000| Complete 
|   2|0x00000000e0200000, 0x00000000e0300000, 0x00000000e0300000|100%|HC|  |TAMS 0x00000000e0200000| PB 0x00000000e0200000| Complete 
|   3|0x00000000e0300000, 0x00000000e0400000, 0x00000000e0400000|100%|HS|  |TAMS 0x00000000e0300000| PB 0x00000000e0300000| Complete 
|   4|0x00000000e0400000, 0x00000000e0500000, 0x00000000e0500000|100%| O|  |TAMS 0x00000000e0400000| PB 0x00000000e0400000| Untracked 
|   5|0x00000000e0500000, 0x00000000e0600000, 0x00000000e0600000|100%| O|  |TAMS 0x00000000e0500000| PB 0x00000000e0500000| Untracked 
|   6|0x00000000e0600000, 0x00000000e0700000, 0x00000000e0700000|100%| O|  |TAMS 0x00000000e0600000| PB 0x00000000e0600000| Untracked 
|   7|0x00000000e0700000, 0x00000000e0800000, 0x00000000e0800000|100%|HS|  |TAMS 0x00000000e0700000| PB 0x00000000e0700000| Complete 
|   8|0x00000000e0800000, 0x00000000e0900000, 0x00000000e0900000|100%| O|  |TAMS 0x00000000e0800000| PB 0x00000000e0800000| Untracked 
|   9|0x00000000e0900000, 0x00000000e0a00000, 0x00000000e0a00000|100%| O|  |TAMS 0x00000000e0900000| PB 0x00000000e0900000| Untracked 
|  10|0x00000000e0a00000, 0x00000000e0b00000, 0x00000000e0b00000|100%| O|  |TAMS 0x00000000e0a00000| PB 0x00000000e0a00000| Untracked 
|  11|0x00000000e0b00000, 0x00000000e0c00000, 0x00000000e0c00000|100%| O|  |TAMS 0x00000000e0b00000| PB 0x00000000e0b00000| Untracked 
|  12|0x00000000e0c00000, 0x00000000e0d00000, 0x00000000e0d00000|100%| O|  |TAMS 0x00000000e0c00000| PB 0x00000000e0c00000| Untracked 
|  13|0x00000000e0d00000, 0x00000000e0e00000, 0x00000000e0e00000|100%| O|  |TAMS 0x00000000e0d00000| PB 0x00000000e0d00000| Untracked 
|  14|0x00000000e0e00000, 0x00000000e0f00000, 0x00000000e0f00000|100%| O|  |TAMS 0x00000000e0e00000| PB 0x00000000e0e00000| Untracked 
|  15|0x00000000e0f00000, 0x00000000e1000000, 0x00000000e1000000|100%| O|  |TAMS 0x00000000e0f00000| PB 0x00000000e0f00000| Untracked 
|  16|0x00000000e1000000, 0x00000000e1100000, 0x00000000e1100000|100%| O|  |TAMS 0x00000000e1000000| PB 0x00000000e1000000| Untracked 
|  17|0x00000000e1100000, 0x00000000e1200000, 0x00000000e1200000|100%| O|  |TAMS 0x00000000e1100000| PB 0x00000000e1100000| Untracked 
|  18|0x00000000e1200000, 0x00000000e1300000, 0x00000000e1300000|100%| O|  |TAMS 0x00000000e1200000| PB 0x00000000e1200000| Untracked 
|  19|0x00000000e1300000, 0x00000000e1400000, 0x00000000e1400000|100%| O|  |TAMS 0x00000000e1300000| PB 0x00000000e1300000| Untracked 
|  20|0x00000000e1400000, 0x00000000e1500000, 0x00000000e1500000|100%| O|  |TAMS 0x00000000e1400000| PB 0x00000000e1400000| Untracked 
|  21|0x00000000e1500000, 0x00000000e1600000, 0x00000000e1600000|100%| O|  |TAMS 0x00000000e1500000| PB 0x00000000e1500000| Untracked 
|  22|0x00000000e1600000, 0x00000000e1700000, 0x00000000e1700000|100%| O|  |TAMS 0x00000000e1600000| PB 0x00000000e1600000| Untracked 
|  23|0x00000000e1700000, 0x00000000e1800000, 0x00000000e1800000|100%| O|Cm|TAMS 0x00000000e1700000| PB 0x00000000e1700000| Complete 
|  24|0x00000000e1800000, 0x00000000e1900000, 0x00000000e1900000|100%|HS|  |TAMS 0x00000000e1800000| PB 0x00000000e1800000| Complete 
|  25|0x00000000e1900000, 0x00000000e1900000, 0x00000000e1a00000|  0%| F|  |TAMS 0x00000000e1900000| PB 0x00000000e1900000| Untracked 
|  26|0x00000000e1a00000, 0x00000000e1a00000, 0x00000000e1b00000|  0%| F|  |TAMS 0x00000000e1a00000| PB 0x00000000e1a00000| Untracked 
|  27|0x00000000e1b00000, 0x00000000e1b00000, 0x00000000e1c00000|  0%| F|  |TAMS 0x00000000e1b00000| PB 0x00000000e1b00000| Untracked 
|  28|0x00000000e1c00000, 0x00000000e1c00000, 0x00000000e1d00000|  0%| F|  |TAMS 0x00000000e1c00000| PB 0x00000000e1c00000| Untracked 
|  29|0x00000000e1d00000, 0x00000000e1d00000, 0x00000000e1e00000|  0%| F|  |TAMS 0x00000000e1d00000| PB 0x00000000e1d00000| Untracked 
|  30|0x00000000e1e00000, 0x00000000e1e00000, 0x00000000e1f00000|  0%| F|  |TAMS 0x00000000e1e00000| PB 0x00000000e1e00000| Untracked 
|  31|0x00000000e1f00000, 0x00000000e1f00000, 0x00000000e2000000|  0%| F|  |TAMS 0x00000000e1f00000| PB 0x00000000e1f00000| Untracked 
|  32|0x00000000e2000000, 0x00000000e2000000, 0x00000000e2100000|  0%| F|  |TAMS 0x00000000e2000000| PB 0x00000000e2000000| Untracked 
|  33|0x00000000e2100000, 0x00000000e2100000, 0x00000000e2200000|  0%| F|  |TAMS 0x00000000e2100000| PB 0x00000000e2100000| Untracked 
|  34|0x00000000e2200000, 0x00000000e2200000, 0x00000000e2300000|  0%| F|  |TAMS 0x00000000e2200000| PB 0x00000000e2200000| Untracked 
|  35|0x00000000e2300000, 0x00000000e2300000, 0x00000000e2400000|  0%| F|  |TAMS 0x00000000e2300000| PB 0x00000000e2300000| Untracked 
|  36|0x00000000e2400000, 0x00000000e2400000, 0x00000000e2500000|  0%| F|  |TAMS 0x00000000e2400000| PB 0x00000000e2400000| Untracked 
|  37|0x00000000e2500000, 0x00000000e2500000, 0x00000000e2600000|  0%| F|  |TAMS 0x00000000e2500000| PB 0x00000000e2500000| Untracked 
|  38|0x00000000e2600000, 0x00000000e2600000, 0x00000000e2700000|  0%| F|  |TAMS 0x00000000e2600000| PB 0x00000000e2600000| Untracked 
|  39|0x00000000e2700000, 0x00000000e2700000, 0x00000000e2800000|  0%| F|  |TAMS 0x00000000e2700000| PB 0x00000000e2700000| Untracked 
|  40|0x00000000e2800000, 0x00000000e2800000, 0x00000000e2900000|  0%| F|  |TAMS 0x00000000e2800000| PB 0x00000000e2800000| Untracked 
|  41|0x00000000e2900000, 0x00000000e2900000, 0x00000000e2a00000|  0%| F|  |TAMS 0x00000000e2900000| PB 0x00000000e2900000| Untracked 
|  42|0x00000000e2a00000, 0x00000000e2a00000, 0x00000000e2b00000|  0%| F|  |TAMS 0x00000000e2a00000| PB 0x00000000e2a00000| Untracked 
|  43|0x00000000e2b00000, 0x00000000e2b00000, 0x00000000e2c00000|  0%| F|  |TAMS 0x00000000e2b00000| PB 0x00000000e2b00000| Untracked 
|  44|0x00000000e2c00000, 0x00000000e2c00000, 0x00000000e2d00000|  0%| F|  |TAMS 0x00000000e2c00000| PB 0x00000000e2c00000| Untracked 
|  45|0x00000000e2d00000, 0x00000000e2d00000, 0x00000000e2e00000|  0%| F|  |TAMS 0x00000000e2d00000| PB 0x00000000e2d00000| Untracked 
|  46|0x00000000e2e00000, 0x00000000e2e00000, 0x00000000e2f00000|  0%| F|  |TAMS 0x00000000e2e00000| PB 0x00000000e2e00000| Untracked 
|  47|0x00000000e2f00000, 0x00000000e2f00000, 0x00000000e3000000|  0%| F|  |TAMS 0x00000000e2f00000| PB 0x00000000e2f00000| Untracked 
|  48|0x00000000e3000000, 0x00000000e3000000, 0x00000000e3100000|  0%| F|  |TAMS 0x00000000e3000000| PB 0x00000000e3000000| Untracked 
|  49|0x00000000e3100000, 0x00000000e3100000, 0x00000000e3200000|  0%| F|  |TAMS 0x00000000e3100000| PB 0x00000000e3100000| Untracked 
|  50|0x00000000e3200000, 0x00000000e3200000, 0x00000000e3300000|  0%| F|  |TAMS 0x00000000e3200000| PB 0x00000000e3200000| Untracked 
|  51|0x00000000e3300000, 0x00000000e3300000, 0x00000000e3400000|  0%| F|  |TAMS 0x00000000e3300000| PB 0x00000000e3300000| Untracked 
|  52|0x00000000e3400000, 0x00000000e3400000, 0x00000000e3500000|  0%| F|  |TAMS 0x00000000e3400000| PB 0x00000000e3400000| Untracked 
|  53|0x00000000e3500000, 0x00000000e3500000, 0x00000000e3600000|  0%| F|  |TAMS 0x00000000e3500000| PB 0x00000000e3500000| Untracked 
|  54|0x00000000e3600000, 0x00000000e3600000, 0x00000000e3700000|  0%| F|  |TAMS 0x00000000e3600000| PB 0x00000000e3600000| Untracked 
|  55|0x00000000e3700000, 0x00000000e3700000, 0x00000000e3800000|  0%| F|  |TAMS 0x00000000e3700000| PB 0x00000000e3700000| Untracked 
|  56|0x00000000e3800000, 0x00000000e3800000, 0x00000000e3900000|  0%| F|  |TAMS 0x00000000e3800000| PB 0x00000000e3800000| Untracked 
|  57|0x00000000e3900000, 0x00000000e3900000, 0x00000000e3a00000|  0%| F|  |TAMS 0x00000000e3900000| PB 0x00000000e3900000| Untracked 
|  58|0x00000000e3a00000, 0x00000000e3a00000, 0x00000000e3b00000|  0%| F|  |TAMS 0x00000000e3a00000| PB 0x00000000e3a00000| Untracked 
|  59|0x00000000e3b00000, 0x00000000e3b00000, 0x00000000e3c00000|  0%| F|  |TAMS 0x00000000e3b00000| PB 0x00000000e3b00000| Untracked 
|  60|0x00000000e3c00000, 0x00000000e3c00000, 0x00000000e3d00000|  0%| F|  |TAMS 0x00000000e3c00000| PB 0x00000000e3c00000| Untracked 
|  61|0x00000000e3d00000, 0x00000000e3d00000, 0x00000000e3e00000|  0%| F|  |TAMS 0x00000000e3d00000| PB 0x00000000e3d00000| Untracked 
|  62|0x00000000e3e00000, 0x00000000e3e00000, 0x00000000e3f00000|  0%| F|  |TAMS 0x00000000e3e00000| PB 0x00000000e3e00000| Untracked 
|  63|0x00000000e3f00000, 0x00000000e3f00000, 0x00000000e4000000|  0%| F|  |TAMS 0x00000000e3f00000| PB 0x00000000e3f00000| Untracked 
|  64|0x00000000e4000000, 0x00000000e4000000, 0x00000000e4100000|  0%| F|  |TAMS 0x00000000e4000000| PB 0x00000000e4000000| Untracked 
|  65|0x00000000e4100000, 0x00000000e4100000, 0x00000000e4200000|  0%| F|  |TAMS 0x00000000e4100000| PB 0x00000000e4100000| Untracked 
|  66|0x00000000e4200000, 0x00000000e4200000, 0x00000000e4300000|  0%| F|  |TAMS 0x00000000e4200000| PB 0x00000000e4200000| Untracked 
|  67|0x00000000e4300000, 0x00000000e4300000, 0x00000000e4400000|  0%| F|  |TAMS 0x00000000e4300000| PB 0x00000000e4300000| Untracked 
|  68|0x00000000e4400000, 0x00000000e4400000, 0x00000000e4500000|  0%| F|  |TAMS 0x00000000e4400000| PB 0x00000000e4400000| Untracked 
|  69|0x00000000e4500000, 0x00000000e4500000, 0x00000000e4600000|  0%| F|  |TAMS 0x00000000e4500000| PB 0x00000000e4500000| Untracked 
|  70|0x00000000e4600000, 0x00000000e4600000, 0x00000000e4700000|  0%| F|  |TAMS 0x00000000e4600000| PB 0x00000000e4600000| Untracked 
|  71|0x00000000e4700000, 0x00000000e4700000, 0x00000000e4800000|  0%| F|  |TAMS 0x00000000e4700000| PB 0x00000000e4700000| Untracked 
|  72|0x00000000e4800000, 0x00000000e4800000, 0x00000000e4900000|  0%| F|  |TAMS 0x00000000e4800000| PB 0x00000000e4800000| Untracked 
|  73|0x00000000e4900000, 0x00000000e4900000, 0x00000000e4a00000|  0%| F|  |TAMS 0x00000000e4900000| PB 0x00000000e4900000| Untracked 
|  74|0x00000000e4a00000, 0x00000000e4a00000, 0x00000000e4b00000|  0%| F|  |TAMS 0x00000000e4a00000| PB 0x00000000e4a00000| Untracked 
|  75|0x00000000e4b00000, 0x00000000e4b00000, 0x00000000e4c00000|  0%| F|  |TAMS 0x00000000e4b00000| PB 0x00000000e4b00000| Untracked 
|  76|0x00000000e4c00000, 0x00000000e4c00000, 0x00000000e4d00000|  0%| F|  |TAMS 0x00000000e4c00000| PB 0x00000000e4c00000| Untracked 
|  77|0x00000000e4d00000, 0x00000000e4d00000, 0x00000000e4e00000|  0%| F|  |TAMS 0x00000000e4d00000| PB 0x00000000e4d00000| Untracked 
|  78|0x00000000e4e00000, 0x00000000e4e00000, 0x00000000e4f00000|  0%| F|  |TAMS 0x00000000e4e00000| PB 0x00000000e4e00000| Untracked 
|  79|0x00000000e4f00000, 0x00000000e4f00000, 0x00000000e5000000|  0%| F|  |TAMS 0x00000000e4f00000| PB 0x00000000e4f00000| Untracked 
|  80|0x00000000e5000000, 0x00000000e5000000, 0x00000000e5100000|  0%| F|  |TAMS 0x00000000e5000000| PB 0x00000000e5000000| Untracked 
|  81|0x00000000e5100000, 0x00000000e5100000, 0x00000000e5200000|  0%| F|  |TAMS 0x00000000e5100000| PB 0x00000000e5100000| Untracked 
|  82|0x00000000e5200000, 0x00000000e5200000, 0x00000000e5300000|  0%| F|  |TAMS 0x00000000e5200000| PB 0x00000000e5200000| Untracked 
|  83|0x00000000e5300000, 0x00000000e5300000, 0x00000000e5400000|  0%| F|  |TAMS 0x00000000e5300000| PB 0x00000000e5300000| Untracked 
|  84|0x00000000e5400000, 0x00000000e5400000, 0x00000000e5500000|  0%| F|  |TAMS 0x00000000e5400000| PB 0x00000000e5400000| Untracked 
|  85|0x00000000e5500000, 0x00000000e5500000, 0x00000000e5600000|  0%| F|  |TAMS 0x00000000e5500000| PB 0x00000000e5500000| Untracked 
|  86|0x00000000e5600000, 0x00000000e5600000, 0x00000000e5700000|  0%| F|  |TAMS 0x00000000e5600000| PB 0x00000000e5600000| Untracked 
|  87|0x00000000e5700000, 0x00000000e5700000, 0x00000000e5800000|  0%| F|  |TAMS 0x00000000e5700000| PB 0x00000000e5700000| Untracked 
|  88|0x00000000e5800000, 0x00000000e5800000, 0x00000000e5900000|  0%| F|  |TAMS 0x00000000e5800000| PB 0x00000000e5800000| Untracked 
|  89|0x00000000e5900000, 0x00000000e5900000, 0x00000000e5a00000|  0%| F|  |TAMS 0x00000000e5900000| PB 0x00000000e5900000| Untracked 
|  90|0x00000000e5a00000, 0x00000000e5a00000, 0x00000000e5b00000|  0%| F|  |TAMS 0x00000000e5a00000| PB 0x00000000e5a00000| Untracked 
|  91|0x00000000e5b00000, 0x00000000e5b00000, 0x00000000e5c00000|  0%| F|  |TAMS 0x00000000e5b00000| PB 0x00000000e5b00000| Untracked 
|  92|0x00000000e5c00000, 0x00000000e5c00000, 0x00000000e5d00000|  0%| F|  |TAMS 0x00000000e5c00000| PB 0x00000000e5c00000| Untracked 
|  93|0x00000000e5d00000, 0x00000000e5d00000, 0x00000000e5e00000|  0%| F|  |TAMS 0x00000000e5d00000| PB 0x00000000e5d00000| Untracked 
|  94|0x00000000e5e00000, 0x00000000e5e00000, 0x00000000e5f00000|  0%| F|  |TAMS 0x00000000e5e00000| PB 0x00000000e5e00000| Untracked 
|  95|0x00000000e5f00000, 0x00000000e5f00000, 0x00000000e6000000|  0%| F|  |TAMS 0x00000000e5f00000| PB 0x00000000e5f00000| Untracked 
|  96|0x00000000e6000000, 0x00000000e6000000, 0x00000000e6100000|  0%| F|  |TAMS 0x00000000e6000000| PB 0x00000000e6000000| Untracked 
|  97|0x00000000e6100000, 0x00000000e6100000, 0x00000000e6200000|  0%| F|  |TAMS 0x00000000e6100000| PB 0x00000000e6100000| Untracked 
|  98|0x00000000e6200000, 0x00000000e6200000, 0x00000000e6300000|  0%| F|  |TAMS 0x00000000e6200000| PB 0x00000000e6200000| Untracked 
|  99|0x00000000e6300000, 0x00000000e6300000, 0x00000000e6400000|  0%| F|  |TAMS 0x00000000e6300000| PB 0x00000000e6300000| Untracked 
| 100|0x00000000e6400000, 0x00000000e6400000, 0x00000000e6500000|  0%| F|  |TAMS 0x00000000e6400000| PB 0x00000000e6400000| Untracked 
| 101|0x00000000e6500000, 0x00000000e6500000, 0x00000000e6600000|  0%| F|  |TAMS 0x00000000e6500000| PB 0x00000000e6500000| Untracked 
| 102|0x00000000e6600000, 0x00000000e6600000, 0x00000000e6700000|  0%| F|  |TAMS 0x00000000e6600000| PB 0x00000000e6600000| Untracked 
| 103|0x00000000e6700000, 0x00000000e6700000, 0x00000000e6800000|  0%| F|  |TAMS 0x00000000e6700000| PB 0x00000000e6700000| Untracked 
| 104|0x00000000e6800000, 0x00000000e6800000, 0x00000000e6900000|  0%| F|  |TAMS 0x00000000e6800000| PB 0x00000000e6800000| Untracked 
| 105|0x00000000e6900000, 0x00000000e6900000, 0x00000000e6a00000|  0%| F|  |TAMS 0x00000000e6900000| PB 0x00000000e6900000| Untracked 
| 106|0x00000000e6a00000, 0x00000000e6a00000, 0x00000000e6b00000|  0%| F|  |TAMS 0x00000000e6a00000| PB 0x00000000e6a00000| Untracked 
| 107|0x00000000e6b00000, 0x00000000e6b00000, 0x00000000e6c00000|  0%| F|  |TAMS 0x00000000e6b00000| PB 0x00000000e6b00000| Untracked 
| 108|0x00000000e6c00000, 0x00000000e6c00000, 0x00000000e6d00000|  0%| F|  |TAMS 0x00000000e6c00000| PB 0x00000000e6c00000| Untracked 
| 109|0x00000000e6d00000, 0x00000000e6d00000, 0x00000000e6e00000|  0%| F|  |TAMS 0x00000000e6d00000| PB 0x00000000e6d00000| Untracked 
| 110|0x00000000e6e00000, 0x00000000e6e00000, 0x00000000e6f00000|  0%| F|  |TAMS 0x00000000e6e00000| PB 0x00000000e6e00000| Untracked 
| 111|0x00000000e6f00000, 0x00000000e6f00000, 0x00000000e7000000|  0%| F|  |TAMS 0x00000000e6f00000| PB 0x00000000e6f00000| Untracked 
| 112|0x00000000e7000000, 0x00000000e7000000, 0x00000000e7100000|  0%| F|  |TAMS 0x00000000e7000000| PB 0x00000000e7000000| Untracked 
| 113|0x00000000e7100000, 0x00000000e7100000, 0x00000000e7200000|  0%| F|  |TAMS 0x00000000e7100000| PB 0x00000000e7100000| Untracked 
| 114|0x00000000e7200000, 0x00000000e7200000, 0x00000000e7300000|  0%| F|  |TAMS 0x00000000e7200000| PB 0x00000000e7200000| Untracked 
| 115|0x00000000e7300000, 0x00000000e7300000, 0x00000000e7400000|  0%| F|  |TAMS 0x00000000e7300000| PB 0x00000000e7300000| Untracked 
| 116|0x00000000e7400000, 0x00000000e7400000, 0x00000000e7500000|  0%| F|  |TAMS 0x00000000e7400000| PB 0x00000000e7400000| Untracked 
| 117|0x00000000e7500000, 0x00000000e7500000, 0x00000000e7600000|  0%| F|  |TAMS 0x00000000e7500000| PB 0x00000000e7500000| Untracked 
| 118|0x00000000e7600000, 0x00000000e7600000, 0x00000000e7700000|  0%| F|  |TAMS 0x00000000e7600000| PB 0x00000000e7600000| Untracked 
| 119|0x00000000e7700000, 0x00000000e7700000, 0x00000000e7800000|  0%| F|  |TAMS 0x00000000e7700000| PB 0x00000000e7700000| Untracked 
| 120|0x00000000e7800000, 0x00000000e7800000, 0x00000000e7900000|  0%| F|  |TAMS 0x00000000e7800000| PB 0x00000000e7800000| Untracked 
| 121|0x00000000e7900000, 0x00000000e7900000, 0x00000000e7a00000|  0%| F|  |TAMS 0x00000000e7900000| PB 0x00000000e7900000| Untracked 
| 122|0x00000000e7a00000, 0x00000000e7a00000, 0x00000000e7b00000|  0%| F|  |TAMS 0x00000000e7a00000| PB 0x00000000e7a00000| Untracked 
| 123|0x00000000e7b00000, 0x00000000e7b00000, 0x00000000e7c00000|  0%| F|  |TAMS 0x00000000e7b00000| PB 0x00000000e7b00000| Untracked 
| 124|0x00000000e7c00000, 0x00000000e7c00000, 0x00000000e7d00000|  0%| F|  |TAMS 0x00000000e7c00000| PB 0x00000000e7c00000| Untracked 
| 125|0x00000000e7d00000, 0x00000000e7d00000, 0x00000000e7e00000|  0%| F|  |TAMS 0x00000000e7d00000| PB 0x00000000e7d00000| Untracked 
| 126|0x00000000e7e00000, 0x00000000e7e00000, 0x00000000e7f00000|  0%| F|  |TAMS 0x00000000e7e00000| PB 0x00000000e7e00000| Untracked 
| 127|0x00000000e7f00000, 0x00000000e7f00000, 0x00000000e8000000|  0%| F|  |TAMS 0x00000000e7f00000| PB 0x00000000e7f00000| Untracked 
| 128|0x00000000e8000000, 0x00000000e8000000, 0x00000000e8100000|  0%| F|  |TAMS 0x00000000e8000000| PB 0x00000000e8000000| Untracked 
| 129|0x00000000e8100000, 0x00000000e8100000, 0x00000000e8200000|  0%| F|  |TAMS 0x00000000e8100000| PB 0x00000000e8100000| Untracked 
| 130|0x00000000e8200000, 0x00000000e8200000, 0x00000000e8300000|  0%| F|  |TAMS 0x00000000e8200000| PB 0x00000000e8200000| Untracked 
| 131|0x00000000e8300000, 0x00000000e8300000, 0x00000000e8400000|  0%| F|  |TAMS 0x00000000e8300000| PB 0x00000000e8300000| Untracked 
| 132|0x00000000e8400000, 0x00000000e8400000, 0x00000000e8500000|  0%| F|  |TAMS 0x00000000e8400000| PB 0x00000000e8400000| Untracked 
| 133|0x00000000e8500000, 0x00000000e8500000, 0x00000000e8600000|  0%| F|  |TAMS 0x00000000e8500000| PB 0x00000000e8500000| Untracked 
| 134|0x00000000e8600000, 0x00000000e8600000, 0x00000000e8700000|  0%| F|  |TAMS 0x00000000e8600000| PB 0x00000000e8600000| Untracked 
| 135|0x00000000e8700000, 0x00000000e8700000, 0x00000000e8800000|  0%| F|  |TAMS 0x00000000e8700000| PB 0x00000000e8700000| Untracked 
| 136|0x00000000e8800000, 0x00000000e8800000, 0x00000000e8900000|  0%| F|  |TAMS 0x00000000e8800000| PB 0x00000000e8800000| Untracked 
| 137|0x00000000e8900000, 0x00000000e8a00000, 0x00000000e8a00000|100%| E|  |TAMS 0x00000000e8900000| PB 0x00000000e8900000| Complete 
| 138|0x00000000e8a00000, 0x00000000e8b00000, 0x00000000e8b00000|100%| E|CS|TAMS 0x00000000e8a00000| PB 0x00000000e8a00000| Complete 
| 139|0x00000000e8b00000, 0x00000000e8c00000, 0x00000000e8c00000|100%| E|CS|TAMS 0x00000000e8b00000| PB 0x00000000e8b00000| Complete 
| 140|0x00000000e8c00000, 0x00000000e8cffd28, 0x00000000e8d00000| 99%| E|  |TAMS 0x00000000e8c00000| PB 0x00000000e8c00000| Complete 
| 141|0x00000000e8d00000, 0x00000000e8e00000, 0x00000000e8e00000|100%| E|CS|TAMS 0x00000000e8d00000| PB 0x00000000e8d00000| Complete 
| 142|0x00000000e8e00000, 0x00000000e8f00000, 0x00000000e8f00000|100%| E|CS|TAMS 0x00000000e8e00000| PB 0x00000000e8e00000| Complete 
| 143|0x00000000e8f00000, 0x00000000e9000000, 0x00000000e9000000|100%| E|CS|TAMS 0x00000000e8f00000| PB 0x00000000e8f00000| Complete 
| 144|0x00000000e9000000, 0x00000000e9100000, 0x00000000e9100000|100%| E|CS|TAMS 0x00000000e9000000| PB 0x00000000e9000000| Complete 
| 145|0x00000000e9100000, 0x00000000e9200000, 0x00000000e9200000|100%| E|CS|TAMS 0x00000000e9100000| PB 0x00000000e9100000| Complete 
| 146|0x00000000e9200000, 0x00000000e9300000, 0x00000000e9300000|100%| E|CS|TAMS 0x00000000e9200000| PB 0x00000000e9200000| Complete 
| 147|0x00000000e9300000, 0x00000000e9400000, 0x00000000e9400000|100%| E|CS|TAMS 0x00000000e9300000| PB 0x00000000e9300000| Complete 
| 148|0x00000000e9400000, 0x00000000e9500000, 0x00000000e9500000|100%| E|CS|TAMS 0x00000000e9400000| PB 0x00000000e9400000| Complete 
| 149|0x00000000e9500000, 0x00000000e9600000, 0x00000000e9600000|100%| E|CS|TAMS 0x00000000e9500000| PB 0x00000000e9500000| Complete 
| 150|0x00000000e9600000, 0x00000000e9700000, 0x00000000e9700000|100%| E|CS|TAMS 0x00000000e9600000| PB 0x00000000e9600000| Complete 
| 151|0x00000000e9700000, 0x00000000e9800000, 0x00000000e9800000|100%| E|CS|TAMS 0x00000000e9700000| PB 0x00000000e9700000| Complete 
| 152|0x00000000e9800000, 0x00000000e9900000, 0x00000000e9900000|100%| E|CS|TAMS 0x00000000e9800000| PB 0x00000000e9800000| Complete 
| 153|0x00000000e9900000, 0x00000000e9a00000, 0x00000000e9a00000|100%| E|CS|TAMS 0x00000000e9900000| PB 0x00000000e9900000| Complete 
| 154|0x00000000e9a00000, 0x00000000e9b00000, 0x00000000e9b00000|100%| E|CS|TAMS 0x00000000e9a00000| PB 0x00000000e9a00000| Complete 
| 155|0x00000000e9b00000, 0x00000000e9c00000, 0x00000000e9c00000|100%| E|CS|TAMS 0x00000000e9b00000| PB 0x00000000e9b00000| Complete 
| 156|0x00000000e9c00000, 0x00000000e9d00000, 0x00000000e9d00000|100%| E|CS|TAMS 0x00000000e9c00000| PB 0x00000000e9c00000| Complete 
| 157|0x00000000e9d00000, 0x00000000e9e00000, 0x00000000e9e00000|100%| E|CS|TAMS 0x00000000e9d00000| PB 0x00000000e9d00000| Complete 
| 158|0x00000000e9e00000, 0x00000000e9f00000, 0x00000000e9f00000|100%| E|CS|TAMS 0x00000000e9e00000| PB 0x00000000e9e00000| Complete 
| 159|0x00000000e9f00000, 0x00000000ea000000, 0x00000000ea000000|100%| E|CS|TAMS 0x00000000e9f00000| PB 0x00000000e9f00000| Complete 
| 160|0x00000000ea000000, 0x00000000ea100000, 0x00000000ea100000|100%| E|CS|TAMS 0x00000000ea000000| PB 0x00000000ea000000| Complete 
| 161|0x00000000ea100000, 0x00000000ea200000, 0x00000000ea200000|100%| E|CS|TAMS 0x00000000ea100000| PB 0x00000000ea100000| Complete 
| 162|0x00000000ea200000, 0x00000000ea300000, 0x00000000ea300000|100%| E|CS|TAMS 0x00000000ea200000| PB 0x00000000ea200000| Complete 
| 163|0x00000000ea300000, 0x00000000ea400000, 0x00000000ea400000|100%| E|CS|TAMS 0x00000000ea300000| PB 0x00000000ea300000| Complete 
| 164|0x00000000ea400000, 0x00000000ea500000, 0x00000000ea500000|100%| E|CS|TAMS 0x00000000ea400000| PB 0x00000000ea400000| Complete 
| 165|0x00000000ea500000, 0x00000000ea600000, 0x00000000ea600000|100%| E|CS|TAMS 0x00000000ea500000| PB 0x00000000ea500000| Complete 
| 166|0x00000000ea600000, 0x00000000ea700000, 0x00000000ea700000|100%| E|CS|TAMS 0x00000000ea600000| PB 0x00000000ea600000| Complete 
| 167|0x00000000ea700000, 0x00000000ea800000, 0x00000000ea800000|100%| E|CS|TAMS 0x00000000ea700000| PB 0x00000000ea700000| Complete 
| 168|0x00000000ea800000, 0x00000000ea900000, 0x00000000ea900000|100%| E|CS|TAMS 0x00000000ea800000| PB 0x00000000ea800000| Complete 
| 169|0x00000000ea900000, 0x00000000eaa00000, 0x00000000eaa00000|100%| E|CS|TAMS 0x00000000ea900000| PB 0x00000000ea900000| Complete 
| 170|0x00000000eaa00000, 0x00000000eab00000, 0x00000000eab00000|100%| E|CS|TAMS 0x00000000eaa00000| PB 0x00000000eaa00000| Complete 
| 171|0x00000000eab00000, 0x00000000eac00000, 0x00000000eac00000|100%| E|CS|TAMS 0x00000000eab00000| PB 0x00000000eab00000| Complete 
| 172|0x00000000eac00000, 0x00000000ead00000, 0x00000000ead00000|100%| E|CS|TAMS 0x00000000eac00000| PB 0x00000000eac00000| Complete 
| 173|0x00000000ead00000, 0x00000000eae00000, 0x00000000eae00000|100%| E|CS|TAMS 0x00000000ead00000| PB 0x00000000ead00000| Complete 
| 174|0x00000000eae00000, 0x00000000eaf00000, 0x00000000eaf00000|100%| E|CS|TAMS 0x00000000eae00000| PB 0x00000000eae00000| Complete 
| 175|0x00000000eaf00000, 0x00000000eb000000, 0x00000000eb000000|100%| E|CS|TAMS 0x00000000eaf00000| PB 0x00000000eaf00000| Complete 
| 176|0x00000000eb000000, 0x00000000eb100000, 0x00000000eb100000|100%| E|CS|TAMS 0x00000000eb000000| PB 0x00000000eb000000| Complete 
| 177|0x00000000eb100000, 0x00000000eb200000, 0x00000000eb200000|100%| E|CS|TAMS 0x00000000eb100000| PB 0x00000000eb100000| Complete 
| 178|0x00000000eb200000, 0x00000000eb300000, 0x00000000eb300000|100%| E|CS|TAMS 0x00000000eb200000| PB 0x00000000eb200000| Complete 
| 179|0x00000000eb300000, 0x00000000eb400000, 0x00000000eb400000|100%| E|CS|TAMS 0x00000000eb300000| PB 0x00000000eb300000| Complete 
| 180|0x00000000eb400000, 0x00000000eb500000, 0x00000000eb500000|100%| E|CS|TAMS 0x00000000eb400000| PB 0x00000000eb400000| Complete 
| 181|0x00000000eb500000, 0x00000000eb600000, 0x00000000eb600000|100%| E|CS|TAMS 0x00000000eb500000| PB 0x00000000eb500000| Complete 
| 182|0x00000000eb600000, 0x00000000eb700000, 0x00000000eb700000|100%| E|CS|TAMS 0x00000000eb600000| PB 0x00000000eb600000| Complete 
| 183|0x00000000eb700000, 0x00000000eb800000, 0x00000000eb800000|100%| E|CS|TAMS 0x00000000eb700000| PB 0x00000000eb700000| Complete 
| 184|0x00000000eb800000, 0x00000000eb900000, 0x00000000eb900000|100%| E|CS|TAMS 0x00000000eb800000| PB 0x00000000eb800000| Complete 
| 185|0x00000000eb900000, 0x00000000eba00000, 0x00000000eba00000|100%| E|CS|TAMS 0x00000000eb900000| PB 0x00000000eb900000| Complete 
| 186|0x00000000eba00000, 0x00000000ebb00000, 0x00000000ebb00000|100%| E|CS|TAMS 0x00000000eba00000| PB 0x00000000eba00000| Complete 
| 187|0x00000000ebb00000, 0x00000000ebc00000, 0x00000000ebc00000|100%| E|CS|TAMS 0x00000000ebb00000| PB 0x00000000ebb00000| Complete 
| 188|0x00000000ebc00000, 0x00000000ebd00000, 0x00000000ebd00000|100%| E|CS|TAMS 0x00000000ebc00000| PB 0x00000000ebc00000| Complete 
| 189|0x00000000ebd00000, 0x00000000ebe00000, 0x00000000ebe00000|100%| E|CS|TAMS 0x00000000ebd00000| PB 0x00000000ebd00000| Complete 
| 190|0x00000000ebe00000, 0x00000000ebf00000, 0x00000000ebf00000|100%| E|CS|TAMS 0x00000000ebe00000| PB 0x00000000ebe00000| Complete 
| 191|0x00000000ebf00000, 0x00000000ec000000, 0x00000000ec000000|100%| E|CS|TAMS 0x00000000ebf00000| PB 0x00000000ebf00000| Complete 
| 192|0x00000000ec000000, 0x00000000ec100000, 0x00000000ec100000|100%| E|CS|TAMS 0x00000000ec000000| PB 0x00000000ec000000| Complete 
| 193|0x00000000ec100000, 0x00000000ec200000, 0x00000000ec200000|100%| E|CS|TAMS 0x00000000ec100000| PB 0x00000000ec100000| Complete 
| 194|0x00000000ec200000, 0x00000000ec300000, 0x00000000ec300000|100%| E|CS|TAMS 0x00000000ec200000| PB 0x00000000ec200000| Complete 
| 195|0x00000000ec300000, 0x00000000ec400000, 0x00000000ec400000|100%| E|CS|TAMS 0x00000000ec300000| PB 0x00000000ec300000| Complete 
| 196|0x00000000ec400000, 0x00000000ec500000, 0x00000000ec500000|100%| E|CS|TAMS 0x00000000ec400000| PB 0x00000000ec400000| Complete 
| 197|0x00000000ec500000, 0x00000000ec600000, 0x00000000ec600000|100%| E|CS|TAMS 0x00000000ec500000| PB 0x00000000ec500000| Complete 
| 198|0x00000000ec600000, 0x00000000ec700000, 0x00000000ec700000|100%| E|CS|TAMS 0x00000000ec600000| PB 0x00000000ec600000| Complete 
| 199|0x00000000ec700000, 0x00000000ec800000, 0x00000000ec800000|100%| E|CS|TAMS 0x00000000ec700000| PB 0x00000000ec700000| Complete 
| 200|0x00000000ec800000, 0x00000000ec900000, 0x00000000ec900000|100%| E|CS|TAMS 0x00000000ec800000| PB 0x00000000ec800000| Complete 
| 201|0x00000000ec900000, 0x00000000eca00000, 0x00000000eca00000|100%| E|CS|TAMS 0x00000000ec900000| PB 0x00000000ec900000| Complete 
| 202|0x00000000eca00000, 0x00000000ecb00000, 0x00000000ecb00000|100%| E|CS|TAMS 0x00000000eca00000| PB 0x00000000eca00000| Complete 
| 203|0x00000000ecb00000, 0x00000000ecc00000, 0x00000000ecc00000|100%| E|CS|TAMS 0x00000000ecb00000| PB 0x00000000ecb00000| Complete 
| 204|0x00000000ecc00000, 0x00000000ecd00000, 0x00000000ecd00000|100%| E|CS|TAMS 0x00000000ecc00000| PB 0x00000000ecc00000| Complete 
| 205|0x00000000ecd00000, 0x00000000ece00000, 0x00000000ece00000|100%| E|CS|TAMS 0x00000000ecd00000| PB 0x00000000ecd00000| Complete 
| 206|0x00000000ece00000, 0x00000000ecf00000, 0x00000000ecf00000|100%| E|CS|TAMS 0x00000000ece00000| PB 0x00000000ece00000| Complete 
| 207|0x00000000ecf00000, 0x00000000ed000000, 0x00000000ed000000|100%| E|CS|TAMS 0x00000000ecf00000| PB 0x00000000ecf00000| Complete 
| 208|0x00000000ed000000, 0x00000000ed100000, 0x00000000ed100000|100%| E|CS|TAMS 0x00000000ed000000| PB 0x00000000ed000000| Complete 
| 209|0x00000000ed100000, 0x00000000ed200000, 0x00000000ed200000|100%| E|CS|TAMS 0x00000000ed100000| PB 0x00000000ed100000| Complete 
| 210|0x00000000ed200000, 0x00000000ed300000, 0x00000000ed300000|100%| E|CS|TAMS 0x00000000ed200000| PB 0x00000000ed200000| Complete 
| 211|0x00000000ed300000, 0x00000000ed400000, 0x00000000ed400000|100%| E|CS|TAMS 0x00000000ed300000| PB 0x00000000ed300000| Complete 
| 212|0x00000000ed400000, 0x00000000ed500000, 0x00000000ed500000|100%| E|CS|TAMS 0x00000000ed400000| PB 0x00000000ed400000| Complete 
| 213|0x00000000ed500000, 0x00000000ed600000, 0x00000000ed600000|100%| E|CS|TAMS 0x00000000ed500000| PB 0x00000000ed500000| Complete 
| 214|0x00000000ed600000, 0x00000000ed700000, 0x00000000ed700000|100%| E|CS|TAMS 0x00000000ed600000| PB 0x00000000ed600000| Complete 
| 215|0x00000000ed700000, 0x00000000ed800000, 0x00000000ed800000|100%| E|CS|TAMS 0x00000000ed700000| PB 0x00000000ed700000| Complete 
| 216|0x00000000ed800000, 0x00000000ed900000, 0x00000000ed900000|100%| E|CS|TAMS 0x00000000ed800000| PB 0x00000000ed800000| Complete 
| 217|0x00000000ed900000, 0x00000000eda00000, 0x00000000eda00000|100%| E|CS|TAMS 0x00000000ed900000| PB 0x00000000ed900000| Complete 
| 218|0x00000000eda00000, 0x00000000edb00000, 0x00000000edb00000|100%| E|CS|TAMS 0x00000000eda00000| PB 0x00000000eda00000| Complete 
| 219|0x00000000edb00000, 0x00000000edc00000, 0x00000000edc00000|100%| E|CS|TAMS 0x00000000edb00000| PB 0x00000000edb00000| Complete 
| 220|0x00000000edc00000, 0x00000000edd00000, 0x00000000edd00000|100%| E|CS|TAMS 0x00000000edc00000| PB 0x00000000edc00000| Complete 
| 221|0x00000000edd00000, 0x00000000ede00000, 0x00000000ede00000|100%| E|CS|TAMS 0x00000000edd00000| PB 0x00000000edd00000| Complete 
| 222|0x00000000ede00000, 0x00000000edf00000, 0x00000000edf00000|100%| E|CS|TAMS 0x00000000ede00000| PB 0x00000000ede00000| Complete 
| 223|0x00000000edf00000, 0x00000000ee000000, 0x00000000ee000000|100%| E|CS|TAMS 0x00000000edf00000| PB 0x00000000edf00000| Complete 
| 224|0x00000000ee000000, 0x00000000ee100000, 0x00000000ee100000|100%| E|CS|TAMS 0x00000000ee000000| PB 0x00000000ee000000| Complete 
| 225|0x00000000ee100000, 0x00000000ee200000, 0x00000000ee200000|100%| E|CS|TAMS 0x00000000ee100000| PB 0x00000000ee100000| Complete 
| 226|0x00000000ee200000, 0x00000000ee300000, 0x00000000ee300000|100%| E|CS|TAMS 0x00000000ee200000| PB 0x00000000ee200000| Complete 
| 227|0x00000000ee300000, 0x00000000ee400000, 0x00000000ee400000|100%| E|CS|TAMS 0x00000000ee300000| PB 0x00000000ee300000| Complete 
| 228|0x00000000ee400000, 0x00000000ee500000, 0x00000000ee500000|100%| E|CS|TAMS 0x00000000ee400000| PB 0x00000000ee400000| Complete 
| 229|0x00000000ee500000, 0x00000000ee600000, 0x00000000ee600000|100%| E|CS|TAMS 0x00000000ee500000| PB 0x00000000ee500000| Complete 
| 230|0x00000000ee600000, 0x00000000ee700000, 0x00000000ee700000|100%| E|CS|TAMS 0x00000000ee600000| PB 0x00000000ee600000| Complete 
| 231|0x00000000ee700000, 0x00000000ee800000, 0x00000000ee800000|100%| E|CS|TAMS 0x00000000ee700000| PB 0x00000000ee700000| Complete 
| 232|0x00000000ee800000, 0x00000000ee900000, 0x00000000ee900000|100%| E|CS|TAMS 0x00000000ee800000| PB 0x00000000ee800000| Complete 
| 233|0x00000000ee900000, 0x00000000eea00000, 0x00000000eea00000|100%| E|CS|TAMS 0x00000000ee900000| PB 0x00000000ee900000| Complete 
| 234|0x00000000eea00000, 0x00000000eeb00000, 0x00000000eeb00000|100%| S|CS|TAMS 0x00000000eea00000| PB 0x00000000eea00000| Complete 
| 235|0x00000000eeb00000, 0x00000000eec00000, 0x00000000eec00000|100%| S|CS|TAMS 0x00000000eeb00000| PB 0x00000000eeb00000| Complete 
| 236|0x00000000eec00000, 0x00000000eed00000, 0x00000000eed00000|100%| S|CS|TAMS 0x00000000eec00000| PB 0x00000000eec00000| Complete 
| 237|0x00000000eed00000, 0x00000000eee00000, 0x00000000eee00000|100%| S|CS|TAMS 0x00000000eed00000| PB 0x00000000eed00000| Complete 
| 238|0x00000000eee00000, 0x00000000eef00000, 0x00000000eef00000|100%| S|CS|TAMS 0x00000000eee00000| PB 0x00000000eee00000| Complete 
| 239|0x00000000eef00000, 0x00000000ef000000, 0x00000000ef000000|100%| S|CS|TAMS 0x00000000eef00000| PB 0x00000000eef00000| Complete 
| 240|0x00000000ef000000, 0x00000000ef100000, 0x00000000ef100000|100%| S|CS|TAMS 0x00000000ef000000| PB 0x00000000ef000000| Complete 
| 241|0x00000000ef100000, 0x00000000ef200000, 0x00000000ef200000|100%| S|CS|TAMS 0x00000000ef100000| PB 0x00000000ef100000| Complete 
| 242|0x00000000ef200000, 0x00000000ef300000, 0x00000000ef300000|100%| S|CS|TAMS 0x00000000ef200000| PB 0x00000000ef200000| Complete 
| 243|0x00000000ef300000, 0x00000000ef400000, 0x00000000ef400000|100%| E|CS|TAMS 0x00000000ef300000| PB 0x00000000ef300000| Complete 
| 244|0x00000000ef400000, 0x00000000ef500000, 0x00000000ef500000|100%| E|CS|TAMS 0x00000000ef400000| PB 0x00000000ef400000| Complete 
| 245|0x00000000ef500000, 0x00000000ef600000, 0x00000000ef600000|100%| E|CS|TAMS 0x00000000ef500000| PB 0x00000000ef500000| Complete 
| 246|0x00000000ef600000, 0x00000000ef700000, 0x00000000ef700000|100%| E|CS|TAMS 0x00000000ef600000| PB 0x00000000ef600000| Complete 
| 247|0x00000000ef700000, 0x00000000ef800000, 0x00000000ef800000|100%| E|CS|TAMS 0x00000000ef700000| PB 0x00000000ef700000| Complete 
| 248|0x00000000ef800000, 0x00000000ef900000, 0x00000000ef900000|100%| E|CS|TAMS 0x00000000ef800000| PB 0x00000000ef800000| Complete 
| 249|0x00000000ef900000, 0x00000000efa00000, 0x00000000efa00000|100%| E|CS|TAMS 0x00000000ef900000| PB 0x00000000ef900000| Complete 
| 250|0x00000000efa00000, 0x00000000efb00000, 0x00000000efb00000|100%| E|CS|TAMS 0x00000000efa00000| PB 0x00000000efa00000| Complete 
| 251|0x00000000efb00000, 0x00000000efc00000, 0x00000000efc00000|100%| E|CS|TAMS 0x00000000efb00000| PB 0x00000000efb00000| Complete 
| 252|0x00000000efc00000, 0x00000000efd00000, 0x00000000efd00000|100%| E|CS|TAMS 0x00000000efc00000| PB 0x00000000efc00000| Complete 
| 253|0x00000000efd00000, 0x00000000efe00000, 0x00000000efe00000|100%| E|CS|TAMS 0x00000000efd00000| PB 0x00000000efd00000| Complete 
| 254|0x00000000efe00000, 0x00000000eff00000, 0x00000000eff00000|100%| E|CS|TAMS 0x00000000efe00000| PB 0x00000000efe00000| Complete 
| 255|0x00000000eff00000, 0x00000000f0000000, 0x00000000f0000000|100%| E|CS|TAMS 0x00000000eff00000| PB 0x00000000eff00000| Complete 

Card table byte_map: [0x000001785dd30000,0x000001785de30000] _byte_map_base: 0x000001785d630000

Marking Bits: (CMBitMap*) 0x0000017844588870
 Bits: [0x000001785de30000, 0x000001785e630000)

Polling page: 0x0000017844620000

Metaspace:

Usage:
  Non-class:     40.64 MB used.
      Class:      6.71 MB used.
       Both:     47.35 MB used.

Virtual space:
  Non-class space:       64.00 MB reserved,      41.50 MB ( 65%) committed,  1 nodes.
      Class space:      320.00 MB reserved,       7.50 MB (  2%) committed,  1 nodes.
             Both:      384.00 MB reserved,      49.00 MB ( 13%) committed. 

Chunk freelists:
   Non-Class:  5.94 MB
       Class:  8.50 MB
        Both:  14.44 MB

MaxMetaspaceSize: 384.00 MB
CompressedClassSpaceSize: 320.00 MB
Initial GC threshold: 21.00 MB
Current GC threshold: 60.56 MB
CDS: on
 - commit_granule_bytes: 65536.
 - commit_granule_words: 8192.
 - virtual_space_node_default_size: 8388608.
 - enlarge_chunks_in_place: 1.
 - use_allocation_guard: 0.


Internal statistics:

num_allocs_failed_limit: 12.
num_arena_births: 3026.
num_arena_deaths: 0.
num_vsnodes_births: 2.
num_vsnodes_deaths: 0.
num_space_committed: 784.
num_space_uncommitted: 0.
num_chunks_returned_to_freelist: 12.
num_chunks_taken_from_freelist: 5428.
num_chunk_merges: 12.
num_chunk_splits: 3450.
num_chunks_enlarged: 1989.
num_inconsistent_stats: 0.

CodeHeap 'non-profiled nmethods': size=120000Kb used=3384Kb max_used=3384Kb free=116615Kb
 bounds [0x0000017855c90000, 0x0000017855fe0000, 0x000001785d1c0000]
CodeHeap 'profiled nmethods': size=120000Kb used=10155Kb max_used=10155Kb free=109844Kb
 bounds [0x000001784e1c0000, 0x000001784ebb0000, 0x00000178556f0000]
CodeHeap 'non-nmethods': size=5760Kb used=2726Kb max_used=2791Kb free=3033Kb
 bounds [0x00000178556f0000, 0x00000178559d0000, 0x0000017855c90000]
 total_blobs=5974 nmethods=5115 adapters=763
 compilation: enabled
              stopped_count=0, restarted_count=0
 full_count=0

Compilation events (20 events):
Event: 62.734 Thread 0x00000178610e19c0 nmethod 5627 0x000001784eba4d10 code [0x000001784eba4f00, 0x000001784eba5500]
Event: 62.736 Thread 0x00000178610e19c0 5628       3       com.google.common.collect.ImmutableList::construct (8 bytes)
Event: 62.736 Thread 0x00000178610e19c0 nmethod 5628 0x000001784eba5690 code [0x000001784eba5860, 0x000001784eba5ba0]
Event: 62.759 Thread 0x00000178610e19c0 5629       3       com.google.common.collect.ImmutableMap$Builder::buildOrThrow (6 bytes)
Event: 62.759 Thread 0x00000178610e19c0 nmethod 5629 0x000001784eba5d10 code [0x000001784eba5ec0, 0x000001784eba6000]
Event: 63.010 Thread 0x00000178610e19c0 5630       3       java.lang.invoke.LambdaForm$DMH/0x000001786312c000::newInvokeSpecial (30 bytes)
Event: 63.010 Thread 0x00000178610e19c0 nmethod 5630 0x000001784eba6090 code [0x000001784eba6280, 0x000001784eba6a18]
Event: 63.010 Thread 0x00000178610deb20 5632       4       java.lang.AbstractStringBuilder::isLatin1 (19 bytes)
Event: 63.010 Thread 0x00000178610e19c0 5631       3       com.google.common.cache.LocalCache::customWeigher (16 bytes)
Event: 63.011 Thread 0x00000178610e19c0 nmethod 5631 0x000001784eba6c10 code [0x000001784eba6dc0, 0x000001784eba6f30]
Event: 63.011 Thread 0x00000178610deb20 nmethod 5632 0x0000017855fdd990 code [0x0000017855fddb20, 0x0000017855fddbb0]
Event: 63.021 Thread 0x00000178610e19c0 5633       3       com.google.common.cache.LocalCache$Segment::enqueueNotification (67 bytes)
Event: 63.022 Thread 0x00000178610e19c0 nmethod 5633 0x000001784eba7010 code [0x000001784eba7200, 0x000001784eba7670]
Event: 63.022 Thread 0x00000178610deb20 5634       4       sun.nio.ch.FileKey::hashCode (42 bytes)
Event: 63.023 Thread 0x00000178610deb20 nmethod 5634 0x0000017855fddc90 code [0x0000017855fdde20, 0x0000017855fdded8]
Event: 63.045 Thread 0x00000178610e19c0 5635       3       org.codehaus.groovy.reflection.stdclasses.CachedSAMClass$$Lambda/0x00000178634aaa78::run (8 bytes)
Event: 63.045 Thread 0x00000178610e19c0 nmethod 5635 0x000001784eba7810 code [0x000001784eba79c0, 0x000001784eba7b00]
Event: 63.046 Thread 0x00000178610e19c0 5636       3       java.util.stream.SpinedBuffer::<init> (18 bytes)
Event: 63.047 Thread 0x00000178610e19c0 nmethod 5636 0x000001784eba7c10 code [0x000001784eba7dc0, 0x000001784eba8088]
Event: 63.062 Thread 0x00000178610deb20 5637       4       java.util.Arrays::binarySearch (10 bytes)

GC Heap History (14 events):
Event: 3.258 GC heap before
{Heap before GC invocations=0 (full 0):
 garbage-first heap   total 262144K, used 22528K [0x00000000e0000000, 0x0000000100000000)
  region size 1024K, 23 young (23552K), 0 survivors (0K)
 Metaspace       used 1117K, committed 1216K, reserved 393216K
  class space    used 81K, committed 128K, reserved 327680K
}
Event: 3.778 GC heap after
{Heap after GC invocations=1 (full 0):
 garbage-first heap   total 262144K, used 2730K [0x00000000e0000000, 0x0000000100000000)
  region size 1024K, 3 young (3072K), 3 survivors (3072K)
 Metaspace       used 1117K, committed 1216K, reserved 393216K
  class space    used 81K, committed 128K, reserved 327680K
}
Event: 8.934 GC heap before
{Heap before GC invocations=1 (full 0):
 garbage-first heap   total 262144K, used 40618K [0x00000000e0000000, 0x0000000100000000)
  region size 1024K, 38 young (38912K), 3 survivors (3072K)
 Metaspace       used 4471K, committed 4608K, reserved 393216K
  class space    used 546K, committed 640K, reserved 327680K
}
Event: 8.966 GC heap after
{Heap after GC invocations=2 (full 0):
 garbage-first heap   total 262144K, used 11441K [0x00000000e0000000, 0x0000000100000000)
  region size 1024K, 5 young (5120K), 5 survivors (5120K)
 Metaspace       used 4471K, committed 4608K, reserved 393216K
  class space    used 546K, committed 640K, reserved 327680K
}
Event: 13.694 GC heap before
{Heap before GC invocations=2 (full 0):
 garbage-first heap   total 262144K, used 59569K [0x00000000e0000000, 0x0000000100000000)
  region size 1024K, 51 young (52224K), 5 survivors (5120K)
 Metaspace       used 5692K, committed 5888K, reserved 393216K
  class space    used 747K, committed 832K, reserved 327680K
}
Event: 13.718 GC heap after
{Heap after GC invocations=3 (full 0):
 garbage-first heap   total 262144K, used 17426K [0x00000000e0000000, 0x0000000100000000)
  region size 1024K, 5 young (5120K), 5 survivors (5120K)
 Metaspace       used 5692K, committed 5888K, reserved 393216K
  class space    used 747K, committed 832K, reserved 327680K
}
Event: 34.347 GC heap before
{Heap before GC invocations=3 (full 0):
 garbage-first heap   total 262144K, used 106514K [0x00000000e0000000, 0x0000000100000000)
  region size 1024K, 93 young (95232K), 5 survivors (5120K)
 Metaspace       used 20886K, committed 21504K, reserved 393216K
  class space    used 2984K, committed 3264K, reserved 327680K
}
Event: 34.441 GC heap after
{Heap after GC invocations=4 (full 0):
 garbage-first heap   total 262144K, used 24070K [0x00000000e0000000, 0x0000000100000000)
  region size 1024K, 12 young (12288K), 12 survivors (12288K)
 Metaspace       used 20886K, committed 21504K, reserved 393216K
  class space    used 2984K, committed 3264K, reserved 327680K
}
Event: 47.534 GC heap before
{Heap before GC invocations=5 (full 0):
 garbage-first heap   total 262144K, used 135686K [0x00000000e0000000, 0x0000000100000000)
  region size 1024K, 118 young (120832K), 12 survivors (12288K)
 Metaspace       used 35165K, committed 36288K, reserved 393216K
  class space    used 4811K, committed 5376K, reserved 327680K
}
Event: 47.592 GC heap after
{Heap after GC invocations=6 (full 0):
 garbage-first heap   total 262144K, used 33071K [0x00000000e0000000, 0x0000000100000000)
  region size 1024K, 16 young (16384K), 16 survivors (16384K)
 Metaspace       used 35165K, committed 36288K, reserved 393216K
  class space    used 4811K, committed 5376K, reserved 327680K
}
Event: 47.827 GC heap before
{Heap before GC invocations=6 (full 0):
 garbage-first heap   total 262144K, used 36143K [0x00000000e0000000, 0x0000000100000000)
  region size 1024K, 20 young (20480K), 16 survivors (16384K)
 Metaspace       used 35482K, committed 36608K, reserved 393216K
  class space    used 4858K, committed 5440K, reserved 327680K
}
Event: 47.865 GC heap after
{Heap after GC invocations=7 (full 0):
 garbage-first heap   total 262144K, used 32700K [0x00000000e0000000, 0x0000000100000000)
  region size 1024K, 9 young (9216K), 9 survivors (9216K)
 Metaspace       used 35482K, committed 36608K, reserved 393216K
  class space    used 4858K, committed 5440K, reserved 327680K
}
Event: 48.269 GC heap before
{Heap before GC invocations=7 (full 0):
 garbage-first heap   total 262144K, used 35772K [0x00000000e0000000, 0x0000000100000000)
  region size 1024K, 13 young (13312K), 9 survivors (9216K)
 Metaspace       used 35786K, committed 36928K, reserved 393216K
  class space    used 4906K, committed 5504K, reserved 327680K
}
Event: 48.283 GC heap after
{Heap after GC invocations=8 (full 0):
 garbage-first heap   total 262144K, used 32768K [0x00000000e0000000, 0x0000000100000000)
  region size 1024K, 9 young (9216K), 9 survivors (9216K)
 Metaspace       used 35786K, committed 36928K, reserved 393216K
  class space    used 4906K, committed 5504K, reserved 327680K
}

Dll operation events (15 events):
Event: 0.431 Loaded shared library C:\Program Files\Java\jdk-21\bin\java.dll
Event: 0.806 Loaded shared library C:\Program Files\Java\jdk-21\bin\jsvml.dll
Event: 1.481 Loaded shared library C:\Program Files\Java\jdk-21\bin\zip.dll
Event: 1.496 Loaded shared library C:\Program Files\Java\jdk-21\bin\instrument.dll
Event: 1.623 Loaded shared library C:\Program Files\Java\jdk-21\bin\net.dll
Event: 1.628 Loaded shared library C:\Program Files\Java\jdk-21\bin\nio.dll
Event: 1.636 Loaded shared library C:\Program Files\Java\jdk-21\bin\zip.dll
Event: 2.881 Loaded shared library C:\Program Files\Java\jdk-21\bin\jimage.dll
Event: 4.377 Loaded shared library C:\Program Files\Java\jdk-21\bin\verify.dll
Event: 5.455 Loaded shared library C:\Users\alsrb\.gradle\native\1def1411415f61bf3af743bc5b6707747c0891f09f0c88961ee8f79bc544acac\windows-amd64\native-platform.dll
Event: 5.515 Loaded shared library C:\Users\alsrb\.gradle\native\0.2.7\x86_64-windows-gnu\gradle-fileevents.dll
Event: 14.175 Loaded shared library C:\Program Files\Java\jdk-21\bin\management.dll
Event: 15.263 Loaded shared library C:\Program Files\Java\jdk-21\bin\management_ext.dll
Event: 17.252 Loaded shared library C:\Program Files\Java\jdk-21\bin\extnet.dll
Event: 25.620 Loaded shared library C:\Program Files\Java\jdk-21\bin\sunmscapi.dll

Deoptimization events (20 events):
Event: 60.428 Thread 0x000001787bd5e060 Uncommon trap: trap_request=0xffffffde fr.pc=0x0000017855f0380c relative=0x00000000000028cc
Event: 60.436 Thread 0x000001787bd5e060 Uncommon trap: reason=class_check action=maybe_recompile pc=0x0000017855f0380c method=java.util.regex.Pattern$CharProperty.study(Ljava/util/regex/Pattern$TreeInfo;)Z @ 25 c2
Event: 60.436 Thread 0x000001787bd5e060 DEOPT PACKING pc=0x0000017855f0380c sp=0x00000069110fa380
Event: 60.436 Thread 0x000001787bd5e060 DEOPT UNPACKING pc=0x00000178557446a2 sp=0x00000069110fa278 mode 2
Event: 60.442 Thread 0x000001787bd5e060 Uncommon trap: trap_request=0xffffffde fr.pc=0x0000017855f0380c relative=0x00000000000028cc
Event: 60.442 Thread 0x000001787bd5e060 Uncommon trap: reason=class_check action=maybe_recompile pc=0x0000017855f0380c method=java.util.regex.Pattern$CharProperty.study(Ljava/util/regex/Pattern$TreeInfo;)Z @ 25 c2
Event: 60.442 Thread 0x000001787bd5e060 DEOPT PACKING pc=0x0000017855f0380c sp=0x00000069110fa380
Event: 60.442 Thread 0x000001787bd5e060 DEOPT UNPACKING pc=0x00000178557446a2 sp=0x00000069110fa278 mode 2
Event: 60.887 Thread 0x000001787bd5e060 Uncommon trap: trap_request=0xffffff45 fr.pc=0x0000017855cdf244 relative=0x0000000000000444
Event: 60.887 Thread 0x000001787bd5e060 Uncommon trap: reason=unstable_if action=reinterpret pc=0x0000017855cdf244 method=org.gradle.internal.reflect.PropertyAccessorType.isGetGetterName(Ljava/lang/String;)Z @ 14 c2
Event: 60.887 Thread 0x000001787bd5e060 DEOPT PACKING pc=0x0000017855cdf244 sp=0x00000069110f91b0
Event: 60.887 Thread 0x000001787bd5e060 DEOPT UNPACKING pc=0x00000178557446a2 sp=0x00000069110f9108 mode 2
Event: 61.188 Thread 0x000001787bd5e060 Uncommon trap: trap_request=0xffffff45 fr.pc=0x0000017855ea49ac relative=0x000000000000010c
Event: 61.189 Thread 0x000001787bd5e060 Uncommon trap: reason=unstable_if action=reinterpret pc=0x0000017855ea49ac method=org.objectweb.asm.ByteVector.putShort(I)Lorg/objectweb/asm/ByteVector; @ 13 c2
Event: 61.189 Thread 0x000001787bd5e060 DEOPT PACKING pc=0x0000017855ea49ac sp=0x00000069110f8e80
Event: 61.189 Thread 0x000001787bd5e060 DEOPT UNPACKING pc=0x00000178557446a2 sp=0x00000069110f8e18 mode 2
Event: 61.564 Thread 0x000001787bd5e060 Uncommon trap: trap_request=0xffffff45 fr.pc=0x0000017855ec60dc relative=0x00000000000015bc
Event: 61.564 Thread 0x000001787bd5e060 Uncommon trap: reason=unstable_if action=reinterpret pc=0x0000017855ec60dc method=java.util.concurrent.ConcurrentHashMap.computeIfAbsent(Ljava/lang/Object;Ljava/util/function/Function;)Ljava/lang/Object; @ 123 c2
Event: 61.564 Thread 0x000001787bd5e060 DEOPT PACKING pc=0x0000017855ec60dc sp=0x00000069110fa030
Event: 61.564 Thread 0x000001787bd5e060 DEOPT UNPACKING pc=0x00000178557446a2 sp=0x00000069110f9fc0 mode 2

Classes loaded (20 events):
Event: 60.875 Loading class java/util/function/LongUnaryOperator
Event: 60.875 Loading class java/util/function/LongUnaryOperator done
Event: 61.397 Loading class javax/net/ssl/HostnameVerifier
Event: 61.397 Loading class javax/net/ssl/HostnameVerifier done
Event: 61.425 Loading class javax/net/ssl/TrustManager
Event: 61.425 Loading class javax/net/ssl/TrustManager done
Event: 61.429 Loading class javax/net/ssl/X509TrustManager
Event: 61.429 Loading class javax/net/ssl/X509TrustManager done
Event: 61.437 Loading class javax/net/ssl/SSLException
Event: 61.437 Loading class javax/net/ssl/SSLException done
Event: 61.437 Loading class javax/net/ssl/SSLPeerUnverifiedException
Event: 61.438 Loading class javax/net/ssl/SSLPeerUnverifiedException done
Event: 61.438 Loading class java/security/cert/CertificateParsingException
Event: 61.438 Loading class java/security/cert/CertificateException
Event: 61.438 Loading class java/security/cert/CertificateException done
Event: 61.438 Loading class java/security/cert/CertificateParsingException done
Event: 61.438 Loading class javax/naming/NamingException
Event: 61.438 Loading class javax/naming/NamingException done
Event: 61.439 Loading class javax/naming/InvalidNameException
Event: 61.439 Loading class javax/naming/InvalidNameException done

Classes unloaded (0 events):
No events

Classes redefined (0 events):
No events

Internal exceptions (20 events):
Event: 58.585 Thread 0x000001787bd5e060 Exception <a 'sun/nio/fs/WindowsException'{0x00000000eaa09d10}> (0x00000000eaa09d10) 
thrown [s\open\src\hotspot\share\prims\jni.cpp, line 520]
Event: 58.586 Thread 0x000001787bd5e060 Exception <a 'sun/nio/fs/WindowsException'{0x00000000eaa0b1e0}> (0x00000000eaa0b1e0) 
thrown [s\open\src\hotspot\share\prims\jni.cpp, line 520]
Event: 58.586 Thread 0x000001787bd5e060 Exception <a 'sun/nio/fs/WindowsException'{0x00000000eaa0c2d8}> (0x00000000eaa0c2d8) 
thrown [s\open\src\hotspot\share\prims\jni.cpp, line 520]
Event: 58.806 Thread 0x000001787bd5e060 Exception <a 'java/lang/IncompatibleClassChangeError'{0x00000000ea914f38}: Found class java.lang.Object, but interface was expected> (0x00000000ea914f38) 
thrown [s\open\src\hotspot\share\interpreter\linkResolver.cpp, line 840]
Event: 59.541 Thread 0x000001787bd5e060 Exception <a 'java/lang/ClassNotFoundException'{0x00000000ea822f10}: settings_14i29p1a79y9lwuxttgowtxsBeanInfo> (0x00000000ea822f10) 
thrown [s\open\src\hotspot\share\classfile\systemDictionary.cpp, line 312]
Event: 59.542 Thread 0x000001787bd5e060 Exception <a 'java/lang/ClassNotFoundException'{0x00000000ea82c808}: org/gradle/initialization/SettingsScriptBeanInfo> (0x00000000ea82c808) 
thrown [s\open\src\hotspot\share\classfile\systemDictionary.cpp, line 312]
Event: 59.543 Thread 0x000001787bd5e060 Exception <a 'java/lang/ClassNotFoundException'{0x00000000ea8365b0}: org/gradle/plugin/use/internal/PluginsAwareScriptBeanInfo> (0x00000000ea8365b0) 
thrown [s\open\src\hotspot\share\classfile\systemDictionary.cpp, line 312]
Event: 59.544 Thread 0x000001787bd5e060 Exception <a 'java/lang/ClassNotFoundException'{0x00000000ea840350}: org/gradle/plugin/use/internal/PluginsAwareScriptCustomizer> (0x00000000ea840350) 
thrown [s\open\src\hotspot\share\classfile\systemDictionary.cpp, line 312]
Event: 59.547 Thread 0x000001787bd5e060 Exception <a 'java/lang/ClassNotFoundException'{0x00000000ea851fa0}: org/gradle/initialization/SettingsScriptCustomizer> (0x00000000ea851fa0) 
thrown [s\open\src\hotspot\share\classfile\systemDictionary.cpp, line 312]
Event: 59.549 Thread 0x000001787bd5e060 Exception <a 'java/lang/ClassNotFoundException'{0x00000000ea85f518}: settings_14i29p1a79y9lwuxttgowtxsCustomizer> (0x00000000ea85f518) 
thrown [s\open\src\hotspot\share\classfile\systemDictionary.cpp, line 312]
Event: 59.574 Thread 0x000001787bd5e060 Exception <a 'java/lang/ClassNotFoundException'{0x00000000ea8eff20}: org/gradle/initialization/DefaultSettings_DecoratedBeanInfo> (0x00000000ea8eff20) 
thrown [s\open\src\hotspot\share\classfile\systemDictionary.cpp, line 312]
Event: 59.576 Thread 0x000001787bd5e060 Exception <a 'java/lang/ClassNotFoundException'{0x00000000ea8fe520}: org/gradle/initialization/DefaultSettingsBeanInfo> (0x00000000ea8fe520) 
thrown [s\open\src\hotspot\share\classfile\systemDictionary.cpp, line 312]
Event: 59.577 Thread 0x000001787bd5e060 Exception <a 'java/lang/ClassNotFoundException'{0x00000000ea70cbd0}: org/gradle/initialization/DefaultSettingsCustomizer> (0x00000000ea70cbd0) 
thrown [s\open\src\hotspot\share\classfile\systemDictionary.cpp, line 312]
Event: 59.584 Thread 0x000001787bd5e060 Exception <a 'java/lang/ClassNotFoundException'{0x00000000ea7591b0}: org/gradle/initialization/DefaultSettings_DecoratedCustomizer> (0x00000000ea7591b0) 
thrown [s\open\src\hotspot\share\classfile\systemDictionary.cpp, line 312]
Event: 59.600 Thread 0x000001787bd5e060 Exception <a 'java/lang/ClassNotFoundException'{0x00000000ea7d3150}: org/gradle/initialization/DefaultProjectDescriptorBeanInfo> (0x00000000ea7d3150) 
thrown [s\open\src\hotspot\share\classfile\systemDictionary.cpp, line 312]
Event: 59.602 Thread 0x000001787bd5e060 Exception <a 'java/lang/ClassNotFoundException'{0x00000000ea7e0958}: org/gradle/initialization/DefaultProjectDescriptorCustomizer> (0x00000000ea7e0958) 
thrown [s\open\src\hotspot\share\classfile\systemDictionary.cpp, line 312]
Event: 60.877 Thread 0x000001787bd5e060 Exception <a 'java/lang/NoSuchMethodError'{0x00000000e97dcbf8}: 'long java.lang.invoke.DirectMethodHandle$Holder.invokeStatic(java.lang.Object, long)'> (0x00000000e97dcbf8) 
thrown [s\open\src\hotspot\share\interpreter\linkResolver.cpp, line 773]
Event: 61.374 Thread 0x000001787bd5e060 Exception <a 'java/lang/NoSuchMethodError'{0x00000000e9255b60}: 'java.lang.Object java.lang.invoke.DirectMethodHandle$Holder.invokeVirtual(java.lang.Object, java.lang.Object, java.lang.Object, java.lang.Object, java.lang.Object, java.lang.Object, java.lang.Object, java.lang.Object, java.lang.Object, java.lang.Object, java.lang.Object, java.lang.Object, java.lang.Object, java.lang.Object, java.lang.Object, java.lang.Object, java.lang.Object)'> (0x00000000e9255b60) 
thrown [s\open\src\hotspot\share\interpret
Event: 61.375 Thread 0x000001787bd5e060 Exception <a 'java/lang/NoSuchMethodError'{0x00000000e925ba10}: 'java.lang.Object java.lang.invoke.DirectMethodHandle$Holder.invokeSpecial(java.lang.Object, java.lang.Object, java.lang.Object, java.lang.Object, java.lang.Object, java.lang.Object, java.lang.Object, java.lang.Object, java.lang.Object, java.lang.Object, java.lang.Object, java.lang.Object, java.lang.Object, java.lang.Object, java.lang.Object, java.lang.Object, java.lang.Object, java.lang.Object)'> (0x00000000e925ba10) 
thrown [s\open\src\hotsp
Event: 61.375 Thread 0x000001787bd5e060 Exception <a 'java/lang/NoSuchMethodError'{0x00000000e9260f68}: 'java.lang.Object java.lang.invoke.DelegatingMethodHandle$Holder.reinvoke_L(java.lang.Object, java.lang.Object, java.lang.Object, java.lang.Object, java.lang.Object, java.lang.Object, java.lang.Object, java.lang.Object, java.lang.Object, java.lang.Object, java.lang.Object, java.lang.Object, java.lang.Object, java.lang.Object, java.lang.Object, java.lang.Object, java.lang.Object)'> (0x00000000e9260f68) 
thrown [s\open\src\hotspot\share\interpre

ZGC Phase Switch (0 events):
No events

VM Operations (20 events):
Event: 56.360 Executing VM operation: Cleanup
Event: 56.441 Executing VM operation: Cleanup done
Event: 57.442 Executing VM operation: Cleanup
Event: 57.443 Executing VM operation: Cleanup done
Event: 58.468 Executing VM operation: Cleanup
Event: 58.479 Executing VM operation: Cleanup done
Event: 58.583 Executing VM operation: HandshakeAllThreads (Deoptimize)
Event: 58.584 Executing VM operation: HandshakeAllThreads (Deoptimize) done
Event: 59.586 Executing VM operation: Cleanup
Event: 59.587 Executing VM operation: Cleanup done
Event: 60.086 Executing VM operation: HandshakeAllThreads (Deoptimize)
Event: 60.086 Executing VM operation: HandshakeAllThreads (Deoptimize) done
Event: 60.524 Executing VM operation: HandshakeAllThreads (HandshakeForDeflation)
Event: 60.524 Executing VM operation: HandshakeAllThreads (HandshakeForDeflation) done
Event: 60.524 Executing VM operation: RendezvousGCThreads
Event: 60.524 Executing VM operation: RendezvousGCThreads done
Event: 61.525 Executing VM operation: Cleanup
Event: 61.526 Executing VM operation: Cleanup done
Event: 62.534 Executing VM operation: Cleanup
Event: 62.534 Executing VM operation: Cleanup done

Events (20 events):
Event: 48.381 Thread 0x00000178610bf7c0 flushing nmethod 0x000001784e560610
Event: 48.381 Thread 0x00000178610bf7c0 flushing nmethod 0x000001784e561190
Event: 48.381 Thread 0x00000178610bf7c0 flushing nmethod 0x000001784e562210
Event: 48.381 Thread 0x00000178610bf7c0 flushing nmethod 0x000001784e565b90
Event: 48.381 Thread 0x00000178610bf7c0 flushing nmethod 0x000001784e567d90
Event: 48.381 Thread 0x00000178610bf7c0 flushing nmethod 0x000001784e589190
Event: 48.381 Thread 0x00000178610bf7c0 flushing nmethod 0x000001784e66ce10
Event: 48.381 Thread 0x00000178610bf7c0 flushing nmethod 0x000001784e744490
Event: 49.243 Thread 0x000001787cb9d820 Thread added: 0x000001787cb9d820
Event: 49.609 Thread 0x000001787cb9f260 Thread added: 0x000001787cb9f260
Event: 53.598 Thread 0x000001787cb9ff80 Thread added: 0x000001787cb9ff80
Event: 56.356 Thread 0x000001787cb9b0c0 Thread added: 0x000001787cb9b0c0
Event: 57.476 Thread 0x000001787cb9b750 Thread added: 0x000001787cb9b750
Event: 58.261 Thread 0x000001787ee90d10 Thread added: 0x000001787ee90d10
Event: 58.707 Thread 0x000001787cb99680 Thread added: 0x000001787cb99680
Event: 58.790 Thread 0x000001787ee90d10 Thread exited: 0x000001787ee90d10
Event: 59.113 Thread 0x000001787cb9bde0 Thread added: 0x000001787cb9bde0
Event: 59.548 Thread 0x000001787ee90d10 Thread added: 0x000001787ee90d10
Event: 62.481 Thread 0x000001787ee90d10 Thread exited: 0x000001787ee90d10
Event: 62.737 Thread 0x000001787c461400 Thread added: 0x000001787c461400


Dynamic libraries:
0x00007ff61fda0000 - 0x00007ff61fdb0000 	C:\Program Files\Java\jdk-21\bin\java.exe
0x00007ffac90d0000 - 0x00007ffac92e7000 	C:\WINDOWS\SYSTEM32\ntdll.dll
0x00007ffac7d20000 - 0x00007ffac7de4000 	C:\WINDOWS\System32\KERNEL32.DLL
0x00007ffac6420000 - 0x00007ffac67f3000 	C:\WINDOWS\System32\KERNELBASE.dll
0x00007ffac69f0000 - 0x00007ffac6b01000 	C:\WINDOWS\System32\ucrtbase.dll
0x00007ffab12c0000 - 0x00007ffab12db000 	C:\Program Files\Java\jdk-21\bin\VCRUNTIME140.dll
0x00007ffab05a0000 - 0x00007ffab05b9000 	C:\Program Files\Java\jdk-21\bin\jli.dll
0x00007ffac83b0000 - 0x00007ffac8461000 	C:\WINDOWS\System32\ADVAPI32.dll
0x00007ffac7970000 - 0x00007ffac7a17000 	C:\WINDOWS\System32\msvcrt.dll
0x00007ffac77a0000 - 0x00007ffac7848000 	C:\WINDOWS\System32\sechost.dll
0x00007ffac6b10000 - 0x00007ffac6b38000 	C:\WINDOWS\System32\bcrypt.dll
0x00007ffac7a40000 - 0x00007ffac7b54000 	C:\WINDOWS\System32\RPCRT4.dll
0x00007ffac7b60000 - 0x00007ffac7d11000 	C:\WINDOWS\System32\USER32.dll
0x00007ffac6b40000 - 0x00007ffac6b66000 	C:\WINDOWS\System32\win32u.dll
0x00007ffac76f0000 - 0x00007ffac7719000 	C:\WINDOWS\System32\GDI32.dll
0x00007ffab4710000 - 0x00007ffab49a8000 	C:\WINDOWS\WinSxS\amd64_microsoft.windows.common-controls_6595b64144ccf1df_6.0.22621.5124_none_270e8f4f7386d69d\COMCTL32.dll
0x00007ffac61e0000 - 0x00007ffac62fb000 	C:\WINDOWS\System32\gdi32full.dll
0x00007ffac6300000 - 0x00007ffac639a000 	C:\WINDOWS\System32\msvcp_win.dll
0x00007ffabd850000 - 0x00007ffabd85a000 	C:\WINDOWS\SYSTEM32\VERSION.dll
0x00007ffac76a0000 - 0x00007ffac76d1000 	C:\WINDOWS\System32\IMM32.DLL
0x00007ffab12b0000 - 0x00007ffab12bc000 	C:\Program Files\Java\jdk-21\bin\vcruntime140_1.dll
0x00007ffa980e0000 - 0x00007ffa9816e000 	C:\Program Files\Java\jdk-21\bin\msvcp140.dll
0x00007ffa43bc0000 - 0x00007ffa448da000 	C:\Program Files\Java\jdk-21\bin\server\jvm.dll
0x00007ffac8b50000 - 0x00007ffac8bc1000 	C:\WINDOWS\System32\WS2_32.dll
0x00007ffac0a40000 - 0x00007ffac0a74000 	C:\WINDOWS\SYSTEM32\WINMM.dll
0x00007ffac5a70000 - 0x00007ffac5abd000 	C:\WINDOWS\SYSTEM32\POWRPROF.dll
0x00007ffac5a50000 - 0x00007ffac5a63000 	C:\WINDOWS\SYSTEM32\UMPDC.dll
0x00007ffac51d0000 - 0x00007ffac51e8000 	C:\WINDOWS\SYSTEM32\kernel.appcore.dll
0x00007ffab08a0000 - 0x00007ffab08aa000 	C:\Program Files\Java\jdk-21\bin\jimage.dll
0x00007ffac3a20000 - 0x00007ffac3c52000 	C:\WINDOWS\SYSTEM32\DBGHELP.DLL
0x00007ffac8000000 - 0x00007ffac8392000 	C:\WINDOWS\System32\combase.dll
0x00007ffac7f20000 - 0x00007ffac7ff7000 	C:\WINDOWS\System32\OLEAUT32.dll
0x00007ffa9e9d0000 - 0x00007ffa9ea02000 	C:\WINDOWS\SYSTEM32\dbgcore.DLL
0x00007ffac63a0000 - 0x00007ffac641b000 	C:\WINDOWS\System32\bcryptPrimitives.dll
0x00007ffab04b0000 - 0x00007ffab04bf000 	C:\Program Files\Java\jdk-21\bin\instrument.dll
0x00007ffab03c0000 - 0x00007ffab03df000 	C:\Program Files\Java\jdk-21\bin\java.dll
0x00007ffac6d80000 - 0x00007ffac7616000 	C:\WINDOWS\System32\SHELL32.dll
0x00007ffac6b70000 - 0x00007ffac6caf000 	C:\WINDOWS\System32\wintypes.dll
0x00007ffac40b0000 - 0x00007ffac49ca000 	C:\WINDOWS\SYSTEM32\windows.storage.dll
0x00007ffac7e10000 - 0x00007ffac7f1a000 	C:\WINDOWS\System32\SHCORE.dll
0x00007ffac7720000 - 0x00007ffac7783000 	C:\WINDOWS\System32\shlwapi.dll
0x00007ffac6110000 - 0x00007ffac613b000 	C:\WINDOWS\SYSTEM32\profapi.dll
0x00007ffa98000000 - 0x00007ffa980d7000 	C:\Program Files\Java\jdk-21\bin\jsvml.dll
0x00007ffab0300000 - 0x00007ffab0318000 	C:\Program Files\Java\jdk-21\bin\zip.dll
0x00007ffab0420000 - 0x00007ffab0430000 	C:\Program Files\Java\jdk-21\bin\net.dll
0x00007ffac0f20000 - 0x00007ffac104c000 	C:\WINDOWS\SYSTEM32\WINHTTP.dll
0x00007ffac5640000 - 0x00007ffac56aa000 	C:\WINDOWS\system32\mswsock.dll
0x00007ffaaff20000 - 0x00007ffaaff36000 	C:\Program Files\Java\jdk-21\bin\nio.dll
0x00007ffaafe40000 - 0x00007ffaafe50000 	C:\Program Files\Java\jdk-21\bin\verify.dll
0x00007ffab12e0000 - 0x00007ffab1307000 	C:\Users\alsrb\.gradle\native\1def1411415f61bf3af743bc5b6707747c0891f09f0c88961ee8f79bc544acac\windows-amd64\native-platform.dll
0x00007ffa97c50000 - 0x00007ffa97cc8000 	C:\Users\alsrb\.gradle\native\0.2.7\x86_64-windows-gnu\gradle-fileevents.dll
0x00007ffaaf980000 - 0x00007ffaaf98a000 	C:\Program Files\Java\jdk-21\bin\management.dll
0x00007ffaaf970000 - 0x00007ffaaf97b000 	C:\Program Files\Java\jdk-21\bin\management_ext.dll
0x00007ffac6d70000 - 0x00007ffac6d78000 	C:\WINDOWS\System32\PSAPI.DLL
0x00007ffac4c30000 - 0x00007ffac4c5d000 	C:\WINDOWS\SYSTEM32\IPHLPAPI.DLL
0x00007ffac76e0000 - 0x00007ffac76e9000 	C:\WINDOWS\System32\NSI.dll
0x00007ffaae5b0000 - 0x00007ffaae5b9000 	C:\Program Files\Java\jdk-21\bin\extnet.dll
0x00007ffac5a10000 - 0x00007ffac5a2b000 	C:\WINDOWS\SYSTEM32\CRYPTSP.dll
0x00007ffac5130000 - 0x00007ffac5167000 	C:\WINDOWS\system32\rsaenh.dll
0x00007ffac56e0000 - 0x00007ffac5708000 	C:\WINDOWS\SYSTEM32\USERENV.dll
0x00007ffac59e0000 - 0x00007ffac59ec000 	C:\WINDOWS\SYSTEM32\CRYPTBASE.dll
0x00007ffaae5a0000 - 0x00007ffaae5ae000 	C:\Program Files\Java\jdk-21\bin\sunmscapi.dll
0x00007ffac6800000 - 0x00007ffac6967000 	C:\WINDOWS\System32\CRYPT32.dll
0x00007ffac5b70000 - 0x00007ffac5b9d000 	C:\WINDOWS\SYSTEM32\ncrypt.dll
0x00007ffac5b30000 - 0x00007ffac5b67000 	C:\WINDOWS\SYSTEM32\NTASN1.dll
0x00007ffa8b0f0000 - 0x00007ffa8b0f8000 	C:\WINDOWS\system32\wshunix.dll

dbghelp: loaded successfully - version: 4.0.5 - missing functions: none
symbol engine: initialized successfully - sym options: 0x614 - pdb path: .;C:\Program Files\Java\jdk-21\bin;C:\WINDOWS\SYSTEM32;C:\WINDOWS\WinSxS\amd64_microsoft.windows.common-controls_6595b64144ccf1df_6.0.22621.5124_none_270e8f4f7386d69d;C:\Program Files\Java\jdk-21\bin\server;C:\Users\alsrb\.gradle\native\1def1411415f61bf3af743bc5b6707747c0891f09f0c88961ee8f79bc544acac\windows-amd64;C:\Users\alsrb\.gradle\native\0.2.7\x86_64-windows-gnu

VM Arguments:
jvm_args: --add-opens=java.base/java.lang=ALL-UNNAMED --add-opens=java.base/java.lang.invoke=ALL-UNNAMED --add-opens=java.base/java.util=ALL-UNNAMED --add-opens=java.prefs/java.util.prefs=ALL-UNNAMED --add-exports=jdk.compiler/com.sun.tools.javac.api=ALL-UNNAMED --add-exports=jdk.compiler/com.sun.tools.javac.util=ALL-UNNAMED --add-opens=java.base/java.util=ALL-UNNAMED --add-opens=java.prefs/java.util.prefs=ALL-UNNAMED --add-opens=java.base/java.nio.charset=ALL-UNNAMED --add-opens=java.base/java.net=ALL-UNNAMED --add-opens=java.base/java.util.concurrent.atomic=ALL-UNNAMED --add-opens=java.xml/javax.xml.namespace=ALL-UNNAMED -XX:MaxMetaspaceSize=384m -XX:+HeapDumpOnOutOfMemoryError -Xms256m -Xmx512m -Dfile.encoding=UTF-8 -Duser.country=KR -Duser.language=ko -Duser.variant -javaagent:C:\Users\alsrb\.gradle\wrapper\dists\gradle-8.13-bin\5xuhj0ry160q40clulazy9h7d\gradle-8.13\lib\agents\gradle-instrumentation-agent-8.13.jar 
java_command: org.gradle.launcher.daemon.bootstrap.GradleDaemon 8.13
java_class_path (initial): C:\Users\alsrb\.gradle\wrapper\dists\gradle-8.13-bin\5xuhj0ry160q40clulazy9h7d\gradle-8.13\lib\gradle-daemon-main-8.13.jar
Launcher Type: SUN_STANDARD

[Global flags]
     intx CICompilerCount                          = 4                                         {product} {ergonomic}
   size_t CompressedClassSpaceSize                 = 335544320                                 {product} {ergonomic}
     uint ConcGCThreads                            = 2                                         {product} {ergonomic}
     uint G1ConcRefinementThreads                  = 8                                         {product} {ergonomic}
   size_t G1HeapRegionSize                         = 1048576                                   {product} {ergonomic}
    uintx GCDrainStackTargetSize                   = 64                                        {product} {ergonomic}
     bool HeapDumpOnOutOfMemoryError               = true                                   {manageable} {command line}
   size_t InitialHeapSize                          = 268435456                                 {product} {command line}
   size_t MarkStackSize                            = 4194304                                   {product} {ergonomic}
   size_t MaxHeapSize                              = 536870912                                 {product} {command line}
   size_t MaxMetaspaceSize                         = 402653184                                 {product} {command line}
   size_t MaxNewSize                               = 321912832                                 {product} {ergonomic}
   size_t MinHeapDeltaBytes                        = 1048576                                   {product} {ergonomic}
   size_t MinHeapSize                              = 268435456                                 {product} {command line}
    uintx NonNMethodCodeHeapSize                   = 5839372                                {pd product} {ergonomic}
    uintx NonProfiledCodeHeapSize                  = 122909434                              {pd product} {ergonomic}
    uintx ProfiledCodeHeapSize                     = 122909434                              {pd product} {ergonomic}
    uintx ReservedCodeCacheSize                    = 251658240                              {pd product} {ergonomic}
     bool SegmentedCodeCache                       = true                                      {product} {ergonomic}
   size_t SoftMaxHeapSize                          = 536870912                              {manageable} {ergonomic}
     bool UseCompressedOops                        = true                           {product lp64_product} {ergonomic}
     bool UseG1GC                                  = true                                      {product} {ergonomic}
     bool UseLargePagesIndividualAllocation        = false                                  {pd product} {ergonomic}

Logging:
Log output configuration:
 #0: stdout all=warning uptime,level,tags foldmultilines=false
 #1: stderr all=off uptime,level,tags foldmultilines=false

Environment Variables:
PATH=C:\Program Files\Common Files\Oracle\Java\javapath;C:\Python312\Scripts\;C:\Python312\;C:\app\alsrb\product\21c\dbhomeXE\bin;C:\Program Files (x86)\Intel\Intel(R) Management Engine Components\iCLS\;C:\Program Files\Intel\Intel(R) Management Engine Components\iCLS\;C:\WINDOWS\system32;C:\WINDOWS;C:\WINDOWS\System32\Wbem;C:\WINDOWS\System32\WindowsPowerShell\v1.0\;C:\WINDOWS\System32\OpenSSH\;C:\Program Files (x86)\NVIDIA Corporation\PhysX\Common;C:\Program Files (x86)\Intel\Intel(R) Management Engine Components\DAL;C:\Program Files\Intel\Intel(R) Management Engine Components\DAL;C:\Program Files\Intel\WiFi\bin\;C:\Program Files\Common Files\Intel\WirelessCommon\;C:\Program Files\Java\jre1.8.0_261;C:\Program Files\dotnet\;C:\WINDOWS\system32;C:\WINDOWS;C:\WINDOWS\System32\Wbem;C:\WINDOWS\System32\WindowsPowerShell\v1.0\;C:\WINDOWS\System32\OpenSSH\;C:\Program Files\Calibre2\;C:\ProgramData\chocolatey\bin;C:\Program Files\Git\cmd;C:\Users\alsrb\AppData\Local\Microsoft\WindowsApps;C:\Program Files\Intel\WiFi\bin\;C:\Program Files\Common Files\Intel\WirelessCommon\;C:\Program Files\Bandizip\;;C:\Users\alsrb\AppData\Local\afreeca;C:\Users\alsrb\AppData\Local\Programs\Microsoft VS Code\bin;C:\Users\alsrb\AppData\Local\SOOP;C:\Program Files\JetBrains\IntelliJ IDEA 2024.3.5\bin;
USERNAME=alsrb
OS=Windows_NT
PROCESSOR_IDENTIFIER=Intel64 Family 6 Model 142 Stepping 10, GenuineIntel
TMP=C:\Users\alsrb\AppData\Local\Temp
TEMP=C:\Users\alsrb\AppData\Local\Temp




Periodic native trim disabled

---------------  S Y S T E M  ---------------

OS:
 Windows 11 , 64 bit Build 22621 (10.0.22621.5124)
OS uptime: 4 days 19:23 hours
Hyper-V role detected

CPU: total 8 (initial active 8) (4 cores per cpu, 2 threads per core) family 6 model 142 stepping 10 microcode 0xe0, cx8, cmov, fxsr, ht, mmx, 3dnowpref, sse, sse2, sse3, ssse3, sse4.1, sse4.2, popcnt, lzcnt, tsc, tscinvbit, avx, avx2, aes, erms, clmul, bmi1, bmi2, adx, fma, vzeroupper, clflush, clflushopt, hv, rdtscp, f16c
Processor Information for processor 0
  Max Mhz: 1801, Current Mhz: 1600, Mhz Limit: 1584
Processor Information for processor 1
  Max Mhz: 1801, Current Mhz: 1600, Mhz Limit: 1584
Processor Information for processor 2
  Max Mhz: 1801, Current Mhz: 1600, Mhz Limit: 1584
Processor Information for processor 3
  Max Mhz: 1801, Current Mhz: 1600, Mhz Limit: 1584
Processor Information for processor 4
  Max Mhz: 1801, Current Mhz: 1600, Mhz Limit: 1584
Processor Information for processor 5
  Max Mhz: 1801, Current Mhz: 1600, Mhz Limit: 1584
Processor Information for processor 6
  Max Mhz: 1801, Current Mhz: 1500, Mhz Limit: 1584
Processor Information for processor 7
  Max Mhz: 1801, Current Mhz: 1600, Mhz Limit: 1584

Memory: 4k page, system-wide physical 8096M (410M free)
TotalPageFile size 32611M (AvailPageFile size 0M)
current process WorkingSet (physical memory assigned to process): 285M, peak: 308M
current process commit charge ("private bytes"): 448M, peak: 473M

vm_info: Java HotSpot(TM) 64-Bit Server VM (21.0.6+8-LTS-188) for windows-amd64 JRE (21.0.6+8-LTS-188), built on 2024-12-03T10:50:54Z by "mach5one" with MS VC++ 17.6 (VS2022)

END.
